#! /usr/bin/vvp
:ivl_version "12.0 (stable)";
:ivl_delay_selection "TYPICAL";
:vpi_time_precision + 0;
:vpi_module "/usr/lib/x86_64-linux-gnu/ivl/system.vpi";
:vpi_module "/usr/lib/x86_64-linux-gnu/ivl/vhdl_sys.vpi";
:vpi_module "/usr/lib/x86_64-linux-gnu/ivl/vhdl_textio.vpi";
:vpi_module "/usr/lib/x86_64-linux-gnu/ivl/v2005_math.vpi";
:vpi_module "/usr/lib/x86_64-linux-gnu/ivl/va_math.vpi";
:vpi_module "/usr/lib/x86_64-linux-gnu/ivl/v2009.vpi";
S_0x5bf8d817b700 .scope package, "$unit" "$unit" 2 1;
 .timescale 0 0;
S_0x5bf8d81837a0 .scope module, "testbench" "testbench" 3 1;
 .timescale 0 0;
S_0x5bf8d8184af0 .scope module, "tb_1" "testbench_1" 3 3, 4 1 0, S_0x5bf8d81837a0;
 .timescale 0 0;
P_0x5bf8d81884e0 .param/l "data_ptr_width" 1 4 5, +C4<00000000000000000000000000000010>;
P_0x5bf8d8188520 .param/l "n_inputs" 1 4 4, +C4<00000000000000000000000000000100>;
P_0x5bf8d8188560 .param/l "width" 1 4 3, +C4<00000000000000000000000000010000>;
v0x5bf8d81aadf0_0 .var "clk", 0 0;
v0x5bf8d81aaeb0_0 .var "current_data", 15 0;
v0x5bf8d81ab000_0 .var/queue "data_in_queue", 16;
v0x5bf8d81ab0a0_0 .var/queue "data_out_queue", 16;
v0x5bf8d81ab140_0 .var "data_ptr", 1 0;
v0x5bf8d81ab200_0 .var "delays", 14 0;
v0x5bf8d81ab2c0_0 .net "down_data", 15 0, L_0x5bf8d815af30;  1 drivers
v0x5bf8d81ab3b0_0 .net "down_vld", 0 0, L_0x5bf8d81b1190;  1 drivers
v0x5bf8d81ab480_0 .var "is_test_fail", 0 0;
v0x5bf8d81ab5b0_0 .var "res", 15 0;
v0x5bf8d81ab670_0 .var "res_expected", 15 0;
v0x5bf8d81ab750_0 .var "ring_one", 3 0;
v0x5bf8d81ab830_0 .var "rst", 0 0;
v0x5bf8d81ab8d0_0 .var "running", 0 0;
v0x5bf8d81ab990_0 .net "up_data", 63 0, L_0x5bf8d81b0dd0;  1 drivers
v0x5bf8d81aba90_0 .net "up_vlds", 3 0, L_0x5bf8d81b0c70;  1 drivers
E_0x5bf8d8126c20 .event anyedge, v0x5bf8d81ab8d0_0;
E_0x5bf8d8108780 .event anyedge, v0x5bf8d81ab8d0_0, v0x5bf8d81ab140_0;
E_0x5bf8d818b660 .event "finish";
E_0x5bf8d818b3b0 .event "all_combination_done";
L_0x5bf8d81aff20 .part v0x5bf8d81ab750_0, 0, 1;
L_0x5bf8d81b0020 .part v0x5bf8d81ab200_0, 0, 2;
L_0x5bf8d81b03d0 .part v0x5bf8d81ab750_0, 1, 1;
L_0x5bf8d81b04a0 .part v0x5bf8d81ab200_0, 3, 2;
L_0x5bf8d81b0730 .part v0x5bf8d81ab750_0, 2, 1;
L_0x5bf8d81b0800 .part v0x5bf8d81ab200_0, 6, 2;
L_0x5bf8d81b0a80 .part v0x5bf8d81ab750_0, 3, 1;
L_0x5bf8d81b0b50 .part v0x5bf8d81ab200_0, 9, 2;
L_0x5bf8d81b0c70 .concat8 [ 1 1 1 1], v0x5bf8d81a6ff0_0, v0x5bf8d81a8370_0, v0x5bf8d81a96e0_0, v0x5bf8d81aaa80_0;
L_0x5bf8d81b0dd0 .concat8 [ 16 16 16 16], v0x5bf8d81a6b50_0, v0x5bf8d81a7eb0_0, v0x5bf8d81a9220_0, v0x5bf8d81aa4a0_0;
S_0x5bf8d81675e0 .scope begin, "$ivl_for_loop1" "$ivl_for_loop1" 4 109, 4 109 0, S_0x5bf8d8184af0;
 .timescale 0 0;
v0x5bf8d8160cf0_0 .var/2s "i", 31 0;
S_0x5bf8d81a4970 .scope begin, "$ivl_for_loop2" "$ivl_for_loop2" 4 215, 4 215 0, S_0x5bf8d8184af0;
 .timescale 0 0;
v0x5bf8d8161590_0 .var/2s "l", 31 0;
S_0x5bf8d81a4bb0 .scope module, "DUT" "put_in_order" 4 15, 5 1 0, S_0x5bf8d8184af0;
 .timescale 0 0;
    .port_info 0 /INPUT 1 "clk";
    .port_info 1 /INPUT 1 "rst";
    .port_info 2 /INPUT 4 "up_vlds";
    .port_info 3 /INPUT 64 "up_data";
    .port_info 4 /OUTPUT 1 "down_vld";
    .port_info 5 /OUTPUT 16 "down_data";
P_0x5bf8d8185660 .param/l "n_inputs" 0 5 4, +C4<00000000000000000000000000000100>;
P_0x5bf8d81856a0 .param/l "width" 0 5 3, +C4<00000000000000000000000000010000>;
L_0x5bf8d8160890 .functor NOT 4, L_0x5bf8d81b0fc0, C4<0000>, C4<0000>, C4<0000>;
L_0x5bf8d8161430 .functor AND 4, v0x5bf8d81a5670_0, L_0x5bf8d8160890, C4<1111>, C4<1111>;
L_0x5bf8d815af30 .functor BUFZ 16, L_0x5bf8d81b1320, C4<0000000000000000>, C4<0000000000000000>, C4<0000000000000000>;
L_0x7b9cc206e018 .functor BUFT 1, C4<0001>, C4<0>, C4<0>, C4<0>;
v0x5bf8d815bad0_0 .net/2u *"_ivl_0", 3 0, L_0x7b9cc206e018;  1 drivers
v0x5bf8d815c3d0_0 .net *"_ivl_10", 15 0, L_0x5bf8d81b1320;  1 drivers
v0x5bf8d815cc70_0 .net *"_ivl_12", 3 0, L_0x5bf8d81b13c0;  1 drivers
L_0x7b9cc206e060 .functor BUFT 1, C4<00>, C4<0>, C4<0>, C4<0>;
v0x5bf8d81a5200_0 .net *"_ivl_15", 1 0, L_0x7b9cc206e060;  1 drivers
v0x5bf8d81a52e0_0 .net *"_ivl_2", 3 0, L_0x5bf8d81b0fc0;  1 drivers
v0x5bf8d81a5410_0 .net *"_ivl_4", 3 0, L_0x5bf8d8160890;  1 drivers
v0x5bf8d81a54f0 .array "buffer_data_a", 0 3, 15 0;
v0x5bf8d81a55b0 .array "buffer_data_b", 0 3, 15 0;
v0x5bf8d81a5670_0 .var "buffer_vld_a", 3 0;
v0x5bf8d81a5750_0 .var "buffer_vld_b", 3 0;
v0x5bf8d81a5830_0 .net "buffer_vld_next_a", 3 0, L_0x5bf8d8161430;  1 drivers
v0x5bf8d81a5910_0 .net "clk", 0 0, v0x5bf8d81aadf0_0;  1 drivers
v0x5bf8d81a59d0_0 .var "counter", 1 0;
v0x5bf8d81a5ab0_0 .net "down_data", 15 0, L_0x5bf8d815af30;  alias, 1 drivers
v0x5bf8d81a5b90_0 .net "down_vld", 0 0, L_0x5bf8d81b1190;  alias, 1 drivers
v0x5bf8d81a5c50_0 .net "rst", 0 0, v0x5bf8d81ab830_0;  1 drivers
v0x5bf8d81a5d10_0 .net "up_data", 63 0, L_0x5bf8d81b0dd0;  alias, 1 drivers
v0x5bf8d81a5dd0_0 .net "up_vlds", 3 0, L_0x5bf8d81b0c70;  alias, 1 drivers
E_0x5bf8d818b4c0 .event posedge, v0x5bf8d81a5910_0;
L_0x5bf8d81b0fc0 .shift/l 4, L_0x7b9cc206e018, v0x5bf8d81a59d0_0;
L_0x5bf8d81b1190 .part/v v0x5bf8d81a5670_0, v0x5bf8d81a59d0_0, 1;
L_0x5bf8d81b1320 .array/port v0x5bf8d81a54f0, L_0x5bf8d81b13c0;
L_0x5bf8d81b13c0 .concat [ 2 2 0 0], v0x5bf8d81a59d0_0, L_0x7b9cc206e060;
S_0x5bf8d81a4ee0 .scope begin, "$ivl_for_loop0" "$ivl_for_loop0" 5 55, 5 55 0, S_0x5bf8d81a4bb0;
 .timescale 0 0;
v0x5bf8d815b780_0 .var/2s "i", 31 0;
S_0x5bf8d81a5fb0 .scope generate, "input_generator[0]" "input_generator[0]" 4 129, 4 129 0, S_0x5bf8d8184af0;
 .timescale 0 0;
P_0x5bf8d81a6160 .param/l "i" 1 4 129, +C4<00>;
S_0x5bf8d81a6240 .scope module, "r_delay" "delay_data_model" 4 131, 6 10 0, S_0x5bf8d81a5fb0;
 .timescale 0 0;
    .port_info 0 /INPUT 1 "clk";
    .port_info 1 /INPUT 1 "rst";
    .port_info 2 /INPUT 1 "vld_in";
    .port_info 3 /INPUT 2 "out_delay";
    .port_info 4 /INPUT 16 "data_in";
    .port_info 5 /OUTPUT 1 "vld_out";
    .port_info 6 /OUTPUT 16 "data_out";
P_0x5bf8d8168c50 .param/l "delay_width" 1 6 27, +C4<00000000000000000000000000000010>;
P_0x5bf8d8168c90 .param/l "n_inputs" 0 6 13, +C4<00000000000000000000000000000100>;
P_0x5bf8d8168cd0 .param/l "width" 0 6 12, +C4<00000000000000000000000000010000>;
v0x5bf8d81a66e0_0 .net *"_ivl_15", 0 0, L_0x5bf8d81afe50;  1 drivers
v0x5bf8d81a67c0_0 .net *"_ivl_2", 0 0, L_0x5bf8d81afd80;  1 drivers
v0x5bf8d81a6880_0 .net "clk", 0 0, v0x5bf8d81aadf0_0;  alias, 1 drivers
v0x5bf8d81a6980_0 .net "data_in", 15 0, v0x5bf8d81aaeb0_0;  1 drivers
v0x5bf8d81a6a20_0 .var "data_lock", 15 0;
v0x5bf8d81a6b50_0 .var "data_out", 15 0;
v0x5bf8d81a6c30_0 .var "delay", 1 0;
v0x5bf8d81a6d10_0 .net "out_delay", 1 0, L_0x5bf8d81b0020;  1 drivers
v0x5bf8d81a6df0_0 .var "ready", 0 0;
v0x5bf8d81a6eb0_0 .net "rst", 0 0, v0x5bf8d81ab830_0;  alias, 1 drivers
v0x5bf8d81a6f50_0 .net "vld_in", 0 0, L_0x5bf8d81aff20;  1 drivers
v0x5bf8d81a6ff0_0 .var "vld_out", 0 0;
E_0x5bf8d81a65c0 .event anyedge, L_0x5bf8d81afe50;
E_0x5bf8d81a6640 .event anyedge, L_0x5bf8d81afd80;
E_0x5bf8d81a66a0 .event "delay_done";
L_0x5bf8d81afd80 .reduce/nor v0x5bf8d81ab830_0;
L_0x5bf8d81afe50 .reduce/nor v0x5bf8d81ab830_0;
S_0x5bf8d81a71d0 .scope generate, "input_generator[1]" "input_generator[1]" 4 129, 4 129 0, S_0x5bf8d8184af0;
 .timescale 0 0;
P_0x5bf8d81a73d0 .param/l "i" 1 4 129, +C4<01>;
S_0x5bf8d81a74b0 .scope module, "r_delay" "delay_data_model" 4 131, 6 10 0, S_0x5bf8d81a71d0;
 .timescale 0 0;
    .port_info 0 /INPUT 1 "clk";
    .port_info 1 /INPUT 1 "rst";
    .port_info 2 /INPUT 1 "vld_in";
    .port_info 3 /INPUT 2 "out_delay";
    .port_info 4 /INPUT 16 "data_in";
    .port_info 5 /OUTPUT 1 "vld_out";
    .port_info 6 /OUTPUT 16 "data_out";
P_0x5bf8d8168210 .param/l "delay_width" 1 6 27, +C4<00000000000000000000000000000010>;
P_0x5bf8d8168250 .param/l "n_inputs" 0 6 13, +C4<00000000000000000000000000000100>;
P_0x5bf8d8168290 .param/l "width" 0 6 12, +C4<00000000000000000000000000010000>;
v0x5bf8d81a7a40_0 .net *"_ivl_15", 0 0, L_0x5bf8d81b0300;  1 drivers
v0x5bf8d81a7b20_0 .net *"_ivl_2", 0 0, L_0x5bf8d81b0120;  1 drivers
v0x5bf8d81a7be0_0 .net "clk", 0 0, v0x5bf8d81aadf0_0;  alias, 1 drivers
v0x5bf8d81a7d00_0 .net "data_in", 15 0, v0x5bf8d81aaeb0_0;  alias, 1 drivers
v0x5bf8d81a7da0_0 .var "data_lock", 15 0;
v0x5bf8d81a7eb0_0 .var "data_out", 15 0;
v0x5bf8d81a7f90_0 .var "delay", 1 0;
v0x5bf8d81a8070_0 .net "out_delay", 1 0, L_0x5bf8d81b04a0;  1 drivers
v0x5bf8d81a8150_0 .var "ready", 0 0;
v0x5bf8d81a8210_0 .net "rst", 0 0, v0x5bf8d81ab830_0;  alias, 1 drivers
v0x5bf8d81a82b0_0 .net "vld_in", 0 0, L_0x5bf8d81b03d0;  1 drivers
v0x5bf8d81a8370_0 .var "vld_out", 0 0;
E_0x5bf8d81a7920 .event anyedge, L_0x5bf8d81b0300;
E_0x5bf8d81a79a0 .event anyedge, L_0x5bf8d81b0120;
E_0x5bf8d81a7a00 .event "delay_done";
L_0x5bf8d81b0120 .reduce/nor v0x5bf8d81ab830_0;
L_0x5bf8d81b0300 .reduce/nor v0x5bf8d81ab830_0;
S_0x5bf8d81a8550 .scope generate, "input_generator[2]" "input_generator[2]" 4 129, 4 129 0, S_0x5bf8d8184af0;
 .timescale 0 0;
P_0x5bf8d81a8750 .param/l "i" 1 4 129, +C4<010>;
S_0x5bf8d81a8830 .scope module, "r_delay" "delay_data_model" 4 131, 6 10 0, S_0x5bf8d81a8550;
 .timescale 0 0;
    .port_info 0 /INPUT 1 "clk";
    .port_info 1 /INPUT 1 "rst";
    .port_info 2 /INPUT 1 "vld_in";
    .port_info 3 /INPUT 2 "out_delay";
    .port_info 4 /INPUT 16 "data_in";
    .port_info 5 /OUTPUT 1 "vld_out";
    .port_info 6 /OUTPUT 16 "data_out";
P_0x5bf8d8176750 .param/l "delay_width" 1 6 27, +C4<00000000000000000000000000000010>;
P_0x5bf8d8176790 .param/l "n_inputs" 0 6 13, +C4<00000000000000000000000000000100>;
P_0x5bf8d81767d0 .param/l "width" 0 6 12, +C4<00000000000000000000000000010000>;
v0x5bf8d81a8d90_0 .net *"_ivl_15", 0 0, L_0x5bf8d81b0660;  1 drivers
v0x5bf8d81a8e70_0 .net *"_ivl_2", 0 0, L_0x5bf8d81b05c0;  1 drivers
v0x5bf8d81a8f30_0 .net "clk", 0 0, v0x5bf8d81aadf0_0;  alias, 1 drivers
v0x5bf8d81a9000_0 .net "data_in", 15 0, v0x5bf8d81aaeb0_0;  alias, 1 drivers
v0x5bf8d81a90f0_0 .var "data_lock", 15 0;
v0x5bf8d81a9220_0 .var "data_out", 15 0;
v0x5bf8d81a9300_0 .var "delay", 1 0;
v0x5bf8d81a93e0_0 .net "out_delay", 1 0, L_0x5bf8d81b0800;  1 drivers
v0x5bf8d81a94c0_0 .var "ready", 0 0;
v0x5bf8d81a9580_0 .net "rst", 0 0, v0x5bf8d81ab830_0;  alias, 1 drivers
v0x5bf8d81a9620_0 .net "vld_in", 0 0, L_0x5bf8d81b0730;  1 drivers
v0x5bf8d81a96e0_0 .var "vld_out", 0 0;
E_0x5bf8d81a8c70 .event anyedge, L_0x5bf8d81b0660;
E_0x5bf8d81a8cf0 .event anyedge, L_0x5bf8d81b05c0;
E_0x5bf8d81a8d50 .event "delay_done";
L_0x5bf8d81b05c0 .reduce/nor v0x5bf8d81ab830_0;
L_0x5bf8d81b0660 .reduce/nor v0x5bf8d81ab830_0;
S_0x5bf8d81a98c0 .scope generate, "input_generator[3]" "input_generator[3]" 4 129, 4 129 0, S_0x5bf8d8184af0;
 .timescale 0 0;
P_0x5bf8d81a9a70 .param/l "i" 1 4 129, +C4<011>;
S_0x5bf8d81a9b50 .scope module, "r_delay" "delay_data_model" 4 131, 6 10 0, S_0x5bf8d81a98c0;
 .timescale 0 0;
    .port_info 0 /INPUT 1 "clk";
    .port_info 1 /INPUT 1 "rst";
    .port_info 2 /INPUT 1 "vld_in";
    .port_info 3 /INPUT 2 "out_delay";
    .port_info 4 /INPUT 16 "data_in";
    .port_info 5 /OUTPUT 1 "vld_out";
    .port_info 6 /OUTPUT 16 "data_out";
P_0x5bf8d81734b0 .param/l "delay_width" 1 6 27, +C4<00000000000000000000000000000010>;
P_0x5bf8d81734f0 .param/l "n_inputs" 0 6 13, +C4<00000000000000000000000000000100>;
P_0x5bf8d8173530 .param/l "width" 0 6 12, +C4<00000000000000000000000000010000>;
v0x5bf8d81aa0b0_0 .net *"_ivl_15", 0 0, L_0x5bf8d81b09b0;  1 drivers
v0x5bf8d81aa190_0 .net *"_ivl_2", 0 0, L_0x5bf8d81b0910;  1 drivers
v0x5bf8d81aa250_0 .net "clk", 0 0, v0x5bf8d81aadf0_0;  alias, 1 drivers
v0x5bf8d81aa320_0 .net "data_in", 15 0, v0x5bf8d81aaeb0_0;  alias, 1 drivers
v0x5bf8d81aa3c0_0 .var "data_lock", 15 0;
v0x5bf8d81aa4a0_0 .var "data_out", 15 0;
v0x5bf8d81aa580_0 .var "delay", 1 0;
v0x5bf8d81aa660_0 .net "out_delay", 1 0, L_0x5bf8d81b0b50;  1 drivers
v0x5bf8d81aa740_0 .var "ready", 0 0;
v0x5bf8d81aa890_0 .net "rst", 0 0, v0x5bf8d81ab830_0;  alias, 1 drivers
v0x5bf8d81aa9c0_0 .net "vld_in", 0 0, L_0x5bf8d81b0a80;  1 drivers
v0x5bf8d81aaa80_0 .var "vld_out", 0 0;
E_0x5bf8d81a9f90 .event anyedge, L_0x5bf8d81b09b0;
E_0x5bf8d81aa010 .event anyedge, L_0x5bf8d81b0910;
E_0x5bf8d81aa070 .event "delay_done";
L_0x5bf8d81b0910 .reduce/nor v0x5bf8d81ab830_0;
L_0x5bf8d81b09b0 .reduce/nor v0x5bf8d81ab830_0;
S_0x5bf8d81aac60 .scope task, "reset" "reset" 4 39, 4 39 0, S_0x5bf8d8184af0;
 .timescale 0 0;
TD_testbench.tb_1.reset ;
    %pushi/vec4 1, 1, 1;
    %assign/vec4 v0x5bf8d81ab830_0, 0;
    %pushi/vec4 3, 0, 32;
T_0.0 %dup/vec4;
    %pushi/vec4 0, 0, 32;
    %cmp/s;
    %jmp/1xz T_0.1, 5;
    %jmp/1 T_0.1, 4;
    %pushi/vec4 1, 0, 32;
    %sub;
    %wait E_0x5bf8d818b4c0;
    %jmp T_0.0;
T_0.1 ;
    %pop/vec4 1;
    %pushi/vec4 1, 0, 1;
    %assign/vec4 v0x5bf8d81ab830_0, 0;
    %pushi/vec4 3, 0, 32;
T_0.2 %dup/vec4;
    %pushi/vec4 0, 0, 32;
    %cmp/s;
    %jmp/1xz T_0.3, 5;
    %jmp/1 T_0.3, 4;
    %pushi/vec4 1, 0, 32;
    %sub;
    %wait E_0x5bf8d818b4c0;
    %jmp T_0.2;
T_0.3 ;
    %pop/vec4 1;
    %pushi/vec4 0, 0, 1;
    %assign/vec4 v0x5bf8d81ab830_0, 0;
    %end;
S_0x5bf8d81abb60 .scope module, "tb_2" "testbench_2" 3 4, 7 3 0, S_0x5bf8d81837a0;
 .timescale 0 0;
P_0x5bf8d817cc50 .param/l "TIMEOUT" 1 7 219, +C4<00000000000000000010011100010000>;
P_0x5bf8d817cc90 .param/l "latency_width" 1 7 103, +C4<00000000000000000000000000000100>;
P_0x5bf8d817ccd0 .param/l "max_latency" 1 7 104, C4<1010>;
P_0x5bf8d817cd10 .param/l "max_ptr" 1 7 101, C4<1001>;
P_0x5bf8d817cd50 .param/l "n_inputs" 1 7 38, +C4<00000000000000000000000000001010>;
P_0x5bf8d817cd90 .param/l "ptr_width" 1 7 100, +C4<00000000000000000000000000000100>;
P_0x5bf8d817cdd0 .param/l "width" 1 7 38, +C4<00000000000000000000000000001000>;
v0x5bf8d81aee30_0 .var "clk", 0 0;
v0x5bf8d81aeef0_0 .var/2u "counter", 31 0;
v0x5bf8d81aefb0_0 .var/2u "cycle", 31 0;
v0x5bf8d81af0a0_0 .net "down_data", 7 0, L_0x5bf8d815bf70;  1 drivers
v0x5bf8d81af190_0 .var "down_data_expected", 7 0;
v0x5bf8d81af2a0_0 .net "down_vld", 0 0, L_0x5bf8d81c1770;  1 drivers
v0x5bf8d81af340_0 .var "pending", 9 0;
v0x5bf8d81af400_0 .var "pending_data", 79 0;
v0x5bf8d81af4f0_0 .var "pending_data_for_log", 79 0;
v0x5bf8d81af5e0_0 .var "pending_for_log", 9 0;
v0x5bf8d81af6c0_0 .var "pending_latency", 39 0;
v0x5bf8d81af7b0_0 .var "ptr", 3 0;
v0x5bf8d81af890_0 .var/queue "queue", 8;
v0x5bf8d81af930_0 .var "rst", 0 0;
v0x5bf8d81afa00_0 .var "up_data", 79 0;
v0x5bf8d81afb00_0 .var "up_vlds", 9 0;
v0x5bf8d81afbd0_0 .var/2u "was_reset", 0 0;
S_0x5bf8d81ac0e0 .scope begin, "$ivl_for_loop6" "$ivl_for_loop6" 7 188, 7 188 0, S_0x5bf8d81abb60;
 .timescale 0 0;
v0x5bf8d81ac270_0 .var/2s "i", 31 0;
S_0x5bf8d81ac370 .scope begin, "$ivl_for_loop7" "$ivl_for_loop7" 7 198, 7 198 0, S_0x5bf8d81abb60;
 .timescale 0 0;
v0x5bf8d81ac570_0 .var/2s "i", 31 0;
S_0x5bf8d81ac650 .scope module, "i_put_in_order" "put_in_order" 7 53, 5 1 0, S_0x5bf8d81abb60;
 .timescale 0 0;
    .port_info 0 /INPUT 1 "clk";
    .port_info 1 /INPUT 1 "rst";
    .port_info 2 /INPUT 10 "up_vlds";
    .port_info 3 /INPUT 80 "up_data";
    .port_info 4 /OUTPUT 1 "down_vld";
    .port_info 5 /OUTPUT 8 "down_data";
P_0x5bf8d81abd40 .param/l "n_inputs" 0 5 4, +C4<00000000000000000000000000001010>;
P_0x5bf8d81abd80 .param/l "width" 0 5 3, +C4<00000000000000000000000000001000>;
L_0x5bf8d815b660 .functor NOT 10, L_0x5bf8d81c15e0, C4<0000000000>, C4<0000000000>, C4<0000000000>;
L_0x5bf8d815b970 .functor AND 10, v0x5bf8d81ad530_0, L_0x5bf8d815b660, C4<1111111111>, C4<1111111111>;
L_0x5bf8d815bf70 .functor BUFZ 8, L_0x5bf8d81c1900, C4<00000000>, C4<00000000>, C4<00000000>;
L_0x7b9cc206e0a8 .functor BUFT 1, C4<0000000001>, C4<0>, C4<0>, C4<0>;
v0x5bf8d81acdf0_0 .net/2u *"_ivl_0", 9 0, L_0x7b9cc206e0a8;  1 drivers
v0x5bf8d81acef0_0 .net *"_ivl_10", 7 0, L_0x5bf8d81c1900;  1 drivers
v0x5bf8d81acfd0_0 .net *"_ivl_12", 4 0, L_0x5bf8d81c19a0;  1 drivers
L_0x7b9cc206e0f0 .functor BUFT 1, C4<0>, C4<0>, C4<0>, C4<0>;
v0x5bf8d81ad0c0_0 .net *"_ivl_15", 0 0, L_0x7b9cc206e0f0;  1 drivers
v0x5bf8d81ad1a0_0 .net *"_ivl_2", 9 0, L_0x5bf8d81c15e0;  1 drivers
v0x5bf8d81ad2d0_0 .net *"_ivl_4", 9 0, L_0x5bf8d815b660;  1 drivers
v0x5bf8d81ad3b0 .array "buffer_data_a", 0 9, 7 0;
v0x5bf8d81ad470 .array "buffer_data_b", 0 9, 7 0;
v0x5bf8d81ad530_0 .var "buffer_vld_a", 9 0;
v0x5bf8d81ad610_0 .var "buffer_vld_b", 9 0;
v0x5bf8d81ad6f0_0 .net "buffer_vld_next_a", 9 0, L_0x5bf8d815b970;  1 drivers
v0x5bf8d81ad7d0_0 .net "clk", 0 0, v0x5bf8d81aee30_0;  1 drivers
v0x5bf8d81ad890_0 .var "counter", 3 0;
v0x5bf8d81ad970_0 .net "down_data", 7 0, L_0x5bf8d815bf70;  alias, 1 drivers
v0x5bf8d81ada50_0 .net "down_vld", 0 0, L_0x5bf8d81c1770;  alias, 1 drivers
v0x5bf8d81adb10_0 .net "rst", 0 0, v0x5bf8d81af930_0;  1 drivers
v0x5bf8d81adbd0_0 .net "up_data", 79 0, v0x5bf8d81afa00_0;  1 drivers
v0x5bf8d81adc90_0 .net "up_vlds", 9 0, v0x5bf8d81afb00_0;  1 drivers
E_0x5bf8d81aca90 .event posedge, v0x5bf8d81ad7d0_0;
L_0x5bf8d81c15e0 .shift/l 10, L_0x7b9cc206e0a8, v0x5bf8d81ad890_0;
L_0x5bf8d81c1770 .part/v v0x5bf8d81ad530_0, v0x5bf8d81ad890_0, 1;
L_0x5bf8d81c1900 .array/port v0x5bf8d81ad3b0, L_0x5bf8d81c19a0;
L_0x5bf8d81c19a0 .concat [ 4 1 0 0], v0x5bf8d81ad890_0, L_0x7b9cc206e0f0;
S_0x5bf8d81acaf0 .scope begin, "$ivl_for_loop0" "$ivl_for_loop0" 5 55, 5 55 0, S_0x5bf8d81ac650;
 .timescale 0 0;
v0x5bf8d81accf0_0 .var/2s "i", 31 0;
S_0x5bf8d81ade70 .scope task, "receive" "receive" 7 60, 7 60 0, S_0x5bf8d81abb60;
 .timescale 0 0;
TD_testbench.tb_2.receive ;
T_1.4 ;
    %wait E_0x5bf8d81aca90;
    %load/vec4 v0x5bf8d81af2a0_0;
    %flag_set/vec4 8;
    %jmp/0xz  T_1.5, 8;
    %vpi_func 7 68 "$size" 32, v0x5bf8d81af890_0 {0 0 0};
    %cmpi/e 0, 0, 32;
    %jmp/0xz  T_1.7, 4;
    %vpi_call/w 7 70 "$display", "FAIL %s", "04_13_put_in_order/testbench_2.sv" {0 0 0};
    %vpi_func 7 73 "$size" 32, v0x5bf8d81af890_0 {0 0 0};
    %vpi_func/s 7 73 "$sformatf", "queue.size ():%0d", S<0,vec4,s32> {1 0 0};
    %vpi_call/w 7 72 "$display", "++ TEST     => {%s}", S<0,str> {0 0 1};
    %vpi_call/w 7 75 "$finish", 32'sb00000000000000000000000000000001 {0 0 0};
    %jmp T_1.8;
T_1.7 ;
    %qpop/f/v v0x5bf8d81af890_0, 8;
    %store/vec4 v0x5bf8d81af190_0, 0, 8;
    %load/vec4 v0x5bf8d81af0a0_0;
    %load/vec4 v0x5bf8d81af190_0;
    %cmp/ne;
    %jmp/0xz  T_1.9, 6;
    %vpi_call/w 7 83 "$display", "FAIL %s", "04_13_put_in_order/testbench_2.sv" {0 0 0};
    %vpi_func/s 7 86 "$sformatf", "down_data:%h", v0x5bf8d81af0a0_0 {0 0 0};
    %vpi_func/s 7 86 "$sformatf", "down_data_expected:%h", v0x5bf8d81af190_0 {0 0 0};
    %vpi_call/w 7 85 "$display", "++ TEST     => {%s, %s}", S<1,str>, S<0,str> {0 0 2};
    %vpi_call/w 7 88 "$finish", 32'sb00000000000000000000000000000001 {0 0 0};
T_1.9 ;
T_1.8 ;
T_1.5 ;
    %jmp T_1.4;
    %end;
S_0x5bf8d81ae000 .scope task, "run" "run" 7 221, 7 221 0, S_0x5bf8d81abb60;
 .timescale 0 0;
E_0x5bf8d818b620 .event negedge, v0x5bf8d81adb10_0;
TD_testbench.tb_2.run ;
    %wait E_0x5bf8d818b620;
    %fork t_1, S_0x5bf8d81ae000;
    %fork t_2, S_0x5bf8d81ae000;
    %fork t_3, S_0x5bf8d81ae000;
    %join;
    %join/detach 2;
    %jmp t_0;
t_1 ;
    %pushi/vec4 1000, 0, 32;
    %store/vec4 v0x5bf8d81aed30_0, 0, 32;
    %fork TD_testbench.tb_2.send, S_0x5bf8d81ae270;
    %join;
    %end;
t_2 ;
    %fork TD_testbench.tb_2.receive, S_0x5bf8d81ade70;
    %join;
    %end;
t_3 ;
    %pushi/vec4 10000, 0, 32;
T_2.11 %dup/vec4;
    %pushi/vec4 0, 0, 32;
    %cmp/s;
    %jmp/1xz T_2.12, 5;
    %jmp/1 T_2.12, 4;
    %pushi/vec4 1, 0, 32;
    %sub;
    %wait E_0x5bf8d81aca90;
    %jmp T_2.11;
T_2.12 ;
    %pop/vec4 1;
    %vpi_call/w 7 238 "$display", "FAIL: timeout!" {0 0 0};
    %vpi_call/w 7 239 "$finish", 32'sb00000000000000000000000000000001 {0 0 0};
    %end;
    .scope S_0x5bf8d81ae000;
t_0 ;
    %vpi_call/w 7 243 "$display", "\012PASS %s", "04_13_put_in_order/testbench_2.sv" {0 0 0};
    %end;
S_0x5bf8d81ae270 .scope task, "send" "send" 7 115, 7 115 0, S_0x5bf8d81abb60;
 .timescale 0 0;
v0x5bf8d81aed30_0 .var/2s "n_reps", 31 0;
TD_testbench.tb_2.send ;
    %pushi/vec4 0, 0, 4;
    %store/vec4 v0x5bf8d81af7b0_0, 0, 4;
    %pushi/vec4 0, 0, 10;
    %store/vec4 v0x5bf8d81af340_0, 0, 10;
    %fork t_5, S_0x5bf8d81ae450;
    %jmp t_4;
    .scope S_0x5bf8d81ae450;
t_5 ;
    %pushi/vec4 0, 0, 32;
    %store/vec4 v0x5bf8d81aec30_0, 0, 32;
T_3.13 ;
    %load/vec4 v0x5bf8d81aec30_0;
    %load/vec4 v0x5bf8d81aed30_0;
    %cmp/s;
    %jmp/1 T_3.15, 5;
    %flag_mov 8, 5;
    %load/vec4 v0x5bf8d81af340_0;
    %cmpi/ne 0, 0, 10;
    %flag_or 4, 8;
    %flag_mov 5, 4;
T_3.15;
    %jmp/0xz T_3.14, 5;
    %fork t_7, S_0x5bf8d81ae650;
    %jmp t_6;
    .scope S_0x5bf8d81ae650;
t_7 ;
    %pushi/vec4 0, 0, 32;
    %store/vec4 v0x5bf8d81ae850_0, 0, 32;
T_3.16 ;
    %load/vec4 v0x5bf8d81ae850_0;
    %cmpi/s 10, 0, 32;
    %jmp/0xz T_3.17, 5;
    %load/vec4 v0x5bf8d81af6c0_0;
    %load/vec4 v0x5bf8d81ae850_0;
    %pad/s 34;
    %muli 4, 0, 34;
    %part/s 4;
    %pad/u 32;
    %cmpi/u 0, 0, 32;
    %flag_or 5, 4; GT is !LE
    %flag_inv 5;
    %jmp/0xz  T_3.18, 5;
    ; show_stmt_assign_vector: Get l-value for compressed -= operand
    %load/vec4 v0x5bf8d81af6c0_0;
    %load/vec4 v0x5bf8d81ae850_0;
    %pad/s 34;
    %muli 4, 0, 34;
    %dup/vec4;
    %ix/vec4 4;
    %flag_mov 8, 4;
    %part/u 4;
    %pushi/vec4 1, 0, 4;
    %sub;
    %flag_mov 4, 8;
    %store/vec4 v0x5bf8d81af6c0_0, 4, 4;
T_3.18 ;
    ; show_stmt_assign_vector: Get l-value for compressed += operand
    %load/vec4 v0x5bf8d81ae850_0;
    %pushi/vec4 1, 0, 32;
    %add;
    %cast2;
    %store/vec4 v0x5bf8d81ae850_0, 0, 32;
    %jmp T_3.16;
T_3.17 ;
    %end;
    .scope S_0x5bf8d81ae450;
t_6 %join;
    %vpi_func 7 128 "$urandom_range" 32, 32'sb00000000000000000000000000000000, 32'sb00000000000000000000000001100100 {0 0 0};
    %cmpi/u 80, 0, 32;
    %jmp/0xz  T_3.20, 5;
    %load/vec4 v0x5bf8d81af340_0;
    %load/vec4 v0x5bf8d81af7b0_0;
    %part/u 1;
    %inv;
    %flag_set/vec4 8;
    %jmp/0xz  T_3.22, 8;
    %jmp T_3.23;
T_3.22 ;
    %vpi_call/w 7 130 "$error" {0 0 0};
T_3.23 ;
    %pushi/vec4 1, 0, 1;
    %ix/getv 4, v0x5bf8d81af7b0_0;
    %store/vec4 v0x5bf8d81af340_0, 4, 1;
    %load/vec4 v0x5bf8d81aeef0_0;
    %cmpi/u 30, 0, 32;
    %jmp/0xz  T_3.24, 5;
    %load/vec4 v0x5bf8d81aeef0_0;
    %dup/vec4;
    %pushi/vec4 1, 0, 32;
    %add;
    %store/vec4 v0x5bf8d81aeef0_0, 0, 32;
    %pad/u 8;
    %load/vec4 v0x5bf8d81af7b0_0;
    %pad/u 7;
    %muli 8, 0, 7;
    %ix/vec4 4;
    %store/vec4 v0x5bf8d81af400_0, 4, 8;
    %jmp T_3.25;
T_3.24 ;
    %vpi_func 7 137 "$urandom" 32 {0 0 0};
    %pad/u 8;
    %load/vec4 v0x5bf8d81af7b0_0;
    %pad/u 7;
    %muli 8, 0, 7;
    %ix/vec4 4;
    %store/vec4 v0x5bf8d81af400_0, 4, 8;
T_3.25 ;
    %vpi_func 7 139 "$urandom_range" 32, 32'sb00000000000000000000000000000000, 32'b00000000000000000000000000001001 {0 0 0};
    %pad/u 4;
    %load/vec4 v0x5bf8d81af7b0_0;
    %pad/u 6;
    %muli 4, 0, 6;
    %ix/vec4 4;
    %store/vec4 v0x5bf8d81af6c0_0, 4, 4;
    %ix/load 4, 0, 0;
    %load/vec4 v0x5bf8d81af400_0;
    %load/vec4 v0x5bf8d81af7b0_0;
    %pad/u 7;
    %muli 8, 0, 7;
    %part/u 8;
    %store/qb/v v0x5bf8d81af890_0, 4, 8;
    %load/vec4 v0x5bf8d81af7b0_0;
    %cmpi/e 9, 0, 4;
    %jmp/0xz  T_3.26, 4;
    %pushi/vec4 0, 0, 4;
    %store/vec4 v0x5bf8d81af7b0_0, 0, 4;
    %jmp T_3.27;
T_3.26 ;
    ; show_stmt_assign_vector: Get l-value for compressed += operand
    %load/vec4 v0x5bf8d81af7b0_0;
    %pushi/vec4 1, 0, 4;
    %add;
    %store/vec4 v0x5bf8d81af7b0_0, 0, 4;
T_3.27 ;
T_3.20 ;
    %pushi/vec4 0, 0, 10;
    %assign/vec4 v0x5bf8d81afb00_0, 0;
    %pushi/vec4 4294967295, 4294967295, 32;
    %concati/vec4 4294967295, 4294967295, 32;
    %concati/vec4 65535, 65535, 16;
    %assign/vec4 v0x5bf8d81afa00_0, 0;
    %fork t_9, S_0x5bf8d81ae950;
    %jmp t_8;
    .scope S_0x5bf8d81ae950;
t_9 ;
    %pushi/vec4 0, 0, 32;
    %store/vec4 v0x5bf8d81aeb50_0, 0, 32;
T_3.28 ;
    %load/vec4 v0x5bf8d81aeb50_0;
    %cmpi/s 10, 0, 32;
    %jmp/0xz T_3.29, 5;
    %load/vec4 v0x5bf8d81af340_0;
    %load/vec4 v0x5bf8d81aeb50_0;
    %part/s 1;
    %flag_set/vec4 9;
    %flag_get/vec4 9;
    %jmp/0 T_3.32, 9;
    %load/vec4 v0x5bf8d81af6c0_0;
    %load/vec4 v0x5bf8d81aeb50_0;
    %pad/s 34;
    %muli 4, 0, 34;
    %part/s 4;
    %pad/u 32;
    %pushi/vec4 0, 0, 32;
    %cmp/e;
    %flag_get/vec4 4;
    %and;
T_3.32;
    %flag_set/vec4 8;
    %jmp/0xz  T_3.30, 8;
    %pushi/vec4 0, 0, 1;
    %ix/getv/s 4, v0x5bf8d81aeb50_0;
    %store/vec4 v0x5bf8d81af340_0, 4, 1;
    %pushi/vec4 1, 0, 1;
    %ix/load 5, 0, 0;
    %ix/getv/s 4, v0x5bf8d81aeb50_0;
    %assign/vec4/off/d v0x5bf8d81afb00_0, 4, 5;
    %load/vec4 v0x5bf8d81af400_0;
    %load/vec4 v0x5bf8d81aeb50_0;
    %pad/s 35;
    %muli 8, 0, 35;
    %part/s 8;
    %ix/load 5, 0, 0;
    %load/vec4 v0x5bf8d81aeb50_0;
    %pad/s 35;
    %muli 8, 0, 35;
    %ix/vec4/s 4;
    %assign/vec4/off/d v0x5bf8d81afa00_0, 4, 5;
T_3.30 ;
    ; show_stmt_assign_vector: Get l-value for compressed += operand
    %load/vec4 v0x5bf8d81aeb50_0;
    %pushi/vec4 1, 0, 32;
    %add;
    %cast2;
    %store/vec4 v0x5bf8d81aeb50_0, 0, 32;
    %jmp T_3.28;
T_3.29 ;
    %end;
    .scope S_0x5bf8d81ae450;
t_8 %join;
    %load/vec4 v0x5bf8d81af340_0;
    %assign/vec4 v0x5bf8d81af5e0_0, 0;
    %load/vec4 v0x5bf8d81af400_0;
    %assign/vec4 v0x5bf8d81af4f0_0, 0;
    %wait E_0x5bf8d81aca90;
    ; show_stmt_assign_vector: Get l-value for compressed += operand
    %load/vec4 v0x5bf8d81aec30_0;
    %pushi/vec4 1, 0, 32;
    %add;
    %cast2;
    %store/vec4 v0x5bf8d81aec30_0, 0, 32;
    %jmp T_3.13;
T_3.14 ;
    %end;
    .scope S_0x5bf8d81ae270;
t_4 %join;
    %pushi/vec4 0, 0, 10;
    %assign/vec4 v0x5bf8d81afb00_0, 0;
    %pushi/vec4 4294967295, 4294967295, 32;
    %concati/vec4 4294967295, 4294967295, 32;
    %concati/vec4 65535, 65535, 16;
    %assign/vec4 v0x5bf8d81afa00_0, 0;
    %pushi/vec4 10, 0, 32;
T_3.33 %dup/vec4;
    %pushi/vec4 0, 0, 32;
    %cmp/s;
    %jmp/1xz T_3.34, 5;
    %jmp/1 T_3.34, 4;
    %pushi/vec4 1, 0, 32;
    %sub;
    %wait E_0x5bf8d81aca90;
    %jmp T_3.33;
T_3.34 ;
    %pop/vec4 1;
    %end;
S_0x5bf8d81ae450 .scope begin, "$ivl_for_loop3" "$ivl_for_loop3" 7 120, 7 120 0, S_0x5bf8d81ae270;
 .timescale 0 0;
v0x5bf8d81aec30_0 .var/2s "rep", 31 0;
S_0x5bf8d81ae650 .scope begin, "$ivl_for_loop4" "$ivl_for_loop4" 7 122, 7 122 0, S_0x5bf8d81ae450;
 .timescale 0 0;
v0x5bf8d81ae850_0 .var/2s "i", 31 0;
S_0x5bf8d81ae950 .scope begin, "$ivl_for_loop5" "$ivl_for_loop5" 7 151, 7 151 0, S_0x5bf8d81ae450;
 .timescale 0 0;
v0x5bf8d81aeb50_0 .var/2s "i", 31 0;
    .scope S_0x5bf8d81a6240;
T_4 ;
    %pushi/vec4 0, 0, 16;
    %assign/vec4 v0x5bf8d81a6a20_0, 0;
    %pushi/vec4 0, 0, 2;
    %assign/vec4 v0x5bf8d81a6c30_0, 0;
    %pushi/vec4 1, 0, 1;
    %assign/vec4 v0x5bf8d81a6df0_0, 0;
    %wait E_0x5bf8d81a6640;
T_4.0 ;
T_4.1 ;
    %load/vec4 v0x5bf8d81a6f50_0;
    %inv;
    %flag_set/vec4 8;
    %jmp/0xz T_4.2, 8;
    %wait E_0x5bf8d818b4c0;
    %jmp T_4.1;
T_4.2 ;
    %pushi/vec4 0, 0, 1;
    %assign/vec4 v0x5bf8d81a6df0_0, 0;
    %load/vec4 v0x5bf8d81a6980_0;
    %assign/vec4 v0x5bf8d81a6a20_0, 0;
    %load/vec4 v0x5bf8d81a6d10_0;
    %assign/vec4 v0x5bf8d81a6c30_0, 0;
    %load/vec4 v0x5bf8d81a6c30_0;
    %pad/u 32;
T_4.3 %dup/vec4;
    %pushi/vec4 0, 0, 32;
    %cmp/u;
    %jmp/1 T_4.4, 4;
    %pushi/vec4 1, 0, 32;
    %sub;
    %wait E_0x5bf8d818b4c0;
    %jmp T_4.3;
T_4.4 ;
    %pop/vec4 1;
    %pushi/vec4 1, 0, 1;
    %assign/vec4 v0x5bf8d81a6df0_0, 0;
    %wait E_0x5bf8d818b4c0;
    %event E_0x5bf8d81a66a0;
    %jmp T_4.0;
    %end;
    .thread T_4;
    .scope S_0x5bf8d81a6240;
T_5 ;
    %pushi/vec4 0, 0, 1;
    %assign/vec4 v0x5bf8d81a6ff0_0, 0;
    %pushi/vec4 0, 0, 16;
    %assign/vec4 v0x5bf8d81a6b50_0, 0;
    %wait E_0x5bf8d81a65c0;
T_5.0 ;
    %wait E_0x5bf8d81a66a0;
    %pushi/vec4 1, 0, 1;
    %assign/vec4 v0x5bf8d81a6ff0_0, 0;
    %load/vec4 v0x5bf8d81a6a20_0;
    %assign/vec4 v0x5bf8d81a6b50_0, 0;
    %wait E_0x5bf8d818b4c0;
    %pushi/vec4 0, 0, 1;
    %assign/vec4 v0x5bf8d81a6ff0_0, 0;
    %jmp T_5.0;
    %end;
    .thread T_5;
    .scope S_0x5bf8d81a6240;
T_6 ;
T_6.0 ;
    %wait E_0x5bf8d818b4c0;
    %load/vec4 v0x5bf8d81a6f50_0;
    %flag_set/vec4 9;
    %flag_get/vec4 9;
    %jmp/0 T_6.3, 9;
    %load/vec4 v0x5bf8d81a6df0_0;
    %nor/r;
    %and;
T_6.3;
    %flag_set/vec4 8;
    %jmp/0xz  T_6.1, 8;
    %vpi_call/w 6 79 "$warning", "Repeated vld_in when block in process. Current vld_in will be ignored. Time: ", $realtime {0 0 0};
T_6.1 ;
    %jmp T_6.0;
    %end;
    .thread T_6;
    .scope S_0x5bf8d81a74b0;
T_7 ;
    %pushi/vec4 0, 0, 16;
    %assign/vec4 v0x5bf8d81a7da0_0, 0;
    %pushi/vec4 0, 0, 2;
    %assign/vec4 v0x5bf8d81a7f90_0, 0;
    %pushi/vec4 1, 0, 1;
    %assign/vec4 v0x5bf8d81a8150_0, 0;
    %wait E_0x5bf8d81a79a0;
T_7.0 ;
T_7.1 ;
    %load/vec4 v0x5bf8d81a82b0_0;
    %inv;
    %flag_set/vec4 8;
    %jmp/0xz T_7.2, 8;
    %wait E_0x5bf8d818b4c0;
    %jmp T_7.1;
T_7.2 ;
    %pushi/vec4 0, 0, 1;
    %assign/vec4 v0x5bf8d81a8150_0, 0;
    %load/vec4 v0x5bf8d81a7d00_0;
    %assign/vec4 v0x5bf8d81a7da0_0, 0;
    %load/vec4 v0x5bf8d81a8070_0;
    %assign/vec4 v0x5bf8d81a7f90_0, 0;
    %load/vec4 v0x5bf8d81a7f90_0;
    %pad/u 32;
T_7.3 %dup/vec4;
    %pushi/vec4 0, 0, 32;
    %cmp/u;
    %jmp/1 T_7.4, 4;
    %pushi/vec4 1, 0, 32;
    %sub;
    %wait E_0x5bf8d818b4c0;
    %jmp T_7.3;
T_7.4 ;
    %pop/vec4 1;
    %pushi/vec4 1, 0, 1;
    %assign/vec4 v0x5bf8d81a8150_0, 0;
    %wait E_0x5bf8d818b4c0;
    %event E_0x5bf8d81a7a00;
    %jmp T_7.0;
    %end;
    .thread T_7;
    .scope S_0x5bf8d81a74b0;
T_8 ;
    %pushi/vec4 0, 0, 1;
    %assign/vec4 v0x5bf8d81a8370_0, 0;
    %pushi/vec4 0, 0, 16;
    %assign/vec4 v0x5bf8d81a7eb0_0, 0;
    %wait E_0x5bf8d81a7920;
T_8.0 ;
    %wait E_0x5bf8d81a7a00;
    %pushi/vec4 1, 0, 1;
    %assign/vec4 v0x5bf8d81a8370_0, 0;
    %load/vec4 v0x5bf8d81a7da0_0;
    %assign/vec4 v0x5bf8d81a7eb0_0, 0;
    %wait E_0x5bf8d818b4c0;
    %pushi/vec4 0, 0, 1;
    %assign/vec4 v0x5bf8d81a8370_0, 0;
    %jmp T_8.0;
    %end;
    .thread T_8;
    .scope S_0x5bf8d81a74b0;
T_9 ;
T_9.0 ;
    %wait E_0x5bf8d818b4c0;
    %load/vec4 v0x5bf8d81a82b0_0;
    %flag_set/vec4 9;
    %flag_get/vec4 9;
    %jmp/0 T_9.3, 9;
    %load/vec4 v0x5bf8d81a8150_0;
    %nor/r;
    %and;
T_9.3;
    %flag_set/vec4 8;
    %jmp/0xz  T_9.1, 8;
    %vpi_call/w 6 79 "$warning", "Repeated vld_in when block in process. Current vld_in will be ignored. Time: ", $realtime {0 0 0};
T_9.1 ;
    %jmp T_9.0;
    %end;
    .thread T_9;
    .scope S_0x5bf8d81a8830;
T_10 ;
    %pushi/vec4 0, 0, 16;
    %assign/vec4 v0x5bf8d81a90f0_0, 0;
    %pushi/vec4 0, 0, 2;
    %assign/vec4 v0x5bf8d81a9300_0, 0;
    %pushi/vec4 1, 0, 1;
    %assign/vec4 v0x5bf8d81a94c0_0, 0;
    %wait E_0x5bf8d81a8cf0;
T_10.0 ;
T_10.1 ;
    %load/vec4 v0x5bf8d81a9620_0;
    %inv;
    %flag_set/vec4 8;
    %jmp/0xz T_10.2, 8;
    %wait E_0x5bf8d818b4c0;
    %jmp T_10.1;
T_10.2 ;
    %pushi/vec4 0, 0, 1;
    %assign/vec4 v0x5bf8d81a94c0_0, 0;
    %load/vec4 v0x5bf8d81a9000_0;
    %assign/vec4 v0x5bf8d81a90f0_0, 0;
    %load/vec4 v0x5bf8d81a93e0_0;
    %assign/vec4 v0x5bf8d81a9300_0, 0;
    %load/vec4 v0x5bf8d81a9300_0;
    %pad/u 32;
T_10.3 %dup/vec4;
    %pushi/vec4 0, 0, 32;
    %cmp/u;
    %jmp/1 T_10.4, 4;
    %pushi/vec4 1, 0, 32;
    %sub;
    %wait E_0x5bf8d818b4c0;
    %jmp T_10.3;
T_10.4 ;
    %pop/vec4 1;
    %pushi/vec4 1, 0, 1;
    %assign/vec4 v0x5bf8d81a94c0_0, 0;
    %wait E_0x5bf8d818b4c0;
    %event E_0x5bf8d81a8d50;
    %jmp T_10.0;
    %end;
    .thread T_10;
    .scope S_0x5bf8d81a8830;
T_11 ;
    %pushi/vec4 0, 0, 1;
    %assign/vec4 v0x5bf8d81a96e0_0, 0;
    %pushi/vec4 0, 0, 16;
    %assign/vec4 v0x5bf8d81a9220_0, 0;
    %wait E_0x5bf8d81a8c70;
T_11.0 ;
    %wait E_0x5bf8d81a8d50;
    %pushi/vec4 1, 0, 1;
    %assign/vec4 v0x5bf8d81a96e0_0, 0;
    %load/vec4 v0x5bf8d81a90f0_0;
    %assign/vec4 v0x5bf8d81a9220_0, 0;
    %wait E_0x5bf8d818b4c0;
    %pushi/vec4 0, 0, 1;
    %assign/vec4 v0x5bf8d81a96e0_0, 0;
    %jmp T_11.0;
    %end;
    .thread T_11;
    .scope S_0x5bf8d81a8830;
T_12 ;
T_12.0 ;
    %wait E_0x5bf8d818b4c0;
    %load/vec4 v0x5bf8d81a9620_0;
    %flag_set/vec4 9;
    %flag_get/vec4 9;
    %jmp/0 T_12.3, 9;
    %load/vec4 v0x5bf8d81a94c0_0;
    %nor/r;
    %and;
T_12.3;
    %flag_set/vec4 8;
    %jmp/0xz  T_12.1, 8;
    %vpi_call/w 6 79 "$warning", "Repeated vld_in when block in process. Current vld_in will be ignored. Time: ", $realtime {0 0 0};
T_12.1 ;
    %jmp T_12.0;
    %end;
    .thread T_12;
    .scope S_0x5bf8d81a9b50;
T_13 ;
    %pushi/vec4 0, 0, 16;
    %assign/vec4 v0x5bf8d81aa3c0_0, 0;
    %pushi/vec4 0, 0, 2;
    %assign/vec4 v0x5bf8d81aa580_0, 0;
    %pushi/vec4 1, 0, 1;
    %assign/vec4 v0x5bf8d81aa740_0, 0;
    %wait E_0x5bf8d81aa010;
T_13.0 ;
T_13.1 ;
    %load/vec4 v0x5bf8d81aa9c0_0;
    %inv;
    %flag_set/vec4 8;
    %jmp/0xz T_13.2, 8;
    %wait E_0x5bf8d818b4c0;
    %jmp T_13.1;
T_13.2 ;
    %pushi/vec4 0, 0, 1;
    %assign/vec4 v0x5bf8d81aa740_0, 0;
    %load/vec4 v0x5bf8d81aa320_0;
    %assign/vec4 v0x5bf8d81aa3c0_0, 0;
    %load/vec4 v0x5bf8d81aa660_0;
    %assign/vec4 v0x5bf8d81aa580_0, 0;
    %load/vec4 v0x5bf8d81aa580_0;
    %pad/u 32;
T_13.3 %dup/vec4;
    %pushi/vec4 0, 0, 32;
    %cmp/u;
    %jmp/1 T_13.4, 4;
    %pushi/vec4 1, 0, 32;
    %sub;
    %wait E_0x5bf8d818b4c0;
    %jmp T_13.3;
T_13.4 ;
    %pop/vec4 1;
    %pushi/vec4 1, 0, 1;
    %assign/vec4 v0x5bf8d81aa740_0, 0;
    %wait E_0x5bf8d818b4c0;
    %event E_0x5bf8d81aa070;
    %jmp T_13.0;
    %end;
    .thread T_13;
    .scope S_0x5bf8d81a9b50;
T_14 ;
    %pushi/vec4 0, 0, 1;
    %assign/vec4 v0x5bf8d81aaa80_0, 0;
    %pushi/vec4 0, 0, 16;
    %assign/vec4 v0x5bf8d81aa4a0_0, 0;
    %wait E_0x5bf8d81a9f90;
T_14.0 ;
    %wait E_0x5bf8d81aa070;
    %pushi/vec4 1, 0, 1;
    %assign/vec4 v0x5bf8d81aaa80_0, 0;
    %load/vec4 v0x5bf8d81aa3c0_0;
    %assign/vec4 v0x5bf8d81aa4a0_0, 0;
    %wait E_0x5bf8d818b4c0;
    %pushi/vec4 0, 0, 1;
    %assign/vec4 v0x5bf8d81aaa80_0, 0;
    %jmp T_14.0;
    %end;
    .thread T_14;
    .scope S_0x5bf8d81a9b50;
T_15 ;
T_15.0 ;
    %wait E_0x5bf8d818b4c0;
    %load/vec4 v0x5bf8d81aa9c0_0;
    %flag_set/vec4 9;
    %flag_get/vec4 9;
    %jmp/0 T_15.3, 9;
    %load/vec4 v0x5bf8d81aa740_0;
    %nor/r;
    %and;
T_15.3;
    %flag_set/vec4 8;
    %jmp/0xz  T_15.1, 8;
    %vpi_call/w 6 79 "$warning", "Repeated vld_in when block in process. Current vld_in will be ignored. Time: ", $realtime {0 0 0};
T_15.1 ;
    %jmp T_15.0;
    %end;
    .thread T_15;
    .scope S_0x5bf8d81a4bb0;
T_16 ;
    %wait E_0x5bf8d818b4c0;
    %load/vec4 v0x5bf8d81a5c50_0;
    %flag_set/vec4 8;
    %jmp/0xz  T_16.0, 8;
    %pushi/vec4 0, 0, 2;
    %assign/vec4 v0x5bf8d81a59d0_0, 0;
    %pushi/vec4 0, 0, 4;
    %assign/vec4 v0x5bf8d81a5670_0, 0;
    %pushi/vec4 0, 0, 4;
    %assign/vec4 v0x5bf8d81a5750_0, 0;
    %jmp T_16.1;
T_16.0 ;
    %load/vec4 v0x5bf8d81a5670_0;
    %load/vec4 v0x5bf8d81a59d0_0;
    %part/u 1;
    %flag_set/vec4 8;
    %jmp/0xz  T_16.2, 8;
    %load/vec4 v0x5bf8d81a59d0_0;
    %pad/u 32;
    %cmpi/u 3, 0, 32;
    %flag_inv 5; GE is !LT
    %flag_mov 8, 5;
    %jmp/0 T_16.4, 8;
    %pushi/vec4 0, 0, 2;
    %jmp/1 T_16.5, 8;
T_16.4 ; End of true expr.
    %load/vec4 v0x5bf8d81a59d0_0;
    %addi 1, 0, 2;
    %jmp/0 T_16.5, 8;
 ; End of false expr.
    %blend;
T_16.5;
    %assign/vec4 v0x5bf8d81a59d0_0, 0;
T_16.2 ;
    %load/vec4 v0x5bf8d81a5750_0;
    %pushi/vec4 1, 0, 4;
    %ix/getv 4, v0x5bf8d81a59d0_0;
    %shiftl 4;
    %inv;
    %and;
    %load/vec4 v0x5bf8d81a5830_0;
    %load/vec4 v0x5bf8d81a5dd0_0;
    %and;
    %or;
    %assign/vec4 v0x5bf8d81a5750_0, 0;
    %load/vec4 v0x5bf8d81a5830_0;
    %load/vec4 v0x5bf8d81a5750_0;
    %or;
    %load/vec4 v0x5bf8d81a5dd0_0;
    %or;
    %assign/vec4 v0x5bf8d81a5670_0, 0;
T_16.1 ;
    %fork t_11, S_0x5bf8d81a4ee0;
    %jmp t_10;
    .scope S_0x5bf8d81a4ee0;
t_11 ;
    %pushi/vec4 0, 0, 32;
    %store/vec4 v0x5bf8d815b780_0, 0, 32;
T_16.6 ;
    %load/vec4 v0x5bf8d815b780_0;
    %cmpi/s 4, 0, 32;
    %jmp/0xz T_16.7, 5;
    %load/vec4 v0x5bf8d81a5830_0;
    %load/vec4 v0x5bf8d815b780_0;
    %part/s 1;
    %nor/r;
    %flag_set/vec4 8;
    %jmp/0xz  T_16.8, 8;
    %load/vec4 v0x5bf8d81a5dd0_0;
    %load/vec4 v0x5bf8d815b780_0;
    %part/s 1;
    %flag_set/vec4 8;
    %jmp/0xz  T_16.10, 8;
    %load/vec4 v0x5bf8d81a5d10_0;
    %load/vec4 v0x5bf8d815b780_0;
    %pad/s 36;
    %muli 16, 0, 36;
    %part/s 16;
    %ix/getv/s 3, v0x5bf8d815b780_0;
    %ix/load 4, 0, 0; Constant delay
    %assign/vec4/a/d v0x5bf8d81a54f0, 0, 4;
T_16.10 ;
T_16.8 ;
    %load/vec4 v0x5bf8d81a5dd0_0;
    %load/vec4 v0x5bf8d815b780_0;
    %part/s 1;
    %flag_set/vec4 9;
    %flag_get/vec4 9;
    %jmp/0 T_16.14, 9;
    %load/vec4 v0x5bf8d81a5670_0;
    %load/vec4 v0x5bf8d815b780_0;
    %part/s 1;
    %and;
T_16.14;
    %flag_set/vec4 8;
    %jmp/0xz  T_16.12, 8;
    %load/vec4 v0x5bf8d81a5d10_0;
    %load/vec4 v0x5bf8d815b780_0;
    %pad/s 36;
    %muli 16, 0, 36;
    %part/s 16;
    %ix/getv/s 3, v0x5bf8d815b780_0;
    %ix/load 4, 0, 0; Constant delay
    %assign/vec4/a/d v0x5bf8d81a55b0, 0, 4;
T_16.12 ;
    ; show_stmt_assign_vector: Get l-value for compressed += operand
    %load/vec4 v0x5bf8d815b780_0;
    %pushi/vec4 1, 0, 32;
    %add;
    %cast2;
    %store/vec4 v0x5bf8d815b780_0, 0, 32;
    %jmp T_16.6;
T_16.7 ;
    %end;
    .scope S_0x5bf8d81a4bb0;
t_10 %join;
    %jmp T_16;
    .thread T_16;
    .scope S_0x5bf8d8184af0;
T_17 ;
    %pushi/vec4 1, 0, 1;
    %store/vec4 v0x5bf8d81aadf0_0, 0, 1;
T_17.0 ;
    %delay 5, 0;
    %load/vec4 v0x5bf8d81aadf0_0;
    %inv;
    %store/vec4 v0x5bf8d81aadf0_0, 0, 1;
    %jmp T_17.0;
    %end;
    .thread T_17;
    .scope S_0x5bf8d8184af0;
T_18 ;
    %pushi/vec4 0, 0, 2;
    %assign/vec4 v0x5bf8d81ab140_0, 0;
T_18.0 ;
    %load/vec4 v0x5bf8d81ab8d0_0;
    %cmpi/ne 1, 0, 1;
    %jmp/0xz T_18.1, 6;
    %wait E_0x5bf8d8126c20;
    %jmp T_18.0;
T_18.1 ;
    %wait E_0x5bf8d818b4c0;
T_18.2 ;
    %load/vec4 v0x5bf8d81ab140_0;
    %addi 1, 0, 2;
    %assign/vec4 v0x5bf8d81ab140_0, 0;
    %load/vec4 v0x5bf8d81ab140_0;
    %cmpi/u 3, 0, 2;
    %flag_inv 5; GE is !LT
    %jmp/0xz  T_18.3, 5;
    %pushi/vec4 0, 0, 2;
    %assign/vec4 v0x5bf8d81ab140_0, 0;
T_18.3 ;
    %wait E_0x5bf8d818b4c0;
    %jmp T_18.2;
    %end;
    .thread T_18;
    .scope S_0x5bf8d8184af0;
T_19 ;
Ewait_0 .event/or E_0x5bf8d8108780, E_0x0;
    %wait Ewait_0;
    %pushi/vec4 0, 0, 4;
    %store/vec4 v0x5bf8d81ab750_0, 0, 4;
    %load/vec4 v0x5bf8d81ab8d0_0;
    %flag_set/vec4 8;
    %jmp/0xz  T_19.0, 8;
    %pushi/vec4 0, 0, 4;
    %store/vec4 v0x5bf8d81ab750_0, 0, 4;
    %pushi/vec4 1, 0, 1;
    %ix/getv 4, v0x5bf8d81ab140_0;
    %store/vec4 v0x5bf8d81ab750_0, 4, 1;
T_19.0 ;
    %jmp T_19;
    .thread T_19, $push;
    .scope S_0x5bf8d8184af0;
T_20 ;
    %wait E_0x5bf8d818b4c0;
    %load/vec4 v0x5bf8d81ab830_0;
    %flag_set/vec4 8;
    %jmp/0xz  T_20.0, 8;
    %pushi/vec4 0, 0, 16;
    %assign/vec4 v0x5bf8d81aaeb0_0, 0;
    %jmp T_20.1;
T_20.0 ;
    %load/vec4 v0x5bf8d81ab8d0_0;
    %flag_set/vec4 8;
    %jmp/0xz  T_20.2, 8;
    %load/vec4 v0x5bf8d81aaeb0_0;
    %addi 1, 0, 16;
    %assign/vec4 v0x5bf8d81aaeb0_0, 0;
T_20.2 ;
T_20.1 ;
    %jmp T_20;
    .thread T_20;
    .scope S_0x5bf8d8184af0;
T_21 ;
    %pushi/vec4 0, 0, 15;
    %store/vec4 v0x5bf8d81ab200_0, 0, 15;
T_21.0 ;
    %load/vec4 v0x5bf8d81ab8d0_0;
    %cmpi/ne 1, 0, 1;
    %jmp/0xz T_21.1, 6;
    %wait E_0x5bf8d8126c20;
    %jmp T_21.0;
T_21.1 ;
    %wait E_0x5bf8d818b4c0;
T_21.2 ;
    %pushi/vec4 4, 0, 32;
T_21.3 %dup/vec4;
    %pushi/vec4 0, 0, 32;
    %cmp/s;
    %jmp/1xz T_21.4, 5;
    %jmp/1 T_21.4, 4;
    %pushi/vec4 1, 0, 32;
    %sub;
    %wait E_0x5bf8d818b4c0;
    %jmp T_21.3;
T_21.4 ;
    %pop/vec4 1;
    %load/vec4 v0x5bf8d81ab200_0;
    %parti/s 3, 0, 2;
    %addi 1, 0, 3;
    %ix/load 4, 0, 0;
    %flag_set/imm 4, 0;
    %store/vec4 v0x5bf8d81ab200_0, 4, 3;
    %fork t_13, S_0x5bf8d81675e0;
    %jmp t_12;
    .scope S_0x5bf8d81675e0;
t_13 ;
    %pushi/vec4 0, 0, 32;
    %store/vec4 v0x5bf8d8160cf0_0, 0, 32;
T_21.5 ;
    %load/vec4 v0x5bf8d8160cf0_0;
    %cmpi/s 4, 0, 32;
    %jmp/0xz T_21.6, 5;
    %load/vec4 v0x5bf8d81ab200_0;
    %load/vec4 v0x5bf8d8160cf0_0;
    %pad/s 34;
    %muli 3, 0, 34;
    %part/s 3;
    %pad/u 32;
    %cmpi/u 4, 0, 32;
    %flag_inv 5; GE is !LT
    %jmp/0xz  T_21.7, 5;
    %pushi/vec4 0, 0, 3;
    %load/vec4 v0x5bf8d8160cf0_0;
    %pad/s 34;
    %muli 3, 0, 34;
    %ix/vec4/s 4;
    %store/vec4 v0x5bf8d81ab200_0, 4, 3;
    %load/vec4 v0x5bf8d81ab200_0;
    %load/vec4 v0x5bf8d8160cf0_0;
    %addi 1, 0, 32;
    %pad/s 34;
    %muli 3, 0, 34;
    %part/s 3;
    %addi 1, 0, 3;
    %load/vec4 v0x5bf8d8160cf0_0;
    %addi 1, 0, 32;
    %pad/s 34;
    %muli 3, 0, 34;
    %ix/vec4/s 4;
    %store/vec4 v0x5bf8d81ab200_0, 4, 3;
T_21.7 ;
    %load/vec4 v0x5bf8d8160cf0_0;
    %addi 1, 0, 32;
    %cast2;
    %store/vec4 v0x5bf8d8160cf0_0, 0, 32;
    %jmp T_21.5;
T_21.6 ;
    %end;
    .scope S_0x5bf8d8184af0;
t_12 %join;
    %load/vec4 v0x5bf8d81ab200_0;
    %parti/s 3, 12, 5;
    %cmpi/u 0, 0, 3;
    %flag_or 5, 4; GT is !LE
    %flag_inv 5;
    %jmp/0xz  T_21.9, 5;
    %event E_0x5bf8d818b3b0;
T_21.9 ;
    %jmp T_21.2;
    %end;
    .thread T_21;
    .scope S_0x5bf8d8184af0;
T_22 ;
    %vpi_call/w 4 151 "$dumpvars" {0 0 0};
    %pushi/vec4 0, 0, 1;
    %assign/vec4 v0x5bf8d81ab8d0_0, 0;
    %fork TD_testbench.tb_1.reset, S_0x5bf8d81aac60;
    %join;
    %pushi/vec4 1, 0, 1;
    %assign/vec4 v0x5bf8d81ab8d0_0, 0;
    %wait E_0x5bf8d818b3b0;
    %pushi/vec4 0, 0, 1;
    %assign/vec4 v0x5bf8d81ab8d0_0, 0;
    %pushi/vec4 5, 0, 32;
T_22.0 %dup/vec4;
    %pushi/vec4 0, 0, 32;
    %cmp/s;
    %jmp/1xz T_22.1, 5;
    %jmp/1 T_22.1, 4;
    %pushi/vec4 1, 0, 32;
    %sub;
    %wait E_0x5bf8d818b4c0;
    %jmp T_22.0;
T_22.1 ;
    %pop/vec4 1;
    %event E_0x5bf8d818b660;
    %wait E_0x5bf8d818b4c0;
    %vpi_call/w 4 170 "$finish" {0 0 0};
    %end;
    .thread T_22;
    .scope S_0x5bf8d8184af0;
T_23 ;
T_23.0 ;
    %wait E_0x5bf8d818b4c0;
    %load/vec4 v0x5bf8d81ab8d0_0;
    %flag_set/vec4 8;
    %jmp/0xz  T_23.1, 8;
    %ix/load 4, 0, 0;
    %load/vec4 v0x5bf8d81aaeb0_0;
    %store/qb/v v0x5bf8d81ab000_0, 4, 16;
T_23.1 ;
    %jmp T_23.0;
    %end;
    .thread T_23;
    .scope S_0x5bf8d8184af0;
T_24 ;
T_24.0 ;
    %wait E_0x5bf8d818b4c0;
    %load/vec4 v0x5bf8d81ab3b0_0;
    %flag_set/vec4 8;
    %jmp/0xz  T_24.1, 8;
    %ix/load 4, 0, 0;
    %load/vec4 v0x5bf8d81ab2c0_0;
    %store/qb/v v0x5bf8d81ab0a0_0, 4, 16;
T_24.1 ;
    %jmp T_24.0;
    %end;
    .thread T_24;
    .scope S_0x5bf8d8184af0;
T_25 ;
    %wait E_0x5bf8d818b660;
    %pushi/vec4 0, 0, 1;
    %store/vec4 v0x5bf8d81ab480_0, 0, 1;
    %vpi_func 4 213 "$size" 32, v0x5bf8d81ab000_0 {0 0 0};
    %vpi_call/w 4 213 "$info", "Qeueue size: %d", S<0,vec4,s32> {1 0 0};
    %fork t_15, S_0x5bf8d81a4970;
    %jmp t_14;
    .scope S_0x5bf8d81a4970;
t_15 ;
    %pushi/vec4 0, 0, 32;
    %store/vec4 v0x5bf8d8161590_0, 0, 32;
T_25.0 ;
    %load/vec4 v0x5bf8d8161590_0;
    %vpi_func 4 215 "$size" 32, v0x5bf8d81ab000_0 {0 0 0};
    %cmp/s;
    %jmp/0xz T_25.1, 5;
    %qpop/f/v v0x5bf8d81ab000_0, 16;
    %store/vec4 v0x5bf8d81ab670_0, 0, 16;
    %qpop/f/v v0x5bf8d81ab0a0_0, 16;
    %store/vec4 v0x5bf8d81ab5b0_0, 0, 16;
    %load/vec4 v0x5bf8d81ab670_0;
    %load/vec4 v0x5bf8d81ab5b0_0;
    %cmp/ne;
    %jmp/0xz  T_25.2, 6;
    %vpi_call/w 4 220 "$warning", "Test failed. Expected output %d, but get %d", v0x5bf8d81ab670_0, v0x5bf8d81ab5b0_0 {0 0 0};
    %pushi/vec4 1, 0, 1;
    %store/vec4 v0x5bf8d81ab480_0, 0, 1;
T_25.2 ;
    %load/vec4 v0x5bf8d8161590_0;
    %addi 1, 0, 32;
    %cast2;
    %store/vec4 v0x5bf8d8161590_0, 0, 32;
    %jmp T_25.0;
T_25.1 ;
    %end;
    .scope S_0x5bf8d8184af0;
t_14 %join;
    %load/vec4 v0x5bf8d81ab480_0;
    %flag_set/vec4 8;
    %jmp/0xz  T_25.4, 8;
    %vpi_call/w 4 226 "$display", "FAIL %s - see above", "04_13_put_in_order/testbench_1.sv" {0 0 0};
    %jmp T_25.5;
T_25.4 ;
    %vpi_call/w 4 228 "$display", "PASS %s", "04_13_put_in_order/testbench_1.sv" {0 0 0};
T_25.5 ;
    %end;
    .thread T_25;
    .scope S_0x5bf8d81ac650;
T_26 ;
    %wait E_0x5bf8d81aca90;
    %load/vec4 v0x5bf8d81adb10_0;
    %flag_set/vec4 8;
    %jmp/0xz  T_26.0, 8;
    %pushi/vec4 0, 0, 4;
    %assign/vec4 v0x5bf8d81ad890_0, 0;
    %pushi/vec4 0, 0, 10;
    %assign/vec4 v0x5bf8d81ad530_0, 0;
    %pushi/vec4 0, 0, 10;
    %assign/vec4 v0x5bf8d81ad610_0, 0;
    %jmp T_26.1;
T_26.0 ;
    %load/vec4 v0x5bf8d81ad530_0;
    %load/vec4 v0x5bf8d81ad890_0;
    %part/u 1;
    %flag_set/vec4 8;
    %jmp/0xz  T_26.2, 8;
    %load/vec4 v0x5bf8d81ad890_0;
    %pad/u 32;
    %cmpi/u 9, 0, 32;
    %flag_inv 5; GE is !LT
    %flag_mov 8, 5;
    %jmp/0 T_26.4, 8;
    %pushi/vec4 0, 0, 4;
    %jmp/1 T_26.5, 8;
T_26.4 ; End of true expr.
    %load/vec4 v0x5bf8d81ad890_0;
    %addi 1, 0, 4;
    %jmp/0 T_26.5, 8;
 ; End of false expr.
    %blend;
T_26.5;
    %assign/vec4 v0x5bf8d81ad890_0, 0;
T_26.2 ;
    %load/vec4 v0x5bf8d81ad610_0;
    %pushi/vec4 1, 0, 10;
    %ix/getv 4, v0x5bf8d81ad890_0;
    %shiftl 4;
    %inv;
    %and;
    %load/vec4 v0x5bf8d81ad6f0_0;
    %load/vec4 v0x5bf8d81adc90_0;
    %and;
    %or;
    %assign/vec4 v0x5bf8d81ad610_0, 0;
    %load/vec4 v0x5bf8d81ad6f0_0;
    %load/vec4 v0x5bf8d81ad610_0;
    %or;
    %load/vec4 v0x5bf8d81adc90_0;
    %or;
    %assign/vec4 v0x5bf8d81ad530_0, 0;
T_26.1 ;
    %fork t_17, S_0x5bf8d81acaf0;
    %jmp t_16;
    .scope S_0x5bf8d81acaf0;
t_17 ;
    %pushi/vec4 0, 0, 32;
    %store/vec4 v0x5bf8d81accf0_0, 0, 32;
T_26.6 ;
    %load/vec4 v0x5bf8d81accf0_0;
    %cmpi/s 10, 0, 32;
    %jmp/0xz T_26.7, 5;
    %load/vec4 v0x5bf8d81ad6f0_0;
    %load/vec4 v0x5bf8d81accf0_0;
    %part/s 1;
    %nor/r;
    %flag_set/vec4 8;
    %jmp/0xz  T_26.8, 8;
    %load/vec4 v0x5bf8d81adc90_0;
    %load/vec4 v0x5bf8d81accf0_0;
    %part/s 1;
    %flag_set/vec4 8;
    %jmp/0xz  T_26.10, 8;
    %load/vec4 v0x5bf8d81adbd0_0;
    %load/vec4 v0x5bf8d81accf0_0;
    %pad/s 35;
    %muli 8, 0, 35;
    %part/s 8;
    %ix/getv/s 3, v0x5bf8d81accf0_0;
    %ix/load 4, 0, 0; Constant delay
    %assign/vec4/a/d v0x5bf8d81ad3b0, 0, 4;
T_26.10 ;
T_26.8 ;
    %load/vec4 v0x5bf8d81adc90_0;
    %load/vec4 v0x5bf8d81accf0_0;
    %part/s 1;
    %flag_set/vec4 9;
    %flag_get/vec4 9;
    %jmp/0 T_26.14, 9;
    %load/vec4 v0x5bf8d81ad530_0;
    %load/vec4 v0x5bf8d81accf0_0;
    %part/s 1;
    %and;
T_26.14;
    %flag_set/vec4 8;
    %jmp/0xz  T_26.12, 8;
    %load/vec4 v0x5bf8d81adbd0_0;
    %load/vec4 v0x5bf8d81accf0_0;
    %pad/s 35;
    %muli 8, 0, 35;
    %part/s 8;
    %ix/getv/s 3, v0x5bf8d81accf0_0;
    %ix/load 4, 0, 0; Constant delay
    %assign/vec4/a/d v0x5bf8d81ad470, 0, 4;
T_26.12 ;
    ; show_stmt_assign_vector: Get l-value for compressed += operand
    %load/vec4 v0x5bf8d81accf0_0;
    %pushi/vec4 1, 0, 32;
    %add;
    %cast2;
    %store/vec4 v0x5bf8d81accf0_0, 0, 32;
    %jmp T_26.6;
T_26.7 ;
    %end;
    .scope S_0x5bf8d81ac650;
t_16 %join;
    %jmp T_26;
    .thread T_26;
    .scope S_0x5bf8d81abb60;
T_27 ;
    %pushi/vec4 0, 0, 1;
    %store/vec4 v0x5bf8d81afbd0_0, 0, 1;
    %pushi/vec4 0, 0, 32;
    %store/vec4 v0x5bf8d81aeef0_0, 0, 32;
    %pushi/vec4 0, 0, 32;
    %store/vec4 v0x5bf8d81aefb0_0, 0, 32;
    %end;
    .thread T_27, $init;
    .scope S_0x5bf8d81abb60;
T_28 ;
    %pushi/vec4 0, 0, 1;
    %store/vec4 v0x5bf8d81aee30_0, 0, 1;
T_28.0 ;
    %delay 500, 0;
    %load/vec4 v0x5bf8d81aee30_0;
    %inv;
    %store/vec4 v0x5bf8d81aee30_0, 0, 1;
    %jmp T_28.0;
    %end;
    .thread T_28;
    .scope S_0x5bf8d81abb60;
T_29 ;
    %pushi/vec4 1, 1, 1;
    %assign/vec4 v0x5bf8d81af930_0, 0;
    %pushi/vec4 2, 0, 32;
T_29.0 %dup/vec4;
    %pushi/vec4 0, 0, 32;
    %cmp/s;
    %jmp/1xz T_29.1, 5;
    %jmp/1 T_29.1, 4;
    %pushi/vec4 1, 0, 32;
    %sub;
    %wait E_0x5bf8d81aca90;
    %jmp T_29.0;
T_29.1 ;
    %pop/vec4 1;
    %pushi/vec4 1, 0, 1;
    %assign/vec4 v0x5bf8d81af930_0, 0;
    %pushi/vec4 2, 0, 32;
T_29.2 %dup/vec4;
    %pushi/vec4 0, 0, 32;
    %cmp/s;
    %jmp/1xz T_29.3, 5;
    %jmp/1 T_29.3, 4;
    %pushi/vec4 1, 0, 32;
    %sub;
    %wait E_0x5bf8d81aca90;
    %jmp T_29.2;
T_29.3 ;
    %pop/vec4 1;
    %pushi/vec4 0, 0, 1;
    %assign/vec4 v0x5bf8d81af930_0, 0;
    %end;
    .thread T_29;
    .scope S_0x5bf8d81abb60;
T_30 ;
    %wait E_0x5bf8d81aca90;
    %load/vec4 v0x5bf8d81af930_0;
    %flag_set/vec4 8;
    %jmp/0xz  T_30.0, 8;
    %pushi/vec4 1, 0, 1;
    %assign/vec4 v0x5bf8d81afbd0_0, 0;
T_30.0 ;
    %jmp T_30;
    .thread T_30;
    .scope S_0x5bf8d81abb60;
T_31 ;
    %wait E_0x5bf8d81aca90;
    %load/vec4 v0x5bf8d81afbd0_0;
    %flag_set/vec4 8;
    %jmp/0xz  T_31.0, 8;
    %vpi_call/w 7 186 "$write", "%3d  pending  ", v0x5bf8d81aefb0_0 {0 0 0};
    %fork t_19, S_0x5bf8d81ac0e0;
    %jmp t_18;
    .scope S_0x5bf8d81ac0e0;
t_19 ;
    %pushi/vec4 0, 0, 32;
    %store/vec4 v0x5bf8d81ac270_0, 0, 32;
T_31.2 ;
    %load/vec4 v0x5bf8d81ac270_0;
    %cmpi/s 10, 0, 32;
    %jmp/0xz T_31.3, 5;
    %load/vec4 v0x5bf8d81af5e0_0;
    %load/vec4 v0x5bf8d81ac270_0;
    %part/s 1;
    %flag_set/vec4 8;
    %jmp/0xz  T_31.4, 8;
    %load/vec4 v0x5bf8d81af4f0_0;
    %load/vec4 v0x5bf8d81ac270_0;
    %pad/s 35;
    %muli 8, 0, 35;
    %part/s 8;
    %vpi_call/w 7 190 "$write", " %h", S<0,vec4,u8> {1 0 0};
    %jmp T_31.5;
T_31.4 ;
    %vpi_call/w 7 192 "$write", "   " {0 0 0};
T_31.5 ;
    ; show_stmt_assign_vector: Get l-value for compressed += operand
    %load/vec4 v0x5bf8d81ac270_0;
    %pushi/vec4 1, 0, 32;
    %add;
    %cast2;
    %store/vec4 v0x5bf8d81ac270_0, 0, 32;
    %jmp T_31.2;
T_31.3 ;
    %end;
    .scope S_0x5bf8d81abb60;
t_18 %join;
    %vpi_call/w 7 194 "$display" {0 0 0};
    %vpi_call/w 7 196 "$write", "%3d  up       ", v0x5bf8d81aefb0_0 {0 0 0};
    %fork t_21, S_0x5bf8d81ac370;
    %jmp t_20;
    .scope S_0x5bf8d81ac370;
t_21 ;
    %pushi/vec4 0, 0, 32;
    %store/vec4 v0x5bf8d81ac570_0, 0, 32;
T_31.6 ;
    %load/vec4 v0x5bf8d81ac570_0;
    %cmpi/s 10, 0, 32;
    %jmp/0xz T_31.7, 5;
    %load/vec4 v0x5bf8d81afb00_0;
    %load/vec4 v0x5bf8d81ac570_0;
    %part/s 1;
    %flag_set/vec4 8;
    %jmp/0xz  T_31.8, 8;
    %load/vec4 v0x5bf8d81afa00_0;
    %load/vec4 v0x5bf8d81ac570_0;
    %pad/s 35;
    %muli 8, 0, 35;
    %part/s 8;
    %vpi_call/w 7 200 "$write", " %h", S<0,vec4,u8> {1 0 0};
    %jmp T_31.9;
T_31.8 ;
    %vpi_call/w 7 202 "$write", "   " {0 0 0};
T_31.9 ;
    ; show_stmt_assign_vector: Get l-value for compressed += operand
    %load/vec4 v0x5bf8d81ac570_0;
    %pushi/vec4 1, 0, 32;
    %add;
    %cast2;
    %store/vec4 v0x5bf8d81ac570_0, 0, 32;
    %jmp T_31.6;
T_31.7 ;
    %end;
    .scope S_0x5bf8d81abb60;
t_20 %join;
    %vpi_call/w 7 204 "$display" {0 0 0};
    %vpi_call/w 7 206 "$write", "%3d  down     ", v0x5bf8d81aefb0_0 {0 0 0};
    %load/vec4 v0x5bf8d81af2a0_0;
    %flag_set/vec4 8;
    %jmp/0xz  T_31.10, 8;
    %vpi_call/w 7 209 "$write", " %h", v0x5bf8d81af0a0_0 {0 0 0};
T_31.10 ;
    %vpi_call/w 7 211 "$display", "\012" {0 0 0};
T_31.0 ;
    ; show_stmt_assign_vector: Get l-value for compressed += operand
    %load/vec4 v0x5bf8d81aefb0_0;
    %pushi/vec4 1, 0, 32;
    %add;
    %cast2;
    %store/vec4 v0x5bf8d81aefb0_0, 0, 32;
    %jmp T_31;
    .thread T_31;
    .scope S_0x5bf8d81837a0;
T_32 ;
    %pushi/vec4 0, 0, 1;
    %force/vec4 v0x5bf8d81aadf0_0;
    %fork TD_testbench.tb_2.run, S_0x5bf8d81ae000;
    %join;
    %release/reg v0x5bf8d81aadf0_0, 0, 1;
    %end;
    .thread T_32;
# The file index is used to find the file name in the following table.
:file_names 8;
    "N/A";
    "<interactive>";
    "-";
    "04_13_put_in_order/testbench.sv";
    "04_13_put_in_order/testbench_1.sv";
    "04_13_put_in_order/04_13_put_in_order.sv";
    "04_13_put_in_order/delay_data_model.sv";
    "04_13_put_in_order/testbench_2.sv";
