#! /usr/bin/vvp
:ivl_version "12.0 (stable)";
:ivl_delay_selection "TYPICAL";
:vpi_time_precision + 0;
:vpi_module "/usr/lib/x86_64-linux-gnu/ivl/system.vpi";
:vpi_module "/usr/lib/x86_64-linux-gnu/ivl/vhdl_sys.vpi";
:vpi_module "/usr/lib/x86_64-linux-gnu/ivl/vhdl_textio.vpi";
:vpi_module "/usr/lib/x86_64-linux-gnu/ivl/v2005_math.vpi";
:vpi_module "/usr/lib/x86_64-linux-gnu/ivl/va_math.vpi";
:vpi_module "/usr/lib/x86_64-linux-gnu/ivl/v2009.vpi";
S_0x5e107da24f20 .scope package, "$unit" "$unit" 2 1;
 .timescale 0 0;
S_0x5e107d9ed980 .scope module, "shift_register" "shift_register" 3 35;
 .timescale 0 0;
    .port_info 0 /INPUT 1 "clk";
    .port_info 1 /INPUT 8 "in_data";
    .port_info 2 /OUTPUT 8 "out_data";
P_0x5e107da377c0 .param/l "depth" 0 3 37, +C4<00000000000000000000000000001000>;
P_0x5e107da37800 .param/l "width" 0 3 37, +C4<00000000000000000000000000001000>;
v0x5e107da38710_7 .array/port v0x5e107da38710, 7;
L_0x5e107da38570 .functor BUFZ 8, v0x5e107da38710_7, C4<00000000>, C4<00000000>, C4<00000000>;
o0x7c6afdcdd048 .functor BUFZ 1, C4<z>; HiZ drive
v0x5e107da1c360_0 .net "clk", 0 0, o0x7c6afdcdd048;  0 drivers
v0x5e107da38710 .array "data", 7 0, 7 0;
o0x7c6afdcdd1f8 .functor BUFZ 8, C4<zzzzzzzz>; HiZ drive
v0x5e107da38b10_0 .net "in_data", 7 0, o0x7c6afdcdd1f8;  0 drivers
v0x5e107da39380_0 .net "out_data", 7 0, L_0x5e107da38570;  1 drivers
E_0x5e107d9efa30 .event posedge, v0x5e107da1c360_0;
S_0x5e107da26290 .scope begin, "$ivl_for_loop0" "$ivl_for_loop0" 3 50, 3 50 0, S_0x5e107d9ed980;
 .timescale 0 0;
v0x5e107d9f7ee0_0 .var/2s "i", 31 0;
S_0x5e107da361b0 .scope module, "sr_mdu" "sr_mdu" 3 15;
 .timescale 0 0;
    .port_info 0 /INPUT 1 "clk";
    .port_info 1 /INPUT 1 "rst";
    .port_info 2 /INPUT 1 "i_vld";
    .port_info 3 /INPUT 32 "srcA";
    .port_info 4 /INPUT 32 "srcB";
    .port_info 5 /OUTPUT 1 "o_vld";
    .port_info 6 /OUTPUT 32 "result";
    .port_info 7 /OUTPUT 1 "busy";
P_0x5e107d9f6df0 .param/l "n_delay" 0 3 17, +C4<00000000000000000000000000000010>;
o0x7c6afdcdd2e8 .functor BUFZ 1, C4<z>; HiZ drive
v0x5e107da3c9e0_0 .net "busy", 0 0, o0x7c6afdcdd2e8;  0 drivers
o0x7c6afdcdd318 .functor BUFZ 1, C4<z>; HiZ drive
v0x5e107da24070_0 .net "clk", 0 0, o0x7c6afdcdd318;  0 drivers
o0x7c6afdcdd348 .functor BUFZ 1, C4<z>; HiZ drive
v0x5e107da55df0_0 .net "i_vld", 0 0, o0x7c6afdcdd348;  0 drivers
o0x7c6afdcdd378 .functor BUFZ 1, C4<z>; HiZ drive
v0x5e107da55e90_0 .net "o_vld", 0 0, o0x7c6afdcdd378;  0 drivers
v0x5e107da55f50_0 .var "result", 31 0;
o0x7c6afdcdd3d8 .functor BUFZ 1, C4<z>; HiZ drive
v0x5e107da56080_0 .net "rst", 0 0, o0x7c6afdcdd3d8;  0 drivers
o0x7c6afdcdd408 .functor BUFZ 32, C4<zzzzzzzzzzzzzzzzzzzzzzzzzzzzzzzz>; HiZ drive
v0x5e107da56140_0 .net "srcA", 31 0, o0x7c6afdcdd408;  0 drivers
o0x7c6afdcdd438 .functor BUFZ 32, C4<zzzzzzzzzzzzzzzzzzzzzzzzzzzzzzzz>; HiZ drive
v0x5e107da56220_0 .net "srcB", 31 0, o0x7c6afdcdd438;  0 drivers
S_0x5e107da32a10 .scope module, "tb" "tb" 4 13;
 .timescale 0 0;
P_0x5e107da25160 .param/l "ADDR_W" 1 4 25, +C4<00000000000000000000000000001010>;
P_0x5e107da251a0 .param/l "ROM_SIZE" 1 4 24, +C4<00000000000000000000010000000000>;
v0x5e107da5dff0_0 .var "clk", 0 0;
v0x5e107da5e090_0 .var/2u "cycle", 31 0;
v0x5e107da5e170_0 .net "imAddr", 31 0, L_0x5e107da6ee50;  1 drivers
v0x5e107da5e270_0 .net "imData", 31 0, L_0x5e107da3bae0;  1 drivers
v0x5e107da5e360_0 .var "prevImAddr", 31 0;
v0x5e107da5e490_0 .var "prevRegData", 31 0;
v0x5e107da5e570_0 .var "regAddr", 4 0;
v0x5e107da5e680_0 .net "regData", 31 0, L_0x5e107da70e90;  1 drivers
v0x5e107da5e740_0 .var "rst", 0 0;
v0x5e107da5e7e0_0 .var/2u "wasRst", 0 0;
E_0x5e107d9f0040 .event negedge, v0x5e107da5a4a0_0;
L_0x5e107da711b0 .part L_0x5e107da6ee50, 0, 10;
S_0x5e107da56490 .scope module, "cpu" "sr_cpu" 4 27, 5 15 0, S_0x5e107da32a10;
 .timescale 0 0;
    .port_info 0 /INPUT 1 "clk";
    .port_info 1 /INPUT 1 "rst";
    .port_info 2 /OUTPUT 32 "imAddr";
    .port_info 3 /INPUT 32 "imData";
    .port_info 4 /INPUT 5 "regAddr";
    .port_info 5 /OUTPUT 32 "regData";
L_0x5e107da38970 .functor BUFZ 32, L_0x5e107da3bae0, C4<00000000000000000000000000000000>, C4<00000000000000000000000000000000>, C4<00000000000000000000000000000000>;
v0x5e107da5b4f0_0 .net *"_ivl_10", 29 0, L_0x5e107da6ecf0;  1 drivers
L_0x7c6afdc94060 .functor BUFT 1, C4<00>, C4<0>, C4<0>, C4<0>;
v0x5e107da5b5f0_0 .net *"_ivl_12", 1 0, L_0x7c6afdc94060;  1 drivers
L_0x7c6afdc94018 .functor BUFT 1, C4<00000000000000000000000000000100>, C4<0>, C4<0>, C4<0>;
v0x5e107da5b6d0_0 .net/2u *"_ivl_2", 31 0, L_0x7c6afdc94018;  1 drivers
L_0x7c6afdc94450 .functor BUFT 1, C4<00000>, C4<0>, C4<0>, C4<0>;
v0x5e107da5b7c0_0 .net/2u *"_ivl_20", 4 0, L_0x7c6afdc94450;  1 drivers
v0x5e107da5b8a0_0 .net *"_ivl_22", 0 0, L_0x5e107da70d50;  1 drivers
v0x5e107da5b960_0 .net "aluControl", 2 0, v0x5e107da5ab10_0;  1 drivers
v0x5e107da5ba70_0 .net "aluResult", 31 0, v0x5e107da56b60_0;  1 drivers
v0x5e107da5bb30_0 .net "aluSrc", 0 0, v0x5e107da5abd0_0;  1 drivers
v0x5e107da5bbd0_0 .net "aluZero", 0 0, L_0x5e107da709f0;  1 drivers
v0x5e107da5bd00_0 .net "clk", 0 0, v0x5e107da5dff0_0;  1 drivers
v0x5e107da5bdf0_0 .net "cmdF3", 2 0, L_0x5e107da6f1b0;  1 drivers
v0x5e107da5bee0_0 .net "cmdF7", 6 0, L_0x5e107da6f3c0;  1 drivers
v0x5e107da5bfd0_0 .net "cmdOp", 6 0, L_0x5e107da6efe0;  1 drivers
v0x5e107da5c0e0_0 .net "imAddr", 31 0, L_0x5e107da6ee50;  alias, 1 drivers
v0x5e107da5c1c0_0 .net "imData", 31 0, L_0x5e107da3bae0;  alias, 1 drivers
v0x5e107da5c2a0_0 .net "immB", 31 0, v0x5e107da59890_0;  1 drivers
v0x5e107da5c360_0 .net "immI", 31 0, v0x5e107da59970_0;  1 drivers
v0x5e107da5c400_0 .net "immU", 31 0, v0x5e107da59aa0_0;  1 drivers
v0x5e107da5c4a0_0 .net "instr", 31 0, L_0x5e107da38970;  1 drivers
v0x5e107da5c540_0 .net "pc", 31 0, v0x5e107da5a3c0_0;  1 drivers
v0x5e107da5c5e0_0 .net "pcBranch", 31 0, L_0x5e107da5e8a0;  1 drivers
v0x5e107da5c6a0_0 .net "pcNext", 31 0, L_0x5e107da6eb10;  1 drivers
v0x5e107da5c790_0 .net "pcPlus4", 31 0, L_0x5e107da6e9f0;  1 drivers
v0x5e107da5c850_0 .net "pcSrc", 0 0, L_0x5e107da39220;  1 drivers
v0x5e107da5c920_0 .net "rd", 4 0, L_0x5e107da6f080;  1 drivers
v0x5e107da5ca10_0 .net "rd0", 31 0, L_0x5e107da6f860;  1 drivers
v0x5e107da5cad0_0 .net "rd1", 31 0, L_0x5e107da6ffb0;  1 drivers
v0x5e107da5cbc0_0 .net "rd2", 31 0, L_0x5e107da70640;  1 drivers
v0x5e107da5cc80_0 .net "regAddr", 4 0, v0x5e107da5e570_0;  1 drivers
v0x5e107da5cd50_0 .net "regData", 31 0, L_0x5e107da70e90;  alias, 1 drivers
v0x5e107da5ce10_0 .net "regWrite", 0 0, v0x5e107da5b260_0;  1 drivers
v0x5e107da5cf00_0 .net "rs1", 4 0, L_0x5e107da6f250;  1 drivers
v0x5e107da5d010_0 .net "rs2", 4 0, L_0x5e107da6f320;  1 drivers
v0x5e107da5d330_0 .net "rst", 0 0, v0x5e107da5e740_0;  1 drivers
v0x5e107da5d3d0_0 .net "srcB", 31 0, L_0x5e107da70820;  1 drivers
v0x5e107da5d470_0 .net "wd3", 31 0, L_0x5e107da70b30;  1 drivers
v0x5e107da5d510_0 .net "wdSrc", 0 0, v0x5e107da5b330_0;  1 drivers
L_0x5e107da5e8a0 .arith/sum 32, v0x5e107da5a3c0_0, v0x5e107da59890_0;
L_0x5e107da6e9f0 .arith/sum 32, v0x5e107da5a3c0_0, L_0x7c6afdc94018;
L_0x5e107da6eb10 .functor MUXZ 32, L_0x5e107da6e9f0, L_0x5e107da5e8a0, L_0x5e107da39220, C4<>;
L_0x5e107da6ecf0 .part v0x5e107da5a3c0_0, 2, 30;
L_0x5e107da6ee50 .concat [ 30 2 0 0], L_0x5e107da6ecf0, L_0x7c6afdc94060;
L_0x5e107da70820 .functor MUXZ 32, L_0x5e107da70640, v0x5e107da59970_0, v0x5e107da5abd0_0, C4<>;
L_0x5e107da70b30 .functor MUXZ 32, v0x5e107da56b60_0, v0x5e107da59aa0_0, v0x5e107da5b330_0, C4<>;
L_0x5e107da70d50 .cmp/ne 5, v0x5e107da5e570_0, L_0x7c6afdc94450;
L_0x5e107da70e90 .functor MUXZ 32, v0x5e107da5a3c0_0, L_0x5e107da6f860, L_0x5e107da70d50, C4<>;
S_0x5e107da56730 .scope module, "alu" "sr_alu" 5 110, 6 15 0, S_0x5e107da56490;
 .timescale 0 0;
    .port_info 0 /INPUT 32 "srcA";
    .port_info 1 /INPUT 32 "srcB";
    .port_info 2 /INPUT 3 "oper";
    .port_info 3 /OUTPUT 1 "zero";
    .port_info 4 /OUTPUT 32 "result";
L_0x7c6afdc94408 .functor BUFT 1, C4<00000000000000000000000000000000>, C4<0>, C4<0>, C4<0>;
v0x5e107da56980_0 .net/2u *"_ivl_0", 31 0, L_0x7c6afdc94408;  1 drivers
v0x5e107da56a80_0 .net "oper", 2 0, v0x5e107da5ab10_0;  alias, 1 drivers
v0x5e107da56b60_0 .var "result", 31 0;
v0x5e107da56c20_0 .net "srcA", 31 0, L_0x5e107da6ffb0;  alias, 1 drivers
v0x5e107da56d00_0 .net "srcB", 31 0, L_0x5e107da70820;  alias, 1 drivers
v0x5e107da56e30_0 .net "zero", 0 0, L_0x5e107da709f0;  alias, 1 drivers
E_0x5e107d9da960 .event anyedge, v0x5e107da56a80_0, v0x5e107da56c20_0, v0x5e107da56d00_0, v0x5e107da56d00_0;
L_0x5e107da709f0 .cmp/eq 32, v0x5e107da56b60_0, L_0x7c6afdc94408;
S_0x5e107da56f90 .scope module, "i_rf" "sr_register_file" 5 90, 7 15 0, S_0x5e107da56490;
 .timescale 0 0;
    .port_info 0 /INPUT 1 "clk";
    .port_info 1 /INPUT 5 "a0";
    .port_info 2 /INPUT 5 "a1";
    .port_info 3 /INPUT 5 "a2";
    .port_info 4 /INPUT 5 "a3";
    .port_info 5 /OUTPUT 32 "rd0";
    .port_info 6 /OUTPUT 32 "rd1";
    .port_info 7 /OUTPUT 32 "rd2";
    .port_info 8 /INPUT 32 "wd3";
    .port_info 9 /INPUT 1 "we3";
v0x5e107da572b0_0 .net *"_ivl_0", 31 0, L_0x5e107da6f4a0;  1 drivers
v0x5e107da573b0_0 .net *"_ivl_10", 6 0, L_0x5e107da6f720;  1 drivers
L_0x7c6afdc94138 .functor BUFT 1, C4<00>, C4<0>, C4<0>, C4<0>;
v0x5e107da57490_0 .net *"_ivl_13", 1 0, L_0x7c6afdc94138;  1 drivers
L_0x7c6afdc94180 .functor BUFT 1, C4<00000000000000000000000000000000>, C4<0>, C4<0>, C4<0>;
v0x5e107da57550_0 .net/2u *"_ivl_14", 31 0, L_0x7c6afdc94180;  1 drivers
v0x5e107da57630_0 .net *"_ivl_18", 31 0, L_0x5e107da6fa40;  1 drivers
L_0x7c6afdc941c8 .functor BUFT 1, C4<000000000000000000000000000>, C4<0>, C4<0>, C4<0>;
v0x5e107da57760_0 .net *"_ivl_21", 26 0, L_0x7c6afdc941c8;  1 drivers
L_0x7c6afdc94210 .functor BUFT 1, C4<00000000000000000000000000000000>, C4<0>, C4<0>, C4<0>;
v0x5e107da57840_0 .net/2u *"_ivl_22", 31 0, L_0x7c6afdc94210;  1 drivers
v0x5e107da57920_0 .net *"_ivl_24", 0 0, L_0x5e107da6fbb0;  1 drivers
v0x5e107da579e0_0 .net *"_ivl_26", 31 0, L_0x5e107da6fcf0;  1 drivers
v0x5e107da57b50_0 .net *"_ivl_28", 6 0, L_0x5e107da6fde0;  1 drivers
L_0x7c6afdc940a8 .functor BUFT 1, C4<000000000000000000000000000>, C4<0>, C4<0>, C4<0>;
v0x5e107da57c30_0 .net *"_ivl_3", 26 0, L_0x7c6afdc940a8;  1 drivers
L_0x7c6afdc94258 .functor BUFT 1, C4<00>, C4<0>, C4<0>, C4<0>;
v0x5e107da57d10_0 .net *"_ivl_31", 1 0, L_0x7c6afdc94258;  1 drivers
L_0x7c6afdc942a0 .functor BUFT 1, C4<00000000000000000000000000000000>, C4<0>, C4<0>, C4<0>;
v0x5e107da57df0_0 .net/2u *"_ivl_32", 31 0, L_0x7c6afdc942a0;  1 drivers
v0x5e107da57ed0_0 .net *"_ivl_36", 31 0, L_0x5e107da70100;  1 drivers
L_0x7c6afdc942e8 .functor BUFT 1, C4<000000000000000000000000000>, C4<0>, C4<0>, C4<0>;
v0x5e107da57fb0_0 .net *"_ivl_39", 26 0, L_0x7c6afdc942e8;  1 drivers
L_0x7c6afdc940f0 .functor BUFT 1, C4<00000000000000000000000000000000>, C4<0>, C4<0>, C4<0>;
v0x5e107da58090_0 .net/2u *"_ivl_4", 31 0, L_0x7c6afdc940f0;  1 drivers
L_0x7c6afdc94330 .functor BUFT 1, C4<00000000000000000000000000000000>, C4<0>, C4<0>, C4<0>;
v0x5e107da58170_0 .net/2u *"_ivl_40", 31 0, L_0x7c6afdc94330;  1 drivers
v0x5e107da58250_0 .net *"_ivl_42", 0 0, L_0x5e107da70230;  1 drivers
v0x5e107da58310_0 .net *"_ivl_44", 31 0, L_0x5e107da703e0;  1 drivers
v0x5e107da583f0_0 .net *"_ivl_46", 6 0, L_0x5e107da70480;  1 drivers
L_0x7c6afdc94378 .functor BUFT 1, C4<00>, C4<0>, C4<0>, C4<0>;
v0x5e107da584d0_0 .net *"_ivl_49", 1 0, L_0x7c6afdc94378;  1 drivers
L_0x7c6afdc943c0 .functor BUFT 1, C4<00000000000000000000000000000000>, C4<0>, C4<0>, C4<0>;
v0x5e107da585b0_0 .net/2u *"_ivl_50", 31 0, L_0x7c6afdc943c0;  1 drivers
v0x5e107da58690_0 .net *"_ivl_6", 0 0, L_0x5e107da6f540;  1 drivers
v0x5e107da58750_0 .net *"_ivl_8", 31 0, L_0x5e107da6f680;  1 drivers
v0x5e107da58830_0 .net "a0", 4 0, v0x5e107da5e570_0;  alias, 1 drivers
v0x5e107da58910_0 .net "a1", 4 0, L_0x5e107da6f250;  alias, 1 drivers
v0x5e107da589f0_0 .net "a2", 4 0, L_0x5e107da6f320;  alias, 1 drivers
v0x5e107da58ad0_0 .net "a3", 4 0, L_0x5e107da6f080;  alias, 1 drivers
v0x5e107da58bb0_0 .net "clk", 0 0, v0x5e107da5dff0_0;  alias, 1 drivers
v0x5e107da58c70_0 .net "rd0", 31 0, L_0x5e107da6f860;  alias, 1 drivers
v0x5e107da58d50_0 .net "rd1", 31 0, L_0x5e107da6ffb0;  alias, 1 drivers
v0x5e107da58e10_0 .net "rd2", 31 0, L_0x5e107da70640;  alias, 1 drivers
v0x5e107da58ed0 .array "rf", 31 0, 31 0;
v0x5e107da58f90_0 .net "wd3", 31 0, L_0x5e107da70b30;  alias, 1 drivers
v0x5e107da59070_0 .net "we3", 0 0, v0x5e107da5b260_0;  alias, 1 drivers
E_0x5e107da3c690 .event posedge, v0x5e107da58bb0_0;
L_0x5e107da6f4a0 .concat [ 5 27 0 0], v0x5e107da5e570_0, L_0x7c6afdc940a8;
L_0x5e107da6f540 .cmp/ne 32, L_0x5e107da6f4a0, L_0x7c6afdc940f0;
L_0x5e107da6f680 .array/port v0x5e107da58ed0, L_0x5e107da6f720;
L_0x5e107da6f720 .concat [ 5 2 0 0], v0x5e107da5e570_0, L_0x7c6afdc94138;
L_0x5e107da6f860 .functor MUXZ 32, L_0x7c6afdc94180, L_0x5e107da6f680, L_0x5e107da6f540, C4<>;
L_0x5e107da6fa40 .concat [ 5 27 0 0], L_0x5e107da6f250, L_0x7c6afdc941c8;
L_0x5e107da6fbb0 .cmp/ne 32, L_0x5e107da6fa40, L_0x7c6afdc94210;
L_0x5e107da6fcf0 .array/port v0x5e107da58ed0, L_0x5e107da6fde0;
L_0x5e107da6fde0 .concat [ 5 2 0 0], L_0x5e107da6f250, L_0x7c6afdc94258;
L_0x5e107da6ffb0 .functor MUXZ 32, L_0x7c6afdc942a0, L_0x5e107da6fcf0, L_0x5e107da6fbb0, C4<>;
L_0x5e107da70100 .concat [ 5 27 0 0], L_0x5e107da6f320, L_0x7c6afdc942e8;
L_0x5e107da70230 .cmp/ne 32, L_0x5e107da70100, L_0x7c6afdc94330;
L_0x5e107da703e0 .array/port v0x5e107da58ed0, L_0x5e107da70480;
L_0x5e107da70480 .concat [ 5 2 0 0], L_0x5e107da6f320, L_0x7c6afdc94378;
L_0x5e107da70640 .functor MUXZ 32, L_0x7c6afdc943c0, L_0x5e107da703e0, L_0x5e107da70230, C4<>;
S_0x5e107da59270 .scope module, "id" "sr_decode" 5 69, 8 15 0, S_0x5e107da56490;
 .timescale 0 0;
    .port_info 0 /INPUT 32 "instr";
    .port_info 1 /OUTPUT 7 "cmdOp";
    .port_info 2 /OUTPUT 5 "rd";
    .port_info 3 /OUTPUT 3 "cmdF3";
    .port_info 4 /OUTPUT 5 "rs1";
    .port_info 5 /OUTPUT 5 "rs2";
    .port_info 6 /OUTPUT 7 "cmdF7";
    .port_info 7 /OUTPUT 32 "immI";
    .port_info 8 /OUTPUT 32 "immB";
    .port_info 9 /OUTPUT 32 "immU";
v0x5e107da595f0_0 .net "cmdF3", 2 0, L_0x5e107da6f1b0;  alias, 1 drivers
v0x5e107da596f0_0 .net "cmdF7", 6 0, L_0x5e107da6f3c0;  alias, 1 drivers
v0x5e107da597d0_0 .net "cmdOp", 6 0, L_0x5e107da6efe0;  alias, 1 drivers
v0x5e107da59890_0 .var "immB", 31 0;
v0x5e107da59970_0 .var "immI", 31 0;
v0x5e107da59aa0_0 .var "immU", 31 0;
v0x5e107da59b80_0 .net "instr", 31 0, L_0x5e107da38970;  alias, 1 drivers
v0x5e107da59c60_0 .net "rd", 4 0, L_0x5e107da6f080;  alias, 1 drivers
v0x5e107da59d20_0 .net "rs1", 4 0, L_0x5e107da6f250;  alias, 1 drivers
v0x5e107da59dc0_0 .net "rs2", 4 0, L_0x5e107da6f320;  alias, 1 drivers
E_0x5e107da3bc00 .event anyedge, v0x5e107da59b80_0;
E_0x5e107da59520 .event anyedge, v0x5e107da59b80_0, v0x5e107da59b80_0, v0x5e107da59b80_0, v0x5e107da59b80_0;
E_0x5e107da59590 .event anyedge, v0x5e107da59b80_0, v0x5e107da59b80_0;
L_0x5e107da6efe0 .part L_0x5e107da38970, 0, 7;
L_0x5e107da6f080 .part L_0x5e107da38970, 7, 5;
L_0x5e107da6f1b0 .part L_0x5e107da38970, 12, 3;
L_0x5e107da6f250 .part L_0x5e107da38970, 15, 5;
L_0x5e107da6f320 .part L_0x5e107da38970, 20, 5;
L_0x5e107da6f3c0 .part L_0x5e107da38970, 25, 7;
S_0x5e107da59f80 .scope module, "r_pc" "register_with_rst_and_en" 5 54, 9 13 0, S_0x5e107da56490;
 .timescale 0 0;
    .port_info 0 /INPUT 1 "clk";
    .port_info 1 /INPUT 1 "rst";
    .port_info 2 /INPUT 1 "en";
    .port_info 3 /INPUT 32 "d";
    .port_info 4 /OUTPUT 32 "q";
v0x5e107da5a140_0 .net "clk", 0 0, v0x5e107da5dff0_0;  alias, 1 drivers
v0x5e107da5a230_0 .net "d", 31 0, L_0x5e107da6eb10;  alias, 1 drivers
o0x7c6afdcde368 .functor BUFZ 1, C4<z>; HiZ drive
v0x5e107da5a2f0_0 .net "en", 0 0, o0x7c6afdcde368;  0 drivers
v0x5e107da5a3c0_0 .var "q", 31 0;
v0x5e107da5a4a0_0 .net "rst", 0 0, v0x5e107da5e740_0;  alias, 1 drivers
S_0x5e107da5a650 .scope module, "sm_control" "sr_control" 5 125, 10 15 0, S_0x5e107da56490;
 .timescale 0 0;
    .port_info 0 /INPUT 7 "cmdOp";
    .port_info 1 /INPUT 3 "cmdF3";
    .port_info 2 /INPUT 7 "cmdF7";
    .port_info 3 /INPUT 1 "aluZero";
    .port_info 4 /OUTPUT 1 "pcSrc";
    .port_info 5 /OUTPUT 1 "regWrite";
    .port_info 6 /OUTPUT 1 "aluSrc";
    .port_info 7 /OUTPUT 1 "wdSrc";
    .port_info 8 /OUTPUT 3 "aluControl";
L_0x5e107da70370 .functor XNOR 1, L_0x5e107da709f0, v0x5e107da5b070_0, C4<0>, C4<0>;
L_0x5e107da39220 .functor AND 1, v0x5e107da5ad40_0, L_0x5e107da70370, C4<1>, C4<1>;
v0x5e107da5aa30_0 .net *"_ivl_0", 0 0, L_0x5e107da70370;  1 drivers
v0x5e107da5ab10_0 .var "aluControl", 2 0;
v0x5e107da5abd0_0 .var "aluSrc", 0 0;
v0x5e107da5ac70_0 .net "aluZero", 0 0, L_0x5e107da709f0;  alias, 1 drivers
v0x5e107da5ad40_0 .var "branch", 0 0;
v0x5e107da5ae30_0 .net "cmdF3", 2 0, L_0x5e107da6f1b0;  alias, 1 drivers
v0x5e107da5aed0_0 .net "cmdF7", 6 0, L_0x5e107da6f3c0;  alias, 1 drivers
v0x5e107da5afa0_0 .net "cmdOp", 6 0, L_0x5e107da6efe0;  alias, 1 drivers
v0x5e107da5b070_0 .var "condZero", 0 0;
v0x5e107da5b1a0_0 .net "pcSrc", 0 0, L_0x5e107da39220;  alias, 1 drivers
v0x5e107da5b260_0 .var "regWrite", 0 0;
v0x5e107da5b330_0 .var "wdSrc", 0 0;
E_0x5e107da5a9b0 .event anyedge, v0x5e107da596f0_0, v0x5e107da595f0_0, v0x5e107da597d0_0;
S_0x5e107da5d6a0 .scope module, "i_rom" "instruction_rom" 4 39, 11 13 0, S_0x5e107da32a10;
 .timescale 0 0;
    .port_info 0 /INPUT 10 "a";
    .port_info 1 /OUTPUT 32 "rd";
P_0x5e107da5bc70 .param/l "ADDR_W" 0 11 16, +C4<00000000000000000000000000001010>;
P_0x5e107da5bcb0 .param/l "SIZE" 0 11 15, +C4<00000000000000000000010000000000>;
L_0x5e107da3bae0 .functor BUFZ 32, L_0x5e107da70fd0, C4<00000000000000000000000000000000>, C4<00000000000000000000000000000000>, C4<00000000000000000000000000000000>;
v0x5e107da5da30_0 .net *"_ivl_0", 31 0, L_0x5e107da70fd0;  1 drivers
v0x5e107da5db30_0 .net *"_ivl_2", 11 0, L_0x5e107da71070;  1 drivers
L_0x7c6afdc94498 .functor BUFT 1, C4<00>, C4<0>, C4<0>, C4<0>;
v0x5e107da5dc10_0 .net *"_ivl_5", 1 0, L_0x7c6afdc94498;  1 drivers
v0x5e107da5dd00_0 .net "a", 9 0, L_0x5e107da711b0;  1 drivers
v0x5e107da5dde0_0 .net "rd", 31 0, L_0x5e107da3bae0;  alias, 1 drivers
v0x5e107da5def0 .array "rom", 1023 0, 31 0;
L_0x5e107da70fd0 .array/port v0x5e107da5def0, L_0x5e107da71070;
L_0x5e107da71070 .concat [ 10 2 0 0], L_0x5e107da711b0, L_0x7c6afdc94498;
    .scope S_0x5e107d9ed980;
T_0 ;
    %wait E_0x5e107d9efa30;
    %load/vec4 v0x5e107da38b10_0;
    %ix/load 3, 0, 0;
    %flag_set/imm 4, 0;
    %ix/load 4, 0, 0; Constant delay
    %assign/vec4/a/d v0x5e107da38710, 0, 4;
    %fork t_1, S_0x5e107da26290;
    %jmp t_0;
    .scope S_0x5e107da26290;
t_1 ;
    %pushi/vec4 1, 0, 32;
    %store/vec4 v0x5e107d9f7ee0_0, 0, 32;
T_0.0 ;
    %load/vec4 v0x5e107d9f7ee0_0;
    %cmpi/s 8, 0, 32;
    %jmp/0xz T_0.1, 5;
    %load/vec4 v0x5e107d9f7ee0_0;
    %subi 1, 0, 32;
    %ix/vec4/s 4;
    %load/vec4a v0x5e107da38710, 4;
    %ix/getv/s 3, v0x5e107d9f7ee0_0;
    %ix/load 4, 0, 0; Constant delay
    %assign/vec4/a/d v0x5e107da38710, 0, 4;
    ; show_stmt_assign_vector: Get l-value for compressed += operand
    %load/vec4 v0x5e107d9f7ee0_0;
    %pushi/vec4 1, 0, 32;
    %add;
    %cast2;
    %store/vec4 v0x5e107d9f7ee0_0, 0, 32;
    %jmp T_0.0;
T_0.1 ;
    %end;
    .scope S_0x5e107d9ed980;
t_0 %join;
    %jmp T_0;
    .thread T_0;
    .scope S_0x5e107da59f80;
T_1 ;
    %wait E_0x5e107da3c690;
    %load/vec4 v0x5e107da5a4a0_0;
    %flag_set/vec4 8;
    %jmp/0xz  T_1.0, 8;
    %pushi/vec4 0, 0, 32;
    %assign/vec4 v0x5e107da5a3c0_0, 0;
    %jmp T_1.1;
T_1.0 ;
    %load/vec4 v0x5e107da5a2f0_0;
    %flag_set/vec4 8;
    %jmp/0xz  T_1.2, 8;
    %load/vec4 v0x5e107da5a230_0;
    %assign/vec4 v0x5e107da5a3c0_0, 0;
T_1.2 ;
T_1.1 ;
    %jmp T_1;
    .thread T_1;
    .scope S_0x5e107da59270;
T_2 ;
Ewait_0 .event/or E_0x5e107da59590, E_0x0;
    %wait Ewait_0;
    %load/vec4 v0x5e107da59b80_0;
    %parti/s 11, 20, 6;
    %ix/load 4, 0, 0;
    %flag_set/imm 4, 0;
    %store/vec4 v0x5e107da59970_0, 4, 11;
    %load/vec4 v0x5e107da59b80_0;
    %parti/s 1, 31, 6;
    %replicate 21;
    %ix/load 4, 11, 0;
    %flag_set/imm 4, 0;
    %store/vec4 v0x5e107da59970_0, 4, 21;
    %jmp T_2;
    .thread T_2, $push;
    .scope S_0x5e107da59270;
T_3 ;
Ewait_1 .event/or E_0x5e107da59520, E_0x0;
    %wait Ewait_1;
    %pushi/vec4 0, 0, 1;
    %ix/load 4, 0, 0;
    %flag_set/imm 4, 0;
    %store/vec4 v0x5e107da59890_0, 4, 1;
    %load/vec4 v0x5e107da59b80_0;
    %parti/s 4, 8, 5;
    %ix/load 4, 1, 0;
    %flag_set/imm 4, 0;
    %store/vec4 v0x5e107da59890_0, 4, 4;
    %load/vec4 v0x5e107da59b80_0;
    %parti/s 6, 25, 6;
    %ix/load 4, 5, 0;
    %flag_set/imm 4, 0;
    %store/vec4 v0x5e107da59890_0, 4, 6;
    %load/vec4 v0x5e107da59b80_0;
    %parti/s 1, 7, 4;
    %ix/load 4, 11, 0;
    %flag_set/imm 4, 0;
    %store/vec4 v0x5e107da59890_0, 4, 1;
    %load/vec4 v0x5e107da59b80_0;
    %parti/s 1, 31, 6;
    %replicate 20;
    %ix/load 4, 12, 0;
    %flag_set/imm 4, 0;
    %store/vec4 v0x5e107da59890_0, 4, 20;
    %jmp T_3;
    .thread T_3, $push;
    .scope S_0x5e107da59270;
T_4 ;
Ewait_2 .event/or E_0x5e107da3bc00, E_0x0;
    %wait Ewait_2;
    %pushi/vec4 0, 0, 12;
    %ix/load 4, 0, 0;
    %flag_set/imm 4, 0;
    %store/vec4 v0x5e107da59aa0_0, 4, 12;
    %load/vec4 v0x5e107da59b80_0;
    %parti/s 20, 12, 5;
    %ix/load 4, 12, 0;
    %flag_set/imm 4, 0;
    %store/vec4 v0x5e107da59aa0_0, 4, 20;
    %jmp T_4;
    .thread T_4, $push;
    .scope S_0x5e107da56f90;
T_5 ;
    %wait E_0x5e107da3c690;
    %load/vec4 v0x5e107da59070_0;
    %flag_set/vec4 8;
    %jmp/0xz  T_5.0, 8;
    %load/vec4 v0x5e107da58f90_0;
    %load/vec4 v0x5e107da58ad0_0;
    %pad/u 7;
    %ix/vec4 3;
    %ix/load 4, 0, 0; Constant delay
    %assign/vec4/a/d v0x5e107da58ed0, 0, 4;
T_5.0 ;
    %jmp T_5;
    .thread T_5;
    .scope S_0x5e107da56730;
T_6 ;
Ewait_3 .event/or E_0x5e107d9da960, E_0x0;
    %wait Ewait_3;
    %load/vec4 v0x5e107da56a80_0;
    %dup/vec4;
    %pushi/vec4 0, 0, 3;
    %cmp/u;
    %jmp/1 T_6.1, 6;
    %dup/vec4;
    %pushi/vec4 1, 0, 3;
    %cmp/u;
    %jmp/1 T_6.2, 6;
    %dup/vec4;
    %pushi/vec4 2, 0, 3;
    %cmp/u;
    %jmp/1 T_6.3, 6;
    %dup/vec4;
    %pushi/vec4 3, 0, 3;
    %cmp/u;
    %jmp/1 T_6.4, 6;
    %dup/vec4;
    %pushi/vec4 4, 0, 3;
    %cmp/u;
    %jmp/1 T_6.5, 6;
    %load/vec4 v0x5e107da56c20_0;
    %load/vec4 v0x5e107da56d00_0;
    %add;
    %store/vec4 v0x5e107da56b60_0, 0, 32;
    %jmp T_6.6;
T_6.1 ;
    %load/vec4 v0x5e107da56c20_0;
    %load/vec4 v0x5e107da56d00_0;
    %add;
    %store/vec4 v0x5e107da56b60_0, 0, 32;
    %jmp T_6.6;
T_6.2 ;
    %load/vec4 v0x5e107da56c20_0;
    %load/vec4 v0x5e107da56d00_0;
    %or;
    %store/vec4 v0x5e107da56b60_0, 0, 32;
    %jmp T_6.6;
T_6.3 ;
    %load/vec4 v0x5e107da56c20_0;
    %load/vec4 v0x5e107da56d00_0;
    %parti/s 5, 0, 2;
    %ix/vec4 4;
    %shiftr 4;
    %store/vec4 v0x5e107da56b60_0, 0, 32;
    %jmp T_6.6;
T_6.4 ;
    %load/vec4 v0x5e107da56c20_0;
    %load/vec4 v0x5e107da56d00_0;
    %cmp/u;
    %flag_mov 8, 5;
    %jmp/0 T_6.7, 8;
    %pushi/vec4 1, 0, 32;
    %jmp/1 T_6.8, 8;
T_6.7 ; End of true expr.
    %pushi/vec4 0, 0, 32;
    %jmp/0 T_6.8, 8;
 ; End of false expr.
    %blend;
T_6.8;
    %store/vec4 v0x5e107da56b60_0, 0, 32;
    %jmp T_6.6;
T_6.5 ;
    %load/vec4 v0x5e107da56c20_0;
    %load/vec4 v0x5e107da56d00_0;
    %sub;
    %store/vec4 v0x5e107da56b60_0, 0, 32;
    %jmp T_6.6;
T_6.6 ;
    %pop/vec4 1;
    %jmp T_6;
    .thread T_6, $push;
    .scope S_0x5e107da5a650;
T_7 ;
Ewait_4 .event/or E_0x5e107da5a9b0, E_0x0;
    %wait Ewait_4;
    %pushi/vec4 0, 0, 1;
    %store/vec4 v0x5e107da5ad40_0, 0, 1;
    %pushi/vec4 0, 0, 1;
    %store/vec4 v0x5e107da5b070_0, 0, 1;
    %pushi/vec4 0, 0, 1;
    %store/vec4 v0x5e107da5b260_0, 0, 1;
    %pushi/vec4 0, 0, 1;
    %store/vec4 v0x5e107da5abd0_0, 0, 1;
    %pushi/vec4 0, 0, 1;
    %store/vec4 v0x5e107da5b330_0, 0, 1;
    %pushi/vec4 0, 0, 3;
    %store/vec4 v0x5e107da5ab10_0, 0, 3;
    %load/vec4 v0x5e107da5aed0_0;
    %load/vec4 v0x5e107da5ae30_0;
    %concat/vec4; draw_concat_vec4
    %load/vec4 v0x5e107da5afa0_0;
    %concat/vec4; draw_concat_vec4
    %dup/vec4;
    %pushi/vec4 51, 0, 17;
    %cmp/z;
    %jmp/1 T_7.0, 4;
    %dup/vec4;
    %pushi/vec4 819, 0, 17;
    %cmp/z;
    %jmp/1 T_7.1, 4;
    %dup/vec4;
    %pushi/vec4 691, 0, 17;
    %cmp/z;
    %jmp/1 T_7.2, 4;
    %dup/vec4;
    %pushi/vec4 435, 0, 17;
    %cmp/z;
    %jmp/1 T_7.3, 4;
    %dup/vec4;
    %pushi/vec4 32819, 0, 17;
    %cmp/z;
    %jmp/1 T_7.4, 4;
    %dup/vec4;
    %pushi/vec4 19, 130048, 17;
    %cmp/z;
    %jmp/1 T_7.5, 4;
    %dup/vec4;
    %pushi/vec4 55, 130944, 17;
    %cmp/z;
    %jmp/1 T_7.6, 4;
    %dup/vec4;
    %pushi/vec4 99, 130048, 17;
    %cmp/z;
    %jmp/1 T_7.7, 4;
    %dup/vec4;
    %pushi/vec4 227, 130048, 17;
    %cmp/z;
    %jmp/1 T_7.8, 4;
    %jmp T_7.9;
T_7.0 ;
    %pushi/vec4 1, 0, 1;
    %store/vec4 v0x5e107da5b260_0, 0, 1;
    %pushi/vec4 0, 0, 3;
    %store/vec4 v0x5e107da5ab10_0, 0, 3;
    %jmp T_7.9;
T_7.1 ;
    %pushi/vec4 1, 0, 1;
    %store/vec4 v0x5e107da5b260_0, 0, 1;
    %pushi/vec4 1, 0, 3;
    %store/vec4 v0x5e107da5ab10_0, 0, 3;
    %jmp T_7.9;
T_7.2 ;
    %pushi/vec4 1, 0, 1;
    %store/vec4 v0x5e107da5b260_0, 0, 1;
    %pushi/vec4 2, 0, 3;
    %store/vec4 v0x5e107da5ab10_0, 0, 3;
    %jmp T_7.9;
T_7.3 ;
    %pushi/vec4 1, 0, 1;
    %store/vec4 v0x5e107da5b260_0, 0, 1;
    %pushi/vec4 3, 0, 3;
    %store/vec4 v0x5e107da5ab10_0, 0, 3;
    %jmp T_7.9;
T_7.4 ;
    %pushi/vec4 1, 0, 1;
    %store/vec4 v0x5e107da5b260_0, 0, 1;
    %pushi/vec4 4, 0, 3;
    %store/vec4 v0x5e107da5ab10_0, 0, 3;
    %jmp T_7.9;
T_7.5 ;
    %pushi/vec4 1, 0, 1;
    %store/vec4 v0x5e107da5b260_0, 0, 1;
    %pushi/vec4 1, 0, 1;
    %store/vec4 v0x5e107da5abd0_0, 0, 1;
    %pushi/vec4 0, 0, 3;
    %store/vec4 v0x5e107da5ab10_0, 0, 3;
    %jmp T_7.9;
T_7.6 ;
    %pushi/vec4 1, 0, 1;
    %store/vec4 v0x5e107da5b260_0, 0, 1;
    %pushi/vec4 1, 0, 1;
    %store/vec4 v0x5e107da5b330_0, 0, 1;
    %jmp T_7.9;
T_7.7 ;
    %pushi/vec4 1, 0, 1;
    %store/vec4 v0x5e107da5ad40_0, 0, 1;
    %pushi/vec4 1, 0, 1;
    %store/vec4 v0x5e107da5b070_0, 0, 1;
    %pushi/vec4 4, 0, 3;
    %store/vec4 v0x5e107da5ab10_0, 0, 3;
    %jmp T_7.9;
T_7.8 ;
    %pushi/vec4 1, 0, 1;
    %store/vec4 v0x5e107da5ad40_0, 0, 1;
    %pushi/vec4 4, 0, 3;
    %store/vec4 v0x5e107da5ab10_0, 0, 3;
    %jmp T_7.9;
T_7.9 ;
    %pop/vec4 1;
    %jmp T_7;
    .thread T_7, $push;
    .scope S_0x5e107da5d6a0;
T_8 ;
    %vpi_call/w 11 25 "$readmemh", "program.hex", v0x5e107da5def0 {0 0 0};
    %end;
    .thread T_8;
    .scope S_0x5e107da32a10;
T_9 ;
    %pushi/vec4 0, 0, 32;
    %store/vec4 v0x5e107da5e090_0, 0, 32;
    %pushi/vec4 0, 0, 1;
    %store/vec4 v0x5e107da5e7e0_0, 0, 1;
    %end;
    .thread T_9, $init;
    .scope S_0x5e107da32a10;
T_10 ;
    %pushi/vec4 0, 0, 1;
    %store/vec4 v0x5e107da5dff0_0, 0, 1;
T_10.0 ;
    %delay 5, 0;
    %load/vec4 v0x5e107da5dff0_0;
    %inv;
    %store/vec4 v0x5e107da5dff0_0, 0, 1;
    %jmp T_10.0;
    %end;
    .thread T_10;
    .scope S_0x5e107da32a10;
T_11 ;
    %pushi/vec4 1, 1, 1;
    %assign/vec4 v0x5e107da5e740_0, 0;
    %pushi/vec4 2, 0, 32;
T_11.0 %dup/vec4;
    %pushi/vec4 0, 0, 32;
    %cmp/s;
    %jmp/1xz T_11.1, 5;
    %jmp/1 T_11.1, 4;
    %pushi/vec4 1, 0, 32;
    %sub;
    %wait E_0x5e107da3c690;
    %jmp T_11.0;
T_11.1 ;
    %pop/vec4 1;
    %pushi/vec4 1, 0, 1;
    %assign/vec4 v0x5e107da5e740_0, 0;
    %pushi/vec4 2, 0, 32;
T_11.2 %dup/vec4;
    %pushi/vec4 0, 0, 32;
    %cmp/s;
    %jmp/1xz T_11.3, 5;
    %jmp/1 T_11.3, 4;
    %pushi/vec4 1, 0, 32;
    %sub;
    %wait E_0x5e107da3c690;
    %jmp T_11.2;
T_11.3 ;
    %pop/vec4 1;
    %pushi/vec4 0, 0, 1;
    %assign/vec4 v0x5e107da5e740_0, 0;
    %end;
    .thread T_11;
    .scope S_0x5e107da32a10;
T_12 ;
    %pushi/vec4 10, 0, 5;
    %assign/vec4 v0x5e107da5e570_0, 0;
    %wait E_0x5e107d9f0040;
    %pushi/vec4 1000, 0, 32;
T_12.0 %dup/vec4;
    %pushi/vec4 0, 0, 32;
    %cmp/s;
    %jmp/1xz T_12.1, 5;
    %jmp/1 T_12.1, 4;
    %pushi/vec4 1, 0, 32;
    %sub;
    %wait E_0x5e107da3c690;
    %load/vec4 v0x5e107da5e680_0;
    %pushi/vec4 2178309, 0, 32;
    %cmp/e;
    %flag_get/vec4 4;
    %load/vec4 v0x5e107da5e680_0;
    %pushi/vec4 479001600, 0, 32;
    %cmp/e;
    %flag_get/vec4 4;
    %or;
    %flag_set/vec4 8;
    %jmp/0xz  T_12.2, 8;
    %vpi_call/w 4 88 "$display", "%s PASS", "./tb.sv" {0 0 0};
    %vpi_call/w 4 89 "$finish" {0 0 0};
T_12.2 ;
    %jmp T_12.0;
T_12.1 ;
    %pop/vec4 1;
    %vpi_call/w 4 93 "$display", "%s FAIL: none of expected register values occured", "./tb.sv" {0 0 0};
    %vpi_call/w 4 96 "$finish" {0 0 0};
    %end;
    .thread T_12;
    .scope S_0x5e107da32a10;
T_13 ;
    %wait E_0x5e107da3c690;
    %vpi_call/w 4 109 "$write", "cycle %5d", v0x5e107da5e090_0 {0 0 0};
    %load/vec4 v0x5e107da5e090_0;
    %addi 1, 0, 32;
    %cast2;
    %assign/vec4 v0x5e107da5e090_0, 0;
    %load/vec4 v0x5e107da5e740_0;
    %flag_set/vec4 8;
    %jmp/0xz  T_13.0, 8;
    %vpi_call/w 4 114 "$write", " rst" {0 0 0};
    %pushi/vec4 1, 0, 1;
    %assign/vec4 v0x5e107da5e7e0_0, 0;
    %jmp T_13.1;
T_13.0 ;
    %vpi_call/w 4 119 "$write", "    " {0 0 0};
T_13.1 ;
    %load/vec4 v0x5e107da5e170_0;
    %load/vec4 v0x5e107da5e360_0;
    %cmp/ne;
    %jmp/0xz  T_13.2, 6;
    %vpi_call/w 4 123 "$write", " %h", v0x5e107da5e170_0 {0 0 0};
    %jmp T_13.3;
T_13.2 ;
    %vpi_call/w 4 125 "$write", "         " {0 0 0};
T_13.3 ;
    %load/vec4 v0x5e107da5e7e0_0;
    %load/vec4 v0x5e107da5e740_0;
    %inv;
    %and;
    %vpi_func 4 127 "$isunknown" 1, v0x5e107da5e270_0 {0 0 0};
    %and;
    %flag_set/vec4 8;
    %jmp/0xz  T_13.4, 8;
    %vpi_call/w 4 129 "$display", "%s FAIL: fetched instruction at address %x contains Xs: %x", "./tb.sv", v0x5e107da5e170_0, v0x5e107da5e270_0 {0 0 0};
    %vpi_call/w 4 132 "$finish" {0 0 0};
T_13.4 ;
    %load/vec4 v0x5e107da5e680_0;
    %load/vec4 v0x5e107da5e490_0;
    %cmp/ne;
    %jmp/0xz  T_13.6, 6;
    %vpi_call/w 4 136 "$write", " %h", v0x5e107da5e680_0 {0 0 0};
    %jmp T_13.7;
T_13.6 ;
    %vpi_call/w 4 138 "$write", "         " {0 0 0};
T_13.7 ;
    %load/vec4 v0x5e107da5e170_0;
    %assign/vec4 v0x5e107da5e360_0, 0;
    %load/vec4 v0x5e107da5e680_0;
    %assign/vec4 v0x5e107da5e490_0, 0;
    %vpi_call/w 4 143 "$display" {0 0 0};
    %jmp T_13;
    .thread T_13;
# The file index is used to find the file name in the following table.
:file_names 12;
    "N/A";
    "<interactive>";
    "-";
    "./sr_mdu.sv";
    "./tb.sv";
    "./sr_cpu.sv";
    "./sr_alu.sv";
    "./sr_register_file.sv";
    "./sr_decode.sv";
    "./register_with_rst_and_en.sv";
    "./sr_control.sv";
    "./instruction_rom.sv";
