#! /usr/bin/vvp
:ivl_version "12.0 (stable)";
:ivl_delay_selection "TYPICAL";
:vpi_time_precision + 0;
:vpi_module "/usr/lib/x86_64-linux-gnu/ivl/system.vpi";
:vpi_module "/usr/lib/x86_64-linux-gnu/ivl/vhdl_sys.vpi";
:vpi_module "/usr/lib/x86_64-linux-gnu/ivl/vhdl_textio.vpi";
:vpi_module "/usr/lib/x86_64-linux-gnu/ivl/v2005_math.vpi";
:vpi_module "/usr/lib/x86_64-linux-gnu/ivl/va_math.vpi";
:vpi_module "/usr/lib/x86_64-linux-gnu/ivl/v2009.vpi";
S_0x6546375ab3a0 .scope package, "$unit" "$unit" 2 1;
 .timescale 0 0;
S_0x6546375ec550 .scope module, "tb" "tb" 3 13;
 .timescale 0 0;
P_0x6546375edb60 .param/l "ADDR_W" 1 3 25, +C4<00000000000000000000000000001010>;
P_0x6546375edba0 .param/l "ROM_SIZE" 1 3 24, +C4<00000000000000000000010000000000>;
v0x654637614150_0 .var "clk", 0 0;
v0x6546376141f0_0 .var/2u "cycle", 31 0;
v0x6546376142d0_0 .net "imAddr", 31 0, L_0x654637624f60;  1 drivers
v0x6546376143d0_0 .net "imData", 31 0, L_0x6546375f1e80;  1 drivers
v0x6546376144c0_0 .var "prevImAddr", 31 0;
v0x6546376145f0_0 .var "prevRegData", 31 0;
v0x6546376146d0_0 .var "regAddr", 4 0;
v0x6546376147e0_0 .net "regData", 31 0, L_0x654637626f90;  1 drivers
v0x6546376148a0_0 .var "rst", 0 0;
v0x654637614940_0 .var/2u "wasRst", 0 0;
E_0x654637576f00 .event negedge, v0x654637610640_0;
L_0x6546376272b0 .part L_0x654637624f60, 0, 10;
S_0x6546375e8db0 .scope module, "cpu" "sr_cpu" 3 27, 4 15 0, S_0x6546375ec550;
 .timescale 0 0;
    .port_info 0 /INPUT 1 "clk";
    .port_info 1 /INPUT 1 "rst";
    .port_info 2 /OUTPUT 32 "imAddr";
    .port_info 3 /INPUT 32 "imData";
    .port_info 4 /INPUT 5 "regAddr";
    .port_info 5 /OUTPUT 32 "regData";
L_0x6546375eed10 .functor BUFZ 32, L_0x6546375f1e80, C4<00000000000000000000000000000000>, C4<00000000000000000000000000000000>, C4<00000000000000000000000000000000>;
v0x654637611650_0 .net *"_ivl_10", 29 0, L_0x654637624e00;  1 drivers
L_0x7f3bec929060 .functor BUFT 1, C4<00>, C4<0>, C4<0>, C4<0>;
v0x654637611750_0 .net *"_ivl_12", 1 0, L_0x7f3bec929060;  1 drivers
L_0x7f3bec929018 .functor BUFT 1, C4<00000000000000000000000000000100>, C4<0>, C4<0>, C4<0>;
v0x654637611830_0 .net/2u *"_ivl_2", 31 0, L_0x7f3bec929018;  1 drivers
L_0x7f3bec929450 .functor BUFT 1, C4<00000>, C4<0>, C4<0>, C4<0>;
v0x654637611920_0 .net/2u *"_ivl_20", 4 0, L_0x7f3bec929450;  1 drivers
v0x654637611a00_0 .net *"_ivl_22", 0 0, L_0x654637626e50;  1 drivers
v0x654637611ac0_0 .net "aluControl", 2 0, v0x654637610c70_0;  1 drivers
v0x654637611bd0_0 .net "aluResult", 31 0, v0x6546375eeeb0_0;  1 drivers
v0x654637611c90_0 .net "aluSrc", 0 0, v0x654637610d30_0;  1 drivers
v0x654637611d30_0 .net "aluZero", 0 0, L_0x654637626af0;  1 drivers
v0x654637611e60_0 .net "clk", 0 0, v0x654637614150_0;  1 drivers
v0x654637611f50_0 .net "cmdF3", 2 0, L_0x6546376252e0;  1 drivers
v0x654637612040_0 .net "cmdF7", 6 0, L_0x6546376254c0;  1 drivers
v0x654637612130_0 .net "cmdOp", 6 0, L_0x6546376250f0;  1 drivers
v0x654637612240_0 .net "imAddr", 31 0, L_0x654637624f60;  alias, 1 drivers
v0x654637612320_0 .net "imData", 31 0, L_0x6546375f1e80;  alias, 1 drivers
v0x654637612400_0 .net "immB", 31 0, v0x65463760faf0_0;  1 drivers
v0x6546376124c0_0 .net "immI", 31 0, v0x65463760fbd0_0;  1 drivers
v0x654637612560_0 .net "immU", 31 0, v0x65463760fd00_0;  1 drivers
v0x654637612600_0 .net "instr", 31 0, L_0x6546375eed10;  1 drivers
v0x6546376126a0_0 .net "pc", 31 0, v0x654637610550_0;  1 drivers
v0x654637612740_0 .net "pcBranch", 31 0, L_0x6546376149e0;  1 drivers
v0x654637612800_0 .net "pcNext", 31 0, L_0x654637624c20;  1 drivers
v0x6546376128f0_0 .net "pcPlus4", 31 0, L_0x654637624b30;  1 drivers
v0x6546376129b0_0 .net "pcSrc", 0 0, L_0x6546375ef5c0;  1 drivers
v0x654637612a80_0 .net "rd", 4 0, L_0x6546376251b0;  1 drivers
v0x654637612b70_0 .net "rd0", 31 0, L_0x654637625960;  1 drivers
v0x654637612c30_0 .net "rd1", 31 0, L_0x6546376260b0;  1 drivers
v0x654637612d20_0 .net "rd2", 31 0, L_0x654637626740;  1 drivers
v0x654637612de0_0 .net "regAddr", 4 0, v0x6546376146d0_0;  1 drivers
v0x654637612eb0_0 .net "regData", 31 0, L_0x654637626f90;  alias, 1 drivers
v0x654637612f70_0 .net "regWrite", 0 0, v0x6546376113c0_0;  1 drivers
v0x654637613060_0 .net "rs1", 4 0, L_0x654637625380;  1 drivers
v0x654637613170_0 .net "rs2", 4 0, L_0x654637625420;  1 drivers
v0x654637613490_0 .net "rst", 0 0, v0x6546376148a0_0;  1 drivers
v0x654637613530_0 .net "srcB", 31 0, L_0x654637626920;  1 drivers
v0x6546376135d0_0 .net "wd3", 31 0, L_0x654637626c30;  1 drivers
v0x654637613670_0 .net "wdSrc", 0 0, v0x654637611490_0;  1 drivers
L_0x6546376149e0 .arith/sum 32, v0x654637610550_0, v0x65463760faf0_0;
L_0x654637624b30 .arith/sum 32, v0x654637610550_0, L_0x7f3bec929018;
L_0x654637624c20 .functor MUXZ 32, L_0x654637624b30, L_0x6546376149e0, L_0x6546375ef5c0, C4<>;
L_0x654637624e00 .part v0x654637610550_0, 2, 30;
L_0x654637624f60 .concat [ 30 2 0 0], L_0x654637624e00, L_0x7f3bec929060;
L_0x654637626920 .functor MUXZ 32, L_0x654637626740, v0x65463760fbd0_0, v0x654637610d30_0, C4<>;
L_0x654637626c30 .functor MUXZ 32, v0x6546375eeeb0_0, v0x65463760fd00_0, v0x654637611490_0, C4<>;
L_0x654637626e50 .cmp/ne 5, v0x6546376146d0_0, L_0x7f3bec929450;
L_0x654637626f90 .functor MUXZ 32, v0x654637610550_0, L_0x654637625960, L_0x654637626e50, C4<>;
S_0x6546375ac710 .scope module, "alu" "sr_alu" 4 105, 5 15 0, S_0x6546375e8db0;
 .timescale 0 0;
    .port_info 0 /INPUT 32 "srcA";
    .port_info 1 /INPUT 32 "srcB";
    .port_info 2 /INPUT 3 "oper";
    .port_info 3 /OUTPUT 1 "zero";
    .port_info 4 /OUTPUT 32 "result";
L_0x7f3bec929408 .functor BUFT 1, C4<00000000000000000000000000000000>, C4<0>, C4<0>, C4<0>;
v0x6546375d6a70_0 .net/2u *"_ivl_0", 31 0, L_0x7f3bec929408;  1 drivers
v0x6546375eeab0_0 .net "oper", 2 0, v0x654637610c70_0;  alias, 1 drivers
v0x6546375eeeb0_0 .var "result", 31 0;
v0x6546375ef720_0 .net "srcA", 31 0, L_0x6546376260b0;  alias, 1 drivers
v0x6546375f2d80_0 .net "srcB", 31 0, L_0x654637626920;  alias, 1 drivers
v0x6546375aa500_0 .net "zero", 0 0, L_0x654637626af0;  alias, 1 drivers
E_0x6546375b0040 .event anyedge, v0x6546375eeab0_0, v0x6546375ef720_0, v0x6546375f2d80_0, v0x6546375f2d80_0;
L_0x654637626af0 .cmp/eq 32, v0x6546375eeeb0_0, L_0x7f3bec929408;
S_0x65463760d230 .scope module, "i_rf" "sr_register_file" 4 86, 6 15 0, S_0x6546375e8db0;
 .timescale 0 0;
    .port_info 0 /INPUT 1 "clk";
    .port_info 1 /INPUT 5 "a0";
    .port_info 2 /INPUT 5 "a1";
    .port_info 3 /INPUT 5 "a2";
    .port_info 4 /INPUT 5 "a3";
    .port_info 5 /OUTPUT 32 "rd0";
    .port_info 6 /OUTPUT 32 "rd1";
    .port_info 7 /OUTPUT 32 "rd2";
    .port_info 8 /INPUT 32 "wd3";
    .port_info 9 /INPUT 1 "we3";
v0x65463760d550_0 .net *"_ivl_0", 31 0, L_0x6546376255a0;  1 drivers
v0x65463760d650_0 .net *"_ivl_10", 6 0, L_0x654637625820;  1 drivers
L_0x7f3bec929138 .functor BUFT 1, C4<00>, C4<0>, C4<0>, C4<0>;
v0x65463760d730_0 .net *"_ivl_13", 1 0, L_0x7f3bec929138;  1 drivers
L_0x7f3bec929180 .functor BUFT 1, C4<00000000000000000000000000000000>, C4<0>, C4<0>, C4<0>;
v0x65463760d7f0_0 .net/2u *"_ivl_14", 31 0, L_0x7f3bec929180;  1 drivers
v0x65463760d8d0_0 .net *"_ivl_18", 31 0, L_0x654637625b40;  1 drivers
L_0x7f3bec9291c8 .functor BUFT 1, C4<000000000000000000000000000>, C4<0>, C4<0>, C4<0>;
v0x65463760da00_0 .net *"_ivl_21", 26 0, L_0x7f3bec9291c8;  1 drivers
L_0x7f3bec929210 .functor BUFT 1, C4<00000000000000000000000000000000>, C4<0>, C4<0>, C4<0>;
v0x65463760dae0_0 .net/2u *"_ivl_22", 31 0, L_0x7f3bec929210;  1 drivers
v0x65463760dbc0_0 .net *"_ivl_24", 0 0, L_0x654637625cb0;  1 drivers
v0x65463760dc80_0 .net *"_ivl_26", 31 0, L_0x654637625df0;  1 drivers
v0x65463760ddf0_0 .net *"_ivl_28", 6 0, L_0x654637625ee0;  1 drivers
L_0x7f3bec9290a8 .functor BUFT 1, C4<000000000000000000000000000>, C4<0>, C4<0>, C4<0>;
v0x65463760ded0_0 .net *"_ivl_3", 26 0, L_0x7f3bec9290a8;  1 drivers
L_0x7f3bec929258 .functor BUFT 1, C4<00>, C4<0>, C4<0>, C4<0>;
v0x65463760dfb0_0 .net *"_ivl_31", 1 0, L_0x7f3bec929258;  1 drivers
L_0x7f3bec9292a0 .functor BUFT 1, C4<00000000000000000000000000000000>, C4<0>, C4<0>, C4<0>;
v0x65463760e090_0 .net/2u *"_ivl_32", 31 0, L_0x7f3bec9292a0;  1 drivers
v0x65463760e170_0 .net *"_ivl_36", 31 0, L_0x654637626200;  1 drivers
L_0x7f3bec9292e8 .functor BUFT 1, C4<000000000000000000000000000>, C4<0>, C4<0>, C4<0>;
v0x65463760e250_0 .net *"_ivl_39", 26 0, L_0x7f3bec9292e8;  1 drivers
L_0x7f3bec9290f0 .functor BUFT 1, C4<00000000000000000000000000000000>, C4<0>, C4<0>, C4<0>;
v0x65463760e330_0 .net/2u *"_ivl_4", 31 0, L_0x7f3bec9290f0;  1 drivers
L_0x7f3bec929330 .functor BUFT 1, C4<00000000000000000000000000000000>, C4<0>, C4<0>, C4<0>;
v0x65463760e410_0 .net/2u *"_ivl_40", 31 0, L_0x7f3bec929330;  1 drivers
v0x65463760e4f0_0 .net *"_ivl_42", 0 0, L_0x654637626330;  1 drivers
v0x65463760e5b0_0 .net *"_ivl_44", 31 0, L_0x6546376264e0;  1 drivers
v0x65463760e690_0 .net *"_ivl_46", 6 0, L_0x654637626580;  1 drivers
L_0x7f3bec929378 .functor BUFT 1, C4<00>, C4<0>, C4<0>, C4<0>;
v0x65463760e770_0 .net *"_ivl_49", 1 0, L_0x7f3bec929378;  1 drivers
L_0x7f3bec9293c0 .functor BUFT 1, C4<00000000000000000000000000000000>, C4<0>, C4<0>, C4<0>;
v0x65463760e850_0 .net/2u *"_ivl_50", 31 0, L_0x7f3bec9293c0;  1 drivers
v0x65463760e930_0 .net *"_ivl_6", 0 0, L_0x654637625640;  1 drivers
v0x65463760e9f0_0 .net *"_ivl_8", 31 0, L_0x654637625780;  1 drivers
v0x65463760ead0_0 .net "a0", 4 0, v0x6546376146d0_0;  alias, 1 drivers
v0x65463760ebb0_0 .net "a1", 4 0, L_0x654637625380;  alias, 1 drivers
v0x65463760ec90_0 .net "a2", 4 0, L_0x654637625420;  alias, 1 drivers
v0x65463760ed70_0 .net "a3", 4 0, L_0x6546376251b0;  alias, 1 drivers
v0x65463760ee50_0 .net "clk", 0 0, v0x654637614150_0;  alias, 1 drivers
v0x65463760ef10_0 .net "rd0", 31 0, L_0x654637625960;  alias, 1 drivers
v0x65463760eff0_0 .net "rd1", 31 0, L_0x6546376260b0;  alias, 1 drivers
v0x65463760f0b0_0 .net "rd2", 31 0, L_0x654637626740;  alias, 1 drivers
v0x65463760f170 .array "rf", 31 0, 31 0;
v0x65463760f230_0 .net "wd3", 31 0, L_0x654637626c30;  alias, 1 drivers
v0x65463760f310_0 .net "we3", 0 0, v0x6546376113c0_0;  alias, 1 drivers
E_0x65463759a8e0 .event posedge, v0x65463760ee50_0;
L_0x6546376255a0 .concat [ 5 27 0 0], v0x6546376146d0_0, L_0x7f3bec9290a8;
L_0x654637625640 .cmp/ne 32, L_0x6546376255a0, L_0x7f3bec9290f0;
L_0x654637625780 .array/port v0x65463760f170, L_0x654637625820;
L_0x654637625820 .concat [ 5 2 0 0], v0x6546376146d0_0, L_0x7f3bec929138;
L_0x654637625960 .functor MUXZ 32, L_0x7f3bec929180, L_0x654637625780, L_0x654637625640, C4<>;
L_0x654637625b40 .concat [ 5 27 0 0], L_0x654637625380, L_0x7f3bec9291c8;
L_0x654637625cb0 .cmp/ne 32, L_0x654637625b40, L_0x7f3bec929210;
L_0x654637625df0 .array/port v0x65463760f170, L_0x654637625ee0;
L_0x654637625ee0 .concat [ 5 2 0 0], L_0x654637625380, L_0x7f3bec929258;
L_0x6546376260b0 .functor MUXZ 32, L_0x7f3bec9292a0, L_0x654637625df0, L_0x654637625cb0, C4<>;
L_0x654637626200 .concat [ 5 27 0 0], L_0x654637625420, L_0x7f3bec9292e8;
L_0x654637626330 .cmp/ne 32, L_0x654637626200, L_0x7f3bec929330;
L_0x6546376264e0 .array/port v0x65463760f170, L_0x654637626580;
L_0x654637626580 .concat [ 5 2 0 0], L_0x654637625420, L_0x7f3bec929378;
L_0x654637626740 .functor MUXZ 32, L_0x7f3bec9293c0, L_0x6546376264e0, L_0x654637626330, C4<>;
S_0x65463760f510 .scope module, "id" "sr_decode" 4 65, 7 15 0, S_0x6546375e8db0;
 .timescale 0 0;
    .port_info 0 /INPUT 32 "instr";
    .port_info 1 /OUTPUT 7 "cmdOp";
    .port_info 2 /OUTPUT 5 "rd";
    .port_info 3 /OUTPUT 3 "cmdF3";
    .port_info 4 /OUTPUT 5 "rs1";
    .port_info 5 /OUTPUT 5 "rs2";
    .port_info 6 /OUTPUT 7 "cmdF7";
    .port_info 7 /OUTPUT 32 "immI";
    .port_info 8 /OUTPUT 32 "immB";
    .port_info 9 /OUTPUT 32 "immU";
v0x65463760f850_0 .net "cmdF3", 2 0, L_0x6546376252e0;  alias, 1 drivers
v0x65463760f950_0 .net "cmdF7", 6 0, L_0x6546376254c0;  alias, 1 drivers
v0x65463760fa30_0 .net "cmdOp", 6 0, L_0x6546376250f0;  alias, 1 drivers
v0x65463760faf0_0 .var "immB", 31 0;
v0x65463760fbd0_0 .var "immI", 31 0;
v0x65463760fd00_0 .var "immU", 31 0;
v0x65463760fde0_0 .net "instr", 31 0, L_0x6546375eed10;  alias, 1 drivers
v0x65463760fec0_0 .net "rd", 4 0, L_0x6546376251b0;  alias, 1 drivers
v0x65463760ff80_0 .net "rs1", 4 0, L_0x654637625380;  alias, 1 drivers
v0x654637610020_0 .net "rs2", 4 0, L_0x654637625420;  alias, 1 drivers
E_0x6546375f2a30 .event anyedge, v0x65463760fde0_0;
E_0x6546375f1fa0 .event anyedge, v0x65463760fde0_0, v0x65463760fde0_0, v0x65463760fde0_0, v0x65463760fde0_0;
E_0x65463760f7f0 .event anyedge, v0x65463760fde0_0, v0x65463760fde0_0;
L_0x6546376250f0 .part L_0x6546375eed10, 0, 7;
L_0x6546376251b0 .part L_0x6546375eed10, 7, 5;
L_0x6546376252e0 .part L_0x6546375eed10, 12, 3;
L_0x654637625380 .part L_0x6546375eed10, 15, 5;
L_0x654637625420 .part L_0x6546375eed10, 20, 5;
L_0x6546376254c0 .part L_0x6546375eed10, 25, 7;
S_0x654637610240 .scope module, "r_pc" "register_with_rst" 4 56, 8 13 0, S_0x6546375e8db0;
 .timescale 0 0;
    .port_info 0 /INPUT 1 "clk";
    .port_info 1 /INPUT 1 "rst";
    .port_info 2 /INPUT 32 "d";
    .port_info 3 /OUTPUT 32 "q";
v0x6546376103d0_0 .net "clk", 0 0, v0x654637614150_0;  alias, 1 drivers
v0x654637610490_0 .net "d", 31 0, L_0x654637624c20;  alias, 1 drivers
v0x654637610550_0 .var "q", 31 0;
v0x654637610640_0 .net "rst", 0 0, v0x6546376148a0_0;  alias, 1 drivers
S_0x6546376107b0 .scope module, "sm_control" "sr_control" 4 120, 9 15 0, S_0x6546375e8db0;
 .timescale 0 0;
    .port_info 0 /INPUT 7 "cmdOp";
    .port_info 1 /INPUT 3 "cmdF3";
    .port_info 2 /INPUT 7 "cmdF7";
    .port_info 3 /INPUT 1 "aluZero";
    .port_info 4 /OUTPUT 1 "pcSrc";
    .port_info 5 /OUTPUT 1 "regWrite";
    .port_info 6 /OUTPUT 1 "aluSrc";
    .port_info 7 /OUTPUT 1 "wdSrc";
    .port_info 8 /OUTPUT 3 "aluControl";
L_0x654637626470 .functor XNOR 1, L_0x654637626af0, v0x6546376111d0_0, C4<0>, C4<0>;
L_0x6546375ef5c0 .functor AND 1, v0x654637610ea0_0, L_0x654637626470, C4<1>, C4<1>;
v0x654637610b90_0 .net *"_ivl_0", 0 0, L_0x654637626470;  1 drivers
v0x654637610c70_0 .var "aluControl", 2 0;
v0x654637610d30_0 .var "aluSrc", 0 0;
v0x654637610dd0_0 .net "aluZero", 0 0, L_0x654637626af0;  alias, 1 drivers
v0x654637610ea0_0 .var "branch", 0 0;
v0x654637610f90_0 .net "cmdF3", 2 0, L_0x6546376252e0;  alias, 1 drivers
v0x654637611030_0 .net "cmdF7", 6 0, L_0x6546376254c0;  alias, 1 drivers
v0x654637611100_0 .net "cmdOp", 6 0, L_0x6546376250f0;  alias, 1 drivers
v0x6546376111d0_0 .var "condZero", 0 0;
v0x654637611300_0 .net "pcSrc", 0 0, L_0x6546375ef5c0;  alias, 1 drivers
v0x6546376113c0_0 .var "regWrite", 0 0;
v0x654637611490_0 .var "wdSrc", 0 0;
E_0x654637610b10 .event anyedge, v0x65463760f950_0, v0x65463760f850_0, v0x65463760fa30_0;
S_0x654637613800 .scope module, "i_rom" "instruction_rom" 3 39, 10 13 0, S_0x6546375ec550;
 .timescale 0 0;
    .port_info 0 /INPUT 10 "a";
    .port_info 1 /OUTPUT 32 "rd";
P_0x654637611dd0 .param/l "ADDR_W" 0 10 16, +C4<00000000000000000000000000001010>;
P_0x654637611e10 .param/l "SIZE" 0 10 15, +C4<00000000000000000000010000000000>;
L_0x6546375f1e80 .functor BUFZ 32, L_0x6546376270d0, C4<00000000000000000000000000000000>, C4<00000000000000000000000000000000>, C4<00000000000000000000000000000000>;
v0x654637613b90_0 .net *"_ivl_0", 31 0, L_0x6546376270d0;  1 drivers
v0x654637613c90_0 .net *"_ivl_2", 11 0, L_0x654637627170;  1 drivers
L_0x7f3bec929498 .functor BUFT 1, C4<00>, C4<0>, C4<0>, C4<0>;
v0x654637613d70_0 .net *"_ivl_5", 1 0, L_0x7f3bec929498;  1 drivers
v0x654637613e60_0 .net "a", 9 0, L_0x6546376272b0;  1 drivers
v0x654637613f40_0 .net "rd", 31 0, L_0x6546375f1e80;  alias, 1 drivers
v0x654637614050 .array "rom", 1023 0, 31 0;
L_0x6546376270d0 .array/port v0x654637614050, L_0x654637627170;
L_0x654637627170 .concat [ 10 2 0 0], L_0x6546376272b0, L_0x7f3bec929498;
    .scope S_0x654637610240;
T_0 ;
    %wait E_0x65463759a8e0;
    %load/vec4 v0x654637610640_0;
    %flag_set/vec4 8;
    %jmp/0xz  T_0.0, 8;
    %pushi/vec4 0, 0, 32;
    %assign/vec4 v0x654637610550_0, 0;
    %jmp T_0.1;
T_0.0 ;
    %load/vec4 v0x654637610490_0;
    %assign/vec4 v0x654637610550_0, 0;
T_0.1 ;
    %jmp T_0;
    .thread T_0;
    .scope S_0x65463760f510;
T_1 ;
Ewait_0 .event/or E_0x65463760f7f0, E_0x0;
    %wait Ewait_0;
    %load/vec4 v0x65463760fde0_0;
    %parti/s 11, 20, 6;
    %ix/load 4, 0, 0;
    %flag_set/imm 4, 0;
    %store/vec4 v0x65463760fbd0_0, 4, 11;
    %load/vec4 v0x65463760fde0_0;
    %parti/s 1, 31, 6;
    %replicate 21;
    %ix/load 4, 11, 0;
    %flag_set/imm 4, 0;
    %store/vec4 v0x65463760fbd0_0, 4, 21;
    %jmp T_1;
    .thread T_1, $push;
    .scope S_0x65463760f510;
T_2 ;
Ewait_1 .event/or E_0x6546375f1fa0, E_0x0;
    %wait Ewait_1;
    %pushi/vec4 0, 0, 1;
    %ix/load 4, 0, 0;
    %flag_set/imm 4, 0;
    %store/vec4 v0x65463760faf0_0, 4, 1;
    %load/vec4 v0x65463760fde0_0;
    %parti/s 4, 8, 5;
    %ix/load 4, 1, 0;
    %flag_set/imm 4, 0;
    %store/vec4 v0x65463760faf0_0, 4, 4;
    %load/vec4 v0x65463760fde0_0;
    %parti/s 6, 25, 6;
    %ix/load 4, 5, 0;
    %flag_set/imm 4, 0;
    %store/vec4 v0x65463760faf0_0, 4, 6;
    %load/vec4 v0x65463760fde0_0;
    %parti/s 1, 7, 4;
    %ix/load 4, 11, 0;
    %flag_set/imm 4, 0;
    %store/vec4 v0x65463760faf0_0, 4, 1;
    %load/vec4 v0x65463760fde0_0;
    %parti/s 1, 31, 6;
    %replicate 20;
    %ix/load 4, 12, 0;
    %flag_set/imm 4, 0;
    %store/vec4 v0x65463760faf0_0, 4, 20;
    %jmp T_2;
    .thread T_2, $push;
    .scope S_0x65463760f510;
T_3 ;
Ewait_2 .event/or E_0x6546375f2a30, E_0x0;
    %wait Ewait_2;
    %pushi/vec4 0, 0, 12;
    %ix/load 4, 0, 0;
    %flag_set/imm 4, 0;
    %store/vec4 v0x65463760fd00_0, 4, 12;
    %load/vec4 v0x65463760fde0_0;
    %parti/s 20, 12, 5;
    %ix/load 4, 12, 0;
    %flag_set/imm 4, 0;
    %store/vec4 v0x65463760fd00_0, 4, 20;
    %jmp T_3;
    .thread T_3, $push;
    .scope S_0x65463760d230;
T_4 ;
    %wait E_0x65463759a8e0;
    %load/vec4 v0x65463760f310_0;
    %flag_set/vec4 8;
    %jmp/0xz  T_4.0, 8;
    %load/vec4 v0x65463760f230_0;
    %load/vec4 v0x65463760ed70_0;
    %pad/u 7;
    %ix/vec4 3;
    %ix/load 4, 0, 0; Constant delay
    %assign/vec4/a/d v0x65463760f170, 0, 4;
T_4.0 ;
    %jmp T_4;
    .thread T_4;
    .scope S_0x6546375ac710;
T_5 ;
Ewait_3 .event/or E_0x6546375b0040, E_0x0;
    %wait Ewait_3;
    %load/vec4 v0x6546375eeab0_0;
    %dup/vec4;
    %pushi/vec4 0, 0, 3;
    %cmp/u;
    %jmp/1 T_5.1, 6;
    %dup/vec4;
    %pushi/vec4 1, 0, 3;
    %cmp/u;
    %jmp/1 T_5.2, 6;
    %dup/vec4;
    %pushi/vec4 2, 0, 3;
    %cmp/u;
    %jmp/1 T_5.3, 6;
    %dup/vec4;
    %pushi/vec4 3, 0, 3;
    %cmp/u;
    %jmp/1 T_5.4, 6;
    %dup/vec4;
    %pushi/vec4 4, 0, 3;
    %cmp/u;
    %jmp/1 T_5.5, 6;
    %load/vec4 v0x6546375ef720_0;
    %load/vec4 v0x6546375f2d80_0;
    %add;
    %store/vec4 v0x6546375eeeb0_0, 0, 32;
    %jmp T_5.6;
T_5.1 ;
    %load/vec4 v0x6546375ef720_0;
    %load/vec4 v0x6546375f2d80_0;
    %add;
    %store/vec4 v0x6546375eeeb0_0, 0, 32;
    %jmp T_5.6;
T_5.2 ;
    %load/vec4 v0x6546375ef720_0;
    %load/vec4 v0x6546375f2d80_0;
    %or;
    %store/vec4 v0x6546375eeeb0_0, 0, 32;
    %jmp T_5.6;
T_5.3 ;
    %load/vec4 v0x6546375ef720_0;
    %load/vec4 v0x6546375f2d80_0;
    %parti/s 5, 0, 2;
    %ix/vec4 4;
    %shiftr 4;
    %store/vec4 v0x6546375eeeb0_0, 0, 32;
    %jmp T_5.6;
T_5.4 ;
    %load/vec4 v0x6546375ef720_0;
    %load/vec4 v0x6546375f2d80_0;
    %cmp/u;
    %flag_mov 8, 5;
    %jmp/0 T_5.7, 8;
    %pushi/vec4 1, 0, 32;
    %jmp/1 T_5.8, 8;
T_5.7 ; End of true expr.
    %pushi/vec4 0, 0, 32;
    %jmp/0 T_5.8, 8;
 ; End of false expr.
    %blend;
T_5.8;
    %store/vec4 v0x6546375eeeb0_0, 0, 32;
    %jmp T_5.6;
T_5.5 ;
    %load/vec4 v0x6546375ef720_0;
    %load/vec4 v0x6546375f2d80_0;
    %sub;
    %store/vec4 v0x6546375eeeb0_0, 0, 32;
    %jmp T_5.6;
T_5.6 ;
    %pop/vec4 1;
    %jmp T_5;
    .thread T_5, $push;
    .scope S_0x6546376107b0;
T_6 ;
Ewait_4 .event/or E_0x654637610b10, E_0x0;
    %wait Ewait_4;
    %pushi/vec4 0, 0, 1;
    %store/vec4 v0x654637610ea0_0, 0, 1;
    %pushi/vec4 0, 0, 1;
    %store/vec4 v0x6546376111d0_0, 0, 1;
    %pushi/vec4 0, 0, 1;
    %store/vec4 v0x6546376113c0_0, 0, 1;
    %pushi/vec4 0, 0, 1;
    %store/vec4 v0x654637610d30_0, 0, 1;
    %pushi/vec4 0, 0, 1;
    %store/vec4 v0x654637611490_0, 0, 1;
    %pushi/vec4 0, 0, 3;
    %store/vec4 v0x654637610c70_0, 0, 3;
    %load/vec4 v0x654637611030_0;
    %load/vec4 v0x654637610f90_0;
    %concat/vec4; draw_concat_vec4
    %load/vec4 v0x654637611100_0;
    %concat/vec4; draw_concat_vec4
    %dup/vec4;
    %pushi/vec4 51, 0, 17;
    %cmp/z;
    %jmp/1 T_6.0, 4;
    %dup/vec4;
    %pushi/vec4 819, 0, 17;
    %cmp/z;
    %jmp/1 T_6.1, 4;
    %dup/vec4;
    %pushi/vec4 691, 0, 17;
    %cmp/z;
    %jmp/1 T_6.2, 4;
    %dup/vec4;
    %pushi/vec4 435, 0, 17;
    %cmp/z;
    %jmp/1 T_6.3, 4;
    %dup/vec4;
    %pushi/vec4 32819, 0, 17;
    %cmp/z;
    %jmp/1 T_6.4, 4;
    %dup/vec4;
    %pushi/vec4 19, 130048, 17;
    %cmp/z;
    %jmp/1 T_6.5, 4;
    %dup/vec4;
    %pushi/vec4 55, 130944, 17;
    %cmp/z;
    %jmp/1 T_6.6, 4;
    %dup/vec4;
    %pushi/vec4 99, 130048, 17;
    %cmp/z;
    %jmp/1 T_6.7, 4;
    %dup/vec4;
    %pushi/vec4 227, 130048, 17;
    %cmp/z;
    %jmp/1 T_6.8, 4;
    %jmp T_6.9;
T_6.0 ;
    %pushi/vec4 1, 0, 1;
    %store/vec4 v0x6546376113c0_0, 0, 1;
    %pushi/vec4 0, 0, 3;
    %store/vec4 v0x654637610c70_0, 0, 3;
    %jmp T_6.9;
T_6.1 ;
    %pushi/vec4 1, 0, 1;
    %store/vec4 v0x6546376113c0_0, 0, 1;
    %pushi/vec4 1, 0, 3;
    %store/vec4 v0x654637610c70_0, 0, 3;
    %jmp T_6.9;
T_6.2 ;
    %pushi/vec4 1, 0, 1;
    %store/vec4 v0x6546376113c0_0, 0, 1;
    %pushi/vec4 2, 0, 3;
    %store/vec4 v0x654637610c70_0, 0, 3;
    %jmp T_6.9;
T_6.3 ;
    %pushi/vec4 1, 0, 1;
    %store/vec4 v0x6546376113c0_0, 0, 1;
    %pushi/vec4 3, 0, 3;
    %store/vec4 v0x654637610c70_0, 0, 3;
    %jmp T_6.9;
T_6.4 ;
    %pushi/vec4 1, 0, 1;
    %store/vec4 v0x6546376113c0_0, 0, 1;
    %pushi/vec4 4, 0, 3;
    %store/vec4 v0x654637610c70_0, 0, 3;
    %jmp T_6.9;
T_6.5 ;
    %pushi/vec4 1, 0, 1;
    %store/vec4 v0x6546376113c0_0, 0, 1;
    %pushi/vec4 1, 0, 1;
    %store/vec4 v0x654637610d30_0, 0, 1;
    %pushi/vec4 0, 0, 3;
    %store/vec4 v0x654637610c70_0, 0, 3;
    %jmp T_6.9;
T_6.6 ;
    %pushi/vec4 1, 0, 1;
    %store/vec4 v0x6546376113c0_0, 0, 1;
    %pushi/vec4 1, 0, 1;
    %store/vec4 v0x654637611490_0, 0, 1;
    %jmp T_6.9;
T_6.7 ;
    %pushi/vec4 1, 0, 1;
    %store/vec4 v0x654637610ea0_0, 0, 1;
    %pushi/vec4 1, 0, 1;
    %store/vec4 v0x6546376111d0_0, 0, 1;
    %pushi/vec4 4, 0, 3;
    %store/vec4 v0x654637610c70_0, 0, 3;
    %jmp T_6.9;
T_6.8 ;
    %pushi/vec4 1, 0, 1;
    %store/vec4 v0x654637610ea0_0, 0, 1;
    %pushi/vec4 4, 0, 3;
    %store/vec4 v0x654637610c70_0, 0, 3;
    %jmp T_6.9;
T_6.9 ;
    %pop/vec4 1;
    %jmp T_6;
    .thread T_6, $push;
    .scope S_0x654637613800;
T_7 ;
    %vpi_call/w 10 25 "$readmemh", "program.hex", v0x654637614050 {0 0 0};
    %end;
    .thread T_7;
    .scope S_0x6546375ec550;
T_8 ;
    %pushi/vec4 0, 0, 32;
    %store/vec4 v0x6546376141f0_0, 0, 32;
    %pushi/vec4 0, 0, 1;
    %store/vec4 v0x654637614940_0, 0, 1;
    %end;
    .thread T_8, $init;
    .scope S_0x6546375ec550;
T_9 ;
    %pushi/vec4 0, 0, 1;
    %store/vec4 v0x654637614150_0, 0, 1;
T_9.0 ;
    %delay 5, 0;
    %load/vec4 v0x654637614150_0;
    %inv;
    %store/vec4 v0x654637614150_0, 0, 1;
    %jmp T_9.0;
    %end;
    .thread T_9;
    .scope S_0x6546375ec550;
T_10 ;
    %pushi/vec4 1, 1, 1;
    %assign/vec4 v0x6546376148a0_0, 0;
    %pushi/vec4 2, 0, 32;
T_10.0 %dup/vec4;
    %pushi/vec4 0, 0, 32;
    %cmp/s;
    %jmp/1xz T_10.1, 5;
    %jmp/1 T_10.1, 4;
    %pushi/vec4 1, 0, 32;
    %sub;
    %wait E_0x65463759a8e0;
    %jmp T_10.0;
T_10.1 ;
    %pop/vec4 1;
    %pushi/vec4 1, 0, 1;
    %assign/vec4 v0x6546376148a0_0, 0;
    %pushi/vec4 2, 0, 32;
T_10.2 %dup/vec4;
    %pushi/vec4 0, 0, 32;
    %cmp/s;
    %jmp/1xz T_10.3, 5;
    %jmp/1 T_10.3, 4;
    %pushi/vec4 1, 0, 32;
    %sub;
    %wait E_0x65463759a8e0;
    %jmp T_10.2;
T_10.3 ;
    %pop/vec4 1;
    %pushi/vec4 0, 0, 1;
    %assign/vec4 v0x6546376148a0_0, 0;
    %end;
    .thread T_10;
    .scope S_0x6546375ec550;
T_11 ;
    %pushi/vec4 10, 0, 5;
    %assign/vec4 v0x6546376146d0_0, 0;
    %wait E_0x654637576f00;
    %pushi/vec4 1000, 0, 32;
T_11.0 %dup/vec4;
    %pushi/vec4 0, 0, 32;
    %cmp/s;
    %jmp/1xz T_11.1, 5;
    %jmp/1 T_11.1, 4;
    %pushi/vec4 1, 0, 32;
    %sub;
    %wait E_0x65463759a8e0;
    %load/vec4 v0x6546376147e0_0;
    %pushi/vec4 2178309, 0, 32;
    %cmp/e;
    %flag_get/vec4 4;
    %load/vec4 v0x6546376147e0_0;
    %pushi/vec4 479001600, 0, 32;
    %cmp/e;
    %flag_get/vec4 4;
    %or;
    %flag_set/vec4 8;
    %jmp/0xz  T_11.2, 8;
    %vpi_call/w 3 88 "$display", "%s PASS", "./tb.sv" {0 0 0};
    %vpi_call/w 3 89 "$finish" {0 0 0};
T_11.2 ;
    %jmp T_11.0;
T_11.1 ;
    %pop/vec4 1;
    %vpi_call/w 3 93 "$display", "%s FAIL: none of expected register values occured", "./tb.sv" {0 0 0};
    %vpi_call/w 3 96 "$finish" {0 0 0};
    %end;
    .thread T_11;
    .scope S_0x6546375ec550;
T_12 ;
    %wait E_0x65463759a8e0;
    %vpi_call/w 3 109 "$write", "cycle %5d", v0x6546376141f0_0 {0 0 0};
    %load/vec4 v0x6546376141f0_0;
    %addi 1, 0, 32;
    %cast2;
    %assign/vec4 v0x6546376141f0_0, 0;
    %load/vec4 v0x6546376148a0_0;
    %flag_set/vec4 8;
    %jmp/0xz  T_12.0, 8;
    %vpi_call/w 3 114 "$write", " rst" {0 0 0};
    %pushi/vec4 1, 0, 1;
    %assign/vec4 v0x654637614940_0, 0;
    %jmp T_12.1;
T_12.0 ;
    %vpi_call/w 3 119 "$write", "    " {0 0 0};
T_12.1 ;
    %load/vec4 v0x6546376142d0_0;
    %load/vec4 v0x6546376144c0_0;
    %cmp/ne;
    %jmp/0xz  T_12.2, 6;
    %vpi_call/w 3 123 "$write", " %h", v0x6546376142d0_0 {0 0 0};
    %jmp T_12.3;
T_12.2 ;
    %vpi_call/w 3 125 "$write", "         " {0 0 0};
T_12.3 ;
    %load/vec4 v0x654637614940_0;
    %load/vec4 v0x6546376148a0_0;
    %inv;
    %and;
    %vpi_func 3 127 "$isunknown" 1, v0x6546376143d0_0 {0 0 0};
    %and;
    %flag_set/vec4 8;
    %jmp/0xz  T_12.4, 8;
    %vpi_call/w 3 129 "$display", "%s FAIL: fetched instruction at address %x contains Xs: %x", "./tb.sv", v0x6546376142d0_0, v0x6546376143d0_0 {0 0 0};
    %vpi_call/w 3 132 "$finish" {0 0 0};
T_12.4 ;
    %load/vec4 v0x6546376147e0_0;
    %load/vec4 v0x6546376145f0_0;
    %cmp/ne;
    %jmp/0xz  T_12.6, 6;
    %vpi_call/w 3 136 "$write", " %h", v0x6546376147e0_0 {0 0 0};
    %jmp T_12.7;
T_12.6 ;
    %vpi_call/w 3 138 "$write", "         " {0 0 0};
T_12.7 ;
    %load/vec4 v0x6546376142d0_0;
    %assign/vec4 v0x6546376144c0_0, 0;
    %load/vec4 v0x6546376147e0_0;
    %assign/vec4 v0x6546376145f0_0, 0;
    %vpi_call/w 3 143 "$display" {0 0 0};
    %jmp T_12;
    .thread T_12;
# The file index is used to find the file name in the following table.
:file_names 11;
    "N/A";
    "<interactive>";
    "-";
    "./tb.sv";
    "./sr_cpu.sv";
    "./sr_alu.sv";
    "./sr_register_file.sv";
    "./sr_decode.sv";
    "./register_with_rst.sv";
    "./sr_control.sv";
    "./instruction_rom.sv";
