#! /usr/bin/vvp
:ivl_version "12.0 (stable)";
:ivl_delay_selection "TYPICAL";
:vpi_time_precision + 0;
:vpi_module "/usr/lib/x86_64-linux-gnu/ivl/system.vpi";
:vpi_module "/usr/lib/x86_64-linux-gnu/ivl/vhdl_sys.vpi";
:vpi_module "/usr/lib/x86_64-linux-gnu/ivl/vhdl_textio.vpi";
:vpi_module "/usr/lib/x86_64-linux-gnu/ivl/v2005_math.vpi";
:vpi_module "/usr/lib/x86_64-linux-gnu/ivl/va_math.vpi";
:vpi_module "/usr/lib/x86_64-linux-gnu/ivl/v2009.vpi";
S_0x5c2b5c943320 .scope package, "$unit" "$unit" 2 1;
 .timescale 0 0;
S_0x5c2b5c94b760 .scope module, "tb" "tb" 3 1;
 .timescale 0 0;
P_0x5c2b5c93b090 .param/l "allow_push_when_full_with_pop" 1 3 5, +C4<00000000000000000000000000000001>;
P_0x5c2b5c93b0d0 .param/l "fifo_depth" 1 3 4, +C4<00000000000000000000000000001000>;
P_0x5c2b5c93b110 .param/l "fifo_width" 1 3 3, +C4<00000000000000000000000000001000>;
v0x5c2b5c97eb90_0 .var "clk", 0 0;
v0x5c2b5c97ec50_0 .net "empty", 0 0, L_0x5c2b5c97fb60;  1 drivers
v0x5c2b5c97ed60_0 .net "full", 0 0, L_0x5c2b5c9345f0;  1 drivers
v0x5c2b5c97ee50_0 .var "pop", 0 0;
v0x5c2b5c97ef40_0 .var "push", 0 0;
v0x5c2b5c97f080_0 .net "read_data", 7 0, L_0x5c2b5c95bd80;  1 drivers
v0x5c2b5c97f170_0 .var "rst", 0 0;
v0x5c2b5c97f260_0 .var "write_data", 7 0;
S_0x5c2b5c94b9e0 .scope begin, "$ivl_for_loop1" "$ivl_for_loop1" 3 81, 3 81 0, S_0x5c2b5c94b760;
 .timescale 0 0;
v0x5c2b5c95c260_0 .var/2s "i", 31 0;
E_0x5c2b5c940540 .event posedge, v0x5c2b5c939ce0_0;
S_0x5c2b5c97c520 .scope begin, "$ivl_for_loop2" "$ivl_for_loop2" 3 102, 3 102 0, S_0x5c2b5c94b760;
 .timescale 0 0;
v0x5c2b5c934710_0 .var/2s "i", 31 0;
S_0x5c2b5c97c710 .scope begin, "$ivl_for_loop3" "$ivl_for_loop3" 3 111, 3 111 0, S_0x5c2b5c94b760;
 .timescale 0 0;
v0x5c2b5c9347e0_0 .var/2s "i", 31 0;
S_0x5c2b5c97c930 .scope module, "monitor" "fifo_monitor" 3 33, 4 1 0, S_0x5c2b5c94b760;
 .timescale 0 0;
    .port_info 0 /INPUT 1 "clk";
    .port_info 1 /INPUT 1 "rst";
    .port_info 2 /INPUT 1 "push";
    .port_info 3 /INPUT 1 "pop";
    .port_info 4 /INPUT 8 "write_data";
    .port_info 5 /INPUT 8 "read_data";
    .port_info 6 /INPUT 1 "empty";
    .port_info 7 /INPUT 1 "full";
P_0x5c2b5c95b5e0 .param/l "allow_push_when_full_with_pop" 0 4 5, +C4<00000000000000000000000000000001>;
P_0x5c2b5c95b620 .param/l "depth" 0 4 4, +C4<00000000000000000000000000001000>;
P_0x5c2b5c95b660 .param/l "width" 0 4 3, +C4<00000000000000000000000000001000>;
v0x5c2b5c939ce0_0 .net "clk", 0 0, v0x5c2b5c97eb90_0;  1 drivers
v0x5c2b5c95a860_0 .net "empty", 0 0, L_0x5c2b5c97fb60;  alias, 1 drivers
v0x5c2b5c959a70_0 .net "full", 0 0, L_0x5c2b5c9345f0;  alias, 1 drivers
v0x5c2b5c97cfa0_0 .net "pop", 0 0, v0x5c2b5c97ee50_0;  1 drivers
v0x5c2b5c97d060_0 .net "push", 0 0, v0x5c2b5c97ef40_0;  1 drivers
v0x5c2b5c97d170_0 .var/queue "queue", 8;
v0x5c2b5c97d210_0 .net "read_data", 7 0, L_0x5c2b5c95bd80;  alias, 1 drivers
v0x5c2b5c97d2f0_0 .net "rst", 0 0, v0x5c2b5c97f170_0;  1 drivers
v0x5c2b5c97d3b0_0 .var "was_reset", 0 0;
v0x5c2b5c97d470_0 .net "write_data", 7 0, v0x5c2b5c97f260_0;  1 drivers
S_0x5c2b5c97ccb0 .scope begin, "$ivl_for_loop0" "$ivl_for_loop0" 4 103, 4 103 0, S_0x5c2b5c97c930;
 .timescale 0 0;
v0x5c2b5c935460_0 .var/2s "i", 31 0;
S_0x5c2b5c97d650 .scope module, "rtl" "ff_fifo_pow2_depth" 3 25, 5 1 0, S_0x5c2b5c94b760;
 .timescale 0 0;
    .port_info 0 /INPUT 1 "clk";
    .port_info 1 /INPUT 1 "rst";
    .port_info 2 /INPUT 1 "push";
    .port_info 3 /INPUT 1 "pop";
    .port_info 4 /INPUT 8 "write_data";
    .port_info 5 /OUTPUT 8 "read_data";
    .port_info 6 /OUTPUT 1 "empty";
    .port_info 7 /OUTPUT 1 "full";
P_0x5c2b5c93a080 .param/l "depth" 0 5 3, +C4<00000000000000000000000000001000>;
P_0x5c2b5c93a0c0 .param/l "extended_pointer_width" 1 5 17, +C4<000000000000000000000000000000100>;
P_0x5c2b5c93a100 .param/l "pointer_width" 1 5 16, +C4<00000000000000000000000000000011>;
P_0x5c2b5c93a140 .param/l "width" 0 5 3, +C4<00000000000000000000000000001000>;
L_0x5c2b5c95bd80 .functor BUFZ 8, L_0x5c2b5c97f490, C4<00000000>, C4<00000000>, C4<00000000>;
L_0x5c2b5c95c0c0 .functor XOR 1, L_0x5c2b5c97f800, L_0x5c2b5c97f930, C4<0>, C4<0>;
L_0x5c2b5c9345f0 .functor AND 1, L_0x5c2b5c97f710, L_0x5c2b5c95c0c0, C4<1>, C4<1>;
v0x5c2b5c97da60_0 .net *"_ivl_12", 0 0, L_0x5c2b5c97f710;  1 drivers
v0x5c2b5c97db40_0 .net *"_ivl_15", 0 0, L_0x5c2b5c97f800;  1 drivers
v0x5c2b5c97dc20_0 .net *"_ivl_17", 0 0, L_0x5c2b5c97f930;  1 drivers
v0x5c2b5c97dd10_0 .net *"_ivl_18", 0 0, L_0x5c2b5c95c0c0;  1 drivers
v0x5c2b5c97ddd0_0 .net *"_ivl_4", 7 0, L_0x5c2b5c97f490;  1 drivers
v0x5c2b5c97df00_0 .net *"_ivl_6", 4 0, L_0x5c2b5c97f530;  1 drivers
L_0x75c310957018 .functor BUFT 1, C4<00>, C4<0>, C4<0>, C4<0>;
v0x5c2b5c97dfe0_0 .net *"_ivl_9", 1 0, L_0x75c310957018;  1 drivers
v0x5c2b5c97e0c0_0 .net "clk", 0 0, v0x5c2b5c97eb90_0;  alias, 1 drivers
v0x5c2b5c97e160 .array "data", 7 0, 7 0;
v0x5c2b5c97e200_0 .net "empty", 0 0, L_0x5c2b5c97fb60;  alias, 1 drivers
v0x5c2b5c97e2d0_0 .var "ext_rd_ptr", 3 0;
v0x5c2b5c97e390_0 .var "ext_wr_ptr", 3 0;
v0x5c2b5c97e470_0 .net "full", 0 0, L_0x5c2b5c9345f0;  alias, 1 drivers
v0x5c2b5c97e540_0 .net "pop", 0 0, v0x5c2b5c97ee50_0;  alias, 1 drivers
v0x5c2b5c97e610_0 .net "push", 0 0, v0x5c2b5c97ef40_0;  alias, 1 drivers
v0x5c2b5c97e6e0_0 .net "rd_ptr", 2 0, L_0x5c2b5c97f3f0;  1 drivers
v0x5c2b5c97e780_0 .net "read_data", 7 0, L_0x5c2b5c95bd80;  alias, 1 drivers
v0x5c2b5c97e850_0 .net "rst", 0 0, v0x5c2b5c97f170_0;  alias, 1 drivers
v0x5c2b5c97e920_0 .net "wr_ptr", 2 0, L_0x5c2b5c97f350;  1 drivers
v0x5c2b5c97e9c0_0 .net "write_data", 7 0, v0x5c2b5c97f260_0;  alias, 1 drivers
E_0x5c2b5c93e390 .event posedge, v0x5c2b5c97d2f0_0, v0x5c2b5c939ce0_0;
L_0x5c2b5c97f350 .part v0x5c2b5c97e390_0, 0, 3;
L_0x5c2b5c97f3f0 .part v0x5c2b5c97e2d0_0, 0, 3;
L_0x5c2b5c97f490 .array/port v0x5c2b5c97e160, L_0x5c2b5c97f530;
L_0x5c2b5c97f530 .concat [ 3 2 0 0], L_0x5c2b5c97f3f0, L_0x75c310957018;
L_0x5c2b5c97f710 .cmp/eq 3, L_0x5c2b5c97f3f0, L_0x5c2b5c97f350;
L_0x5c2b5c97f800 .part v0x5c2b5c97e2d0_0, 3, 1;
L_0x5c2b5c97f930 .part v0x5c2b5c97e390_0, 3, 1;
L_0x5c2b5c97fb60 .cmp/eq 4, v0x5c2b5c97e2d0_0, v0x5c2b5c97e390_0;
    .scope S_0x5c2b5c97d650;
T_0 ;
    %end;
    .thread T_0;
    .scope S_0x5c2b5c97d650;
T_1 ;
    %wait E_0x5c2b5c93e390;
    %load/vec4 v0x5c2b5c97e850_0;
    %flag_set/vec4 8;
    %jmp/0xz  T_1.0, 8;
    %pushi/vec4 0, 0, 4;
    %assign/vec4 v0x5c2b5c97e390_0, 0;
    %jmp T_1.1;
T_1.0 ;
    %load/vec4 v0x5c2b5c97e610_0;
    %flag_set/vec4 8;
    %jmp/0xz  T_1.2, 8;
    %load/vec4 v0x5c2b5c97e390_0;
    %addi 1, 0, 4;
    %assign/vec4 v0x5c2b5c97e390_0, 0;
T_1.2 ;
T_1.1 ;
    %jmp T_1;
    .thread T_1;
    .scope S_0x5c2b5c97d650;
T_2 ;
    %wait E_0x5c2b5c93e390;
    %load/vec4 v0x5c2b5c97e850_0;
    %flag_set/vec4 8;
    %jmp/0xz  T_2.0, 8;
    %pushi/vec4 0, 0, 4;
    %assign/vec4 v0x5c2b5c97e2d0_0, 0;
    %jmp T_2.1;
T_2.0 ;
    %load/vec4 v0x5c2b5c97e540_0;
    %flag_set/vec4 8;
    %jmp/0xz  T_2.2, 8;
    %load/vec4 v0x5c2b5c97e2d0_0;
    %addi 1, 0, 4;
    %assign/vec4 v0x5c2b5c97e2d0_0, 0;
T_2.2 ;
T_2.1 ;
    %jmp T_2;
    .thread T_2;
    .scope S_0x5c2b5c97d650;
T_3 ;
    %wait E_0x5c2b5c940540;
    %load/vec4 v0x5c2b5c97e610_0;
    %flag_set/vec4 8;
    %jmp/0xz  T_3.0, 8;
    %load/vec4 v0x5c2b5c97e9c0_0;
    %load/vec4 v0x5c2b5c97e920_0;
    %pad/u 5;
    %ix/vec4 3;
    %ix/load 4, 0, 0; Constant delay
    %assign/vec4/a/d v0x5c2b5c97e160, 0, 4;
T_3.0 ;
    %jmp T_3;
    .thread T_3;
    .scope S_0x5c2b5c97c930;
T_4 ;
    %pushi/vec4 0, 0, 1;
    %store/vec4 v0x5c2b5c97d3b0_0, 0, 1;
    %end;
    .thread T_4, $init;
    .scope S_0x5c2b5c97c930;
T_5 ;
    %wait E_0x5c2b5c940540;
    %load/vec4 v0x5c2b5c97d2f0_0;
    %flag_set/vec4 8;
    %jmp/0xz  T_5.0, 8;
    %ix/load 4, 0, 0;
    %null;
    %store/obj v0x5c2b5c97d170_0;
    %pushi/vec4 1, 0, 1;
    %store/vec4 v0x5c2b5c97d3b0_0, 0, 1;
    %jmp T_5.1;
T_5.0 ;
    %load/vec4 v0x5c2b5c97d3b0_0;
    %flag_set/vec4 8;
    %jmp/0xz  T_5.2, 8;
    %load/vec4 v0x5c2b5c97d060_0;
    %pad/u 32;
    %load/vec4 v0x5c2b5c959a70_0;
    %pad/u 32;
    %and;
    %load/vec4 v0x5c2b5c97cfa0_0;
    %pad/u 32;
    %pushi/vec4 1, 0, 32;
    %and;
    %inv;
    %and;
    %inv;
    %cmpi/ne 0, 0, 32;
    %jmp/0xz  T_5.4, 4;
    %jmp T_5.5;
T_5.4 ;
    %vpi_call/w 4 51 "$error" {0 0 0};
T_5.5 ;
    %load/vec4 v0x5c2b5c97cfa0_0;
    %load/vec4 v0x5c2b5c95a860_0;
    %and;
    %inv;
    %flag_set/vec4 8;
    %jmp/0xz  T_5.6, 8;
    %jmp T_5.7;
T_5.6 ;
    %vpi_call/w 4 52 "$error" {0 0 0};
T_5.7 ;
    %vpi_func 4 54 "$size" 32, v0x5c2b5c97d170_0 {0 0 0};
    %pushi/vec4 0, 0, 32;
    %cmp/e;
    %flag_get/vec4 4;
    %load/vec4 v0x5c2b5c95a860_0;
    %inv;
    %and;
    %inv;
    %flag_set/vec4 8;
    %jmp/0xz  T_5.8, 8;
    %jmp T_5.9;
T_5.8 ;
    %vpi_call/w 4 54 "$error" {0 0 0};
T_5.9 ;
    %vpi_func 4 55 "$size" 32, v0x5c2b5c97d170_0 {0 0 0};
    %pushi/vec4 8, 0, 32;
    %cmp/e;
    %flag_get/vec4 4;
    %load/vec4 v0x5c2b5c959a70_0;
    %inv;
    %and;
    %inv;
    %flag_set/vec4 8;
    %jmp/0xz  T_5.10, 8;
    %jmp T_5.11;
T_5.10 ;
    %vpi_call/w 4 55 "$error" {0 0 0};
T_5.11 ;
    %load/vec4 v0x5c2b5c95a860_0;
    %inv;
    %flag_set/vec4 10;
    %flag_get/vec4 10;
    %jmp/0 T_5.15, 10;
    %vpi_func 4 65 "$size" 32, v0x5c2b5c97d170_0 {0 0 0};
    %pushi/vec4 0, 0, 32;
    %cmp/ne;
    %flag_get/vec4 4;
    %and;
T_5.15;
    %flag_set/vec4 9;
    %flag_get/vec4 9;
    %jmp/0 T_5.14, 9;
    %load/vec4 v0x5c2b5c97d210_0;
    %ix/load 3, 0, 0;
    %flag_set/imm 4, 0;
    %load/dar/vec4 v0x5c2b5c97d170_0;
    %cmp/ne;
    %flag_get/vec4 4;
    %and;
T_5.14;
    %inv;
    %flag_set/vec4 8;
    %jmp/0xz  T_5.12, 8;
    %jmp T_5.13;
T_5.12 ;
    %vpi_call/w 4 64 "$error" {0 0 0};
T_5.13 ;
    %load/vec4 v0x5c2b5c97d060_0;
    %flag_set/vec4 8;
    %jmp/0xz  T_5.16, 8;
    %ix/load 4, 0, 0;
    %load/vec4 v0x5c2b5c97d470_0;
    %store/qb/v v0x5c2b5c97d170_0, 4, 8;
T_5.16 ;
    %load/vec4 v0x5c2b5c97cfa0_0;
    %pushi/vec4 0, 0, 32;
    %vpi_func 4 73 "$size" 32, v0x5c2b5c97d170_0 {0 0 0};
    %cmp/s;
    %flag_get/vec4 5;
    %and;
    %flag_set/vec4 8;
    %jmp/0xz  T_5.18, 8;
    %ix/load 3, 0, 0;
    %flag_set/imm 4, 0;
    %delete/elem v0x5c2b5c97d170_0;
T_5.18 ;
    %load/vec4 v0x5c2b5c97d060_0;
    %load/vec4 v0x5c2b5c97cfa0_0;
    %or;
    %flag_set/vec4 8;
    %jmp/0xz  T_5.20, 8;
    %load/vec4 v0x5c2b5c97d060_0;
    %flag_set/vec4 8;
    %jmp/0xz  T_5.22, 8;
    %vpi_call/w 4 88 "$write", "push %h", v0x5c2b5c97d470_0 {0 0 0};
    %jmp T_5.23;
T_5.22 ;
    %vpi_call/w 4 90 "$write", "       " {0 0 0};
T_5.23 ;
    %load/vec4 v0x5c2b5c97cfa0_0;
    %flag_set/vec4 8;
    %jmp/0xz  T_5.24, 8;
    %vpi_call/w 4 93 "$write", "  pop %h", v0x5c2b5c97d210_0 {0 0 0};
    %jmp T_5.25;
T_5.24 ;
    %vpi_call/w 4 95 "$write", "        " {0 0 0};
T_5.25 ;
    %load/vec4 v0x5c2b5c95a860_0;
    %flag_set/vec4 8;
    %jmp/0 T_5.26, 8;
    %pushi/vec4 1701671028, 0, 32; draw_string_vec4
    %pushi/vec4 121, 0, 8; draw_string_vec4
    %concat/vec4; draw_string_vec4
    %jmp/1 T_5.27, 8;
T_5.26 ; End of true expr.
    %pushi/vec4 538976288, 0, 32; draw_string_vec4
    %pushi/vec4 32, 0, 8; draw_string_vec4
    %concat/vec4; draw_string_vec4
    %jmp/0 T_5.27, 8;
 ; End of false expr.
    %blend;
T_5.27;
    %load/vec4 v0x5c2b5c959a70_0;
    %flag_set/vec4 8;
    %jmp/0 T_5.28, 8;
    %pushi/vec4 1718971500, 0, 32; draw_string_vec4
    %jmp/1 T_5.29, 8;
T_5.28 ; End of true expr.
    %pushi/vec4 538976288, 0, 32; draw_string_vec4
    %jmp/0 T_5.29, 8;
 ; End of false expr.
    %blend;
T_5.29;
    %vpi_call/w 4 97 "$write", "  %5s %4s", S<1,vec4,u40>, S<0,vec4,u32> {2 0 0};
    %vpi_call/w 4 101 "$write", " [" {0 0 0};
    %fork t_1, S_0x5c2b5c97ccb0;
    %jmp t_0;
    .scope S_0x5c2b5c97ccb0;
t_1 ;
    %pushi/vec4 0, 0, 32;
    %store/vec4 v0x5c2b5c935460_0, 0, 32;
T_5.30 ;
    %load/vec4 v0x5c2b5c935460_0;
    %vpi_func 4 103 "$size" 32, v0x5c2b5c97d170_0 {0 0 0};
    %cmp/s;
    %jmp/0xz T_5.31, 5;
    %vpi_func 4 104 "$size" 32, v0x5c2b5c97d170_0 {0 0 0};
    %load/vec4 v0x5c2b5c935460_0;
    %sub;
    %subi 1, 0, 32;
    %ix/vec4/s 3;
    %load/dar/vec4 v0x5c2b5c97d170_0;
    %vpi_call/w 4 104 "$write", " %h", S<0,vec4,u8> {1 0 0};
    ; show_stmt_assign_vector: Get l-value for compressed += operand
    %load/vec4 v0x5c2b5c935460_0;
    %pushi/vec4 1, 0, 32;
    %add;
    %cast2;
    %store/vec4 v0x5c2b5c935460_0, 0, 32;
    %jmp T_5.30;
T_5.31 ;
    %end;
    .scope S_0x5c2b5c97c930;
t_0 %join;
    %vpi_call/w 4 106 "$display", " ]" {0 0 0};
T_5.20 ;
T_5.2 ;
T_5.1 ;
    %jmp T_5;
    .thread T_5;
    .scope S_0x5c2b5c94b760;
T_6 ;
    %pushi/vec4 0, 0, 1;
    %store/vec4 v0x5c2b5c97eb90_0, 0, 1;
T_6.0 ;
    %delay 5, 0;
    %load/vec4 v0x5c2b5c97eb90_0;
    %inv;
    %store/vec4 v0x5c2b5c97eb90_0, 0, 1;
    %jmp T_6.0;
    %end;
    .thread T_6;
    .scope S_0x5c2b5c94b760;
T_7 ;
    %pushi/vec4 10000, 0, 32;
T_7.0 %dup/vec4;
    %pushi/vec4 0, 0, 32;
    %cmp/s;
    %jmp/1xz T_7.1, 5;
    %jmp/1 T_7.1, 4;
    %pushi/vec4 1, 0, 32;
    %sub;
    %wait E_0x5c2b5c940540;
    %jmp T_7.0;
T_7.1 ;
    %pop/vec4 1;
    %vpi_call/w 3 46 "$display", "Timeout!" {0 0 0};
    %vpi_call/w 3 47 "$finish" {0 0 0};
    %end;
    .thread T_7;
    .scope S_0x5c2b5c94b760;
T_8 ;
    %pushi/vec4 0, 0, 1;
    %assign/vec4 v0x5c2b5c97ef40_0, 0;
    %pushi/vec4 0, 0, 1;
    %assign/vec4 v0x5c2b5c97ee50_0, 0;
    %pushi/vec4 3, 0, 32;
T_8.0 %dup/vec4;
    %pushi/vec4 0, 0, 32;
    %cmp/s;
    %jmp/1xz T_8.1, 5;
    %jmp/1 T_8.1, 4;
    %pushi/vec4 1, 0, 32;
    %sub;
    %wait E_0x5c2b5c940540;
    %jmp T_8.0;
T_8.1 ;
    %pop/vec4 1;
    %pushi/vec4 1, 0, 1;
    %assign/vec4 v0x5c2b5c97f170_0, 0;
    %pushi/vec4 3, 0, 32;
T_8.2 %dup/vec4;
    %pushi/vec4 0, 0, 32;
    %cmp/s;
    %jmp/1xz T_8.3, 5;
    %jmp/1 T_8.3, 4;
    %pushi/vec4 1, 0, 32;
    %sub;
    %wait E_0x5c2b5c940540;
    %jmp T_8.2;
T_8.3 ;
    %pop/vec4 1;
    %pushi/vec4 0, 0, 1;
    %assign/vec4 v0x5c2b5c97f170_0, 0;
    %vpi_call/w 3 77 "$display", "*** Fill and empty" {0 0 0};
    %pushi/vec4 1, 0, 1;
    %assign/vec4 v0x5c2b5c97ef40_0, 0;
    %fork t_3, S_0x5c2b5c94b9e0;
    %jmp t_2;
    .scope S_0x5c2b5c94b9e0;
t_3 ;
    %pushi/vec4 0, 0, 32;
    %store/vec4 v0x5c2b5c95c260_0, 0, 32;
T_8.4 ;
    %load/vec4 v0x5c2b5c95c260_0;
    %cmpi/s 8, 0, 32;
    %jmp/0xz T_8.5, 5;
    %load/vec4 v0x5c2b5c95c260_0;
    %muli 16, 0, 32;
    %load/vec4 v0x5c2b5c95c260_0;
    %add;
    %pad/s 8;
    %assign/vec4 v0x5c2b5c97f260_0, 0;
    %wait E_0x5c2b5c940540;
    ; show_stmt_assign_vector: Get l-value for compressed += operand
    %load/vec4 v0x5c2b5c95c260_0;
    %pushi/vec4 1, 0, 32;
    %add;
    %cast2;
    %store/vec4 v0x5c2b5c95c260_0, 0, 32;
    %jmp T_8.4;
T_8.5 ;
    %end;
    .scope S_0x5c2b5c94b760;
t_2 %join;
    %pushi/vec4 0, 0, 1;
    %assign/vec4 v0x5c2b5c97ef40_0, 0;
    %pushi/vec4 1, 0, 1;
    %assign/vec4 v0x5c2b5c97ee50_0, 0;
    %pushi/vec4 8, 0, 32;
T_8.6 %dup/vec4;
    %pushi/vec4 0, 0, 32;
    %cmp/s;
    %jmp/1xz T_8.7, 5;
    %jmp/1 T_8.7, 4;
    %pushi/vec4 1, 0, 32;
    %sub;
    %wait E_0x5c2b5c940540;
    %jmp T_8.6;
T_8.7 ;
    %pop/vec4 1;
    %pushi/vec4 0, 0, 1;
    %assign/vec4 v0x5c2b5c97ee50_0, 0;
    %pushi/vec4 2, 0, 32;
T_8.8 %dup/vec4;
    %pushi/vec4 0, 0, 32;
    %cmp/s;
    %jmp/1xz T_8.9, 5;
    %jmp/1 T_8.9, 4;
    %pushi/vec4 1, 0, 32;
    %sub;
    %wait E_0x5c2b5c940540;
    %jmp T_8.8;
T_8.9 ;
    %pop/vec4 1;
    %vpi_call/w 3 98 "$display", "*** Fill half and run back-to-back, then empty" {0 0 0};
    %pushi/vec4 1, 0, 1;
    %assign/vec4 v0x5c2b5c97ef40_0, 0;
    %fork t_5, S_0x5c2b5c97c520;
    %jmp t_4;
    .scope S_0x5c2b5c97c520;
t_5 ;
    %pushi/vec4 0, 0, 32;
    %store/vec4 v0x5c2b5c934710_0, 0, 32;
T_8.10 ;
    %load/vec4 v0x5c2b5c934710_0;
    %cmpi/s 4, 0, 32;
    %jmp/0xz T_8.11, 5;
    %load/vec4 v0x5c2b5c934710_0;
    %muli 16, 0, 32;
    %load/vec4 v0x5c2b5c934710_0;
    %add;
    %pad/s 8;
    %assign/vec4 v0x5c2b5c97f260_0, 0;
    %wait E_0x5c2b5c940540;
    ; show_stmt_assign_vector: Get l-value for compressed += operand
    %load/vec4 v0x5c2b5c934710_0;
    %pushi/vec4 1, 0, 32;
    %add;
    %cast2;
    %store/vec4 v0x5c2b5c934710_0, 0, 32;
    %jmp T_8.10;
T_8.11 ;
    %end;
    .scope S_0x5c2b5c94b760;
t_4 %join;
    %pushi/vec4 1, 0, 1;
    %assign/vec4 v0x5c2b5c97ee50_0, 0;
    %pushi/vec4 5, 0, 32;
T_8.12 %dup/vec4;
    %pushi/vec4 0, 0, 32;
    %cmp/s;
    %jmp/1xz T_8.13, 5;
    %jmp/1 T_8.13, 4;
    %pushi/vec4 1, 0, 32;
    %sub;
    %fork t_7, S_0x5c2b5c97c710;
    %jmp t_6;
    .scope S_0x5c2b5c97c710;
t_7 ;
    %pushi/vec4 0, 0, 32;
    %store/vec4 v0x5c2b5c9347e0_0, 0, 32;
T_8.14 ;
    %load/vec4 v0x5c2b5c9347e0_0;
    %cmpi/s 8, 0, 32;
    %jmp/0xz T_8.15, 5;
    %load/vec4 v0x5c2b5c9347e0_0;
    %muli 16, 0, 32;
    %load/vec4 v0x5c2b5c9347e0_0;
    %add;
    %pad/s 8;
    %assign/vec4 v0x5c2b5c97f260_0, 0;
    %wait E_0x5c2b5c940540;
    ; show_stmt_assign_vector: Get l-value for compressed += operand
    %load/vec4 v0x5c2b5c9347e0_0;
    %pushi/vec4 1, 0, 32;
    %add;
    %cast2;
    %store/vec4 v0x5c2b5c9347e0_0, 0, 32;
    %jmp T_8.14;
T_8.15 ;
    %end;
    .scope S_0x5c2b5c94b760;
t_6 %join;
    %jmp T_8.12;
T_8.13 ;
    %pop/vec4 1;
    %pushi/vec4 0, 0, 1;
    %assign/vec4 v0x5c2b5c97ef40_0, 0;
T_8.16 ;
    %wait E_0x5c2b5c940540;
    %delay 1, 0;
    %load/vec4 v0x5c2b5c97ec50_0;
    %inv;
    %flag_set/vec4 8;
    %jmp/1 T_8.16, 8;
    %pushi/vec4 0, 0, 1;
    %assign/vec4 v0x5c2b5c97ee50_0, 0;
    %pushi/vec4 2, 0, 32;
T_8.17 %dup/vec4;
    %pushi/vec4 0, 0, 32;
    %cmp/s;
    %jmp/1xz T_8.18, 5;
    %jmp/1 T_8.18, 4;
    %pushi/vec4 1, 0, 32;
    %sub;
    %wait E_0x5c2b5c940540;
    %jmp T_8.17;
T_8.18 ;
    %pop/vec4 1;
    %vpi_call/w 3 131 "$display", "*** Randomized test" {0 0 0};
    %pushi/vec4 5, 0, 32;
T_8.19 %dup/vec4;
    %pushi/vec4 0, 0, 32;
    %cmp/s;
    %jmp/1xz T_8.20, 5;
    %jmp/1 T_8.20, 4;
    %pushi/vec4 1, 0, 32;
    %sub;
    %wait E_0x5c2b5c940540;
    %jmp T_8.19;
T_8.20 ;
    %pop/vec4 1;
    %pushi/vec4 100, 0, 32;
T_8.21 %dup/vec4;
    %pushi/vec4 0, 0, 32;
    %cmp/s;
    %jmp/1xz T_8.22, 5;
    %jmp/1 T_8.22, 4;
    %pushi/vec4 1, 0, 32;
    %sub;
    %wait E_0x5c2b5c940540;
    %delay 1, 0;
    %pushi/vec4 0, 0, 1;
    %assign/vec4 v0x5c2b5c97ee50_0, 0;
    %pushi/vec4 0, 0, 1;
    %assign/vec4 v0x5c2b5c97ef40_0, 0;
    %pushi/vec4 1, 0, 32;
    %load/vec4 v0x5c2b5c97ed60_0;
    %pad/u 32;
    %and;
    %vpi_func 3 145 "$urandom_range" 32, 32'sb00000000000000000000000000000001, 32'sb00000000000000000000000001100100 {0 0 0};
    %cmpi/u 40, 0, 32;
    %flag_get/vec4 4;
    %flag_get/vec4 5;
    %or;
    %pad/u 32;
    %and;
    %cmpi/ne 0, 0, 32;
    %jmp/0xz  T_8.23, 4;
    %pushi/vec4 1, 0, 1;
    %assign/vec4 v0x5c2b5c97ee50_0, 0;
    %pushi/vec4 1, 0, 1;
    %assign/vec4 v0x5c2b5c97ef40_0, 0;
    %vpi_func 3 150 "$urandom" 32 {0 0 0};
    %pad/u 8;
    %assign/vec4 v0x5c2b5c97f260_0, 0;
T_8.23 ;
    %load/vec4 v0x5c2b5c97ec50_0;
    %inv;
    %vpi_func 3 153 "$urandom_range" 32, 32'sb00000000000000000000000000000001, 32'sb00000000000000000000000001100100 {0 0 0};
    %cmpi/u 50, 0, 32;
    %flag_get/vec4 4;
    %flag_get/vec4 5;
    %or;
    %and;
    %flag_set/vec4 8;
    %jmp/0xz  T_8.25, 8;
    %pushi/vec4 1, 0, 1;
    %assign/vec4 v0x5c2b5c97ee50_0, 0;
T_8.25 ;
    %load/vec4 v0x5c2b5c97ed60_0;
    %inv;
    %vpi_func 3 156 "$urandom_range" 32, 32'sb00000000000000000000000000000001, 32'sb00000000000000000000000001100100 {0 0 0};
    %cmpi/u 60, 0, 32;
    %flag_get/vec4 4;
    %flag_get/vec4 5;
    %or;
    %and;
    %flag_set/vec4 8;
    %jmp/0xz  T_8.27, 8;
    %pushi/vec4 1, 0, 1;
    %assign/vec4 v0x5c2b5c97ef40_0, 0;
    %vpi_func 3 159 "$urandom" 32 {0 0 0};
    %pad/u 8;
    %assign/vec4 v0x5c2b5c97f260_0, 0;
T_8.27 ;
    %jmp T_8.21;
T_8.22 ;
    %pop/vec4 1;
    %vpi_call/w 3 165 "$display", "%s PASS", "./tb.sv" {0 0 0};
    %vpi_call/w 3 166 "$finish" {0 0 0};
    %end;
    .thread T_8;
# The file index is used to find the file name in the following table.
:file_names 6;
    "N/A";
    "<interactive>";
    "-";
    "./tb.sv";
    "./fifo_monitor.sv";
    "./ff_fifo_pow2_depth.sv";
